2025-01-28 12:25:02,026 INFO [background-preinit] org.hibernate.validator.internal.util.Version [21] HV000001: Hibernate Validator 8.0.1.Final
2025-01-28 12:25:02,074 INFO [main] org.springframework.boot.StartupInfoLogger [51] Starting AppanMasterServiceApplication using Java 23.0.1 with PID 24144 (D:\ZIP_File\AppanMasterService\AppanMasterService\target\classes started by gadeg in D:\ZIP_File\AppanMasterService\AppanMasterService)
2025-01-28 12:25:02,074 INFO [main] org.springframework.boot.SpringApplication [638] No active profile set, falling back to 1 default profile: "default"
2025-01-28 12:25:03,102 INFO [main] org.springframework.data.repository.config.RepositoryConfigurationDelegate [138] Bootstrapping Spring Data JPA repositories in DEFAULT mode.
2025-01-28 12:25:03,296 INFO [main] org.springframework.data.repository.config.RepositoryConfigurationDelegate [207] Finished Spring Data repository scanning in 185 ms. Found 75 JPA repository interfaces.
2025-01-28 12:25:04,484 INFO [main] org.springframework.boot.web.embedded.tomcat.TomcatWebServer [108] Tomcat initialized with port(s): 4143 (http)
2025-01-28 12:25:04,494 INFO [main] org.apache.juli.logging.DirectJDKLog [173] Initializing ProtocolHandler ["http-nio-4143"]
2025-01-28 12:25:04,500 INFO [main] org.apache.juli.logging.DirectJDKLog [173] Starting service [Tomcat]
2025-01-28 12:25:04,501 INFO [main] org.apache.juli.logging.DirectJDKLog [173] Starting Servlet engine: [Apache Tomcat/10.1.19]
2025-01-28 12:25:04,637 INFO [main] org.apache.juli.logging.DirectJDKLog [173] Initializing Spring embedded WebApplicationContext
2025-01-28 12:25:04,639 INFO [main] org.springframework.boot.web.servlet.context.ServletWebServerApplicationContext [291] Root WebApplicationContext: initialization completed in 2494 ms
2025-01-28 12:25:04,830 INFO [main] com.zaxxer.hikari.HikariDataSource [110] HikariPool - Starting...
2025-01-28 12:25:05,297 INFO [main] com.zaxxer.hikari.pool.HikariPool [565] HikariPool - Added connection org.postgresql.jdbc.PgConnection@55222ee9
2025-01-28 12:25:05,299 INFO [main] com.zaxxer.hikari.HikariDataSource [123] HikariPool - Start completed.
2025-01-28 12:25:05,358 INFO [main] org.hibernate.jpa.internal.util.LogHelper [31] HHH000204: Processing PersistenceUnitInfo [name: default]
2025-01-28 12:25:05,415 INFO [main] org.hibernate.Version [44] HHH000412: Hibernate ORM core version 6.2.22.Final
2025-01-28 12:25:05,417 INFO [main] org.hibernate.cfg.Environment [191] HHH000406: Using bytecode reflection optimizer
2025-01-28 12:25:05,725 INFO [main] org.springframework.orm.jpa.persistenceunit.SpringPersistenceUnitInfo [87] No LoadTimeWeaver setup: ignoring JPA class transformer
2025-01-28 12:25:05,782 WARN [main] org.hibernate.engine.jdbc.dialect.internal.DialectFactoryImpl [152] HHH90000025: PostgreSQLDialect does not need to be specified explicitly using 'hibernate.dialect' (remove the property setting and it will be selected by default)
2025-01-28 12:25:06,566 WARN [main] org.hibernate.mapping.RootClass [356] HHH000038: Composite-id class does not override equals(): com.appan.entity.PasswordHistoryId
2025-01-28 12:25:06,567 WARN [main] org.hibernate.mapping.RootClass [359] HHH000039: Composite-id class does not override hashCode(): com.appan.entity.PasswordHistoryId
2025-01-28 12:25:08,026 INFO [main] org.hibernate.engine.transaction.jta.platform.internal.JtaPlatformInitiator [55] HHH000489: No JTA platform available (set 'hibernate.transaction.jta.platform' to enable JTA platform integration)
2025-01-28 12:25:08,030 INFO [main] org.springframework.orm.jpa.AbstractEntityManagerFactoryBean [437] Initialized JPA EntityManagerFactory for persistence unit 'default'
2025-01-28 12:25:08,337 INFO [main] org.springframework.data.jpa.repository.query.QueryEnhancerFactory [48] Hibernate is in classpath; If applicable, HQL parser will be used.
2025-01-28 12:25:11,531 WARN [main] org.springframework.boot.autoconfigure.orm.jpa.JpaBaseConfiguration$JpaWebConfiguration [231] spring.jpa.open-in-view is enabled by default. Therefore, database queries may be performed during view rendering. Explicitly configure spring.jpa.open-in-view to disable this warning
2025-01-28 12:25:11,929 INFO [main] org.apache.juli.logging.DirectJDKLog [173] Starting ProtocolHandler ["http-nio-4143"]
2025-01-28 12:25:11,965 INFO [main] org.springframework.boot.web.embedded.tomcat.TomcatWebServer [220] Tomcat started on port(s): 4143 (http) with context path ''
2025-01-28 12:25:11,977 INFO [main] org.springframework.boot.StartupInfoLogger [57] Started AppanMasterServiceApplication in 10.215 seconds (process running for 10.665)
2025-01-28 12:25:25,127 INFO [http-nio-4143-exec-2] org.apache.juli.logging.DirectJDKLog [173] Initializing Spring DispatcherServlet 'dispatcherServlet'
2025-01-28 12:25:25,127 INFO [http-nio-4143-exec-2] org.springframework.web.servlet.FrameworkServlet [532] Initializing Servlet 'dispatcherServlet'
2025-01-28 12:25:25,130 INFO [http-nio-4143-exec-2] org.springframework.web.servlet.FrameworkServlet [554] Completed initialization in 1 ms
2025-01-28 12:25:25,167 INFO [http-nio-4143-exec-2] com.appan.planmaster.services.FetchCircleService [163] 

**************************** GET ALL CIRCLE CODE *************************************
2025-01-28 12:25:25,280 INFO [http-nio-4143-exec-2] com.appan.LoggingFilter [65] Request URI: /master/circle/allData
2025-01-28 12:25:25,281 INFO [http-nio-4143-exec-2] com.appan.LoggingFilter [66] Request Method: GET
2025-01-28 12:25:25,281 INFO [http-nio-4143-exec-2] com.appan.LoggingFilter [67] Request Headers: user-agent: PostmanRuntime/7.43.0, accept: */*, postman-token: ffa66c6c-4d7e-46d9-845f-68a50e84530d, host: localhost:4143, accept-encoding: gzip, deflate, br, connection: keep-alive, 
2025-01-28 12:25:25,281 INFO [http-nio-4143-exec-2] com.appan.LoggingFilter [68] Request Parameters: 
2025-01-28 12:25:25,284 INFO [http-nio-4143-exec-2] com.appan.LoggingFilter [69] Request Body: null
2025-01-28 12:25:25,285 INFO [http-nio-4143-exec-2] com.appan.LoggingFilter [72] Response Status: 200
2025-01-28 12:25:25,285 INFO [http-nio-4143-exec-2] com.appan.LoggingFilter [73] Response Headers: Vary: Origin, Vary: Origin, Vary: Origin, 
2025-01-28 12:25:25,287 INFO [http-nio-4143-exec-2] com.appan.LoggingFilter [74] Response Body: {"status":false,"message":"No circles found.","respCode":"01"}
2025-01-28 12:41:51,209 INFO [http-nio-4143-exec-4] com.appan.planmaster.services.FetchCircleService [163] 

**************************** GET ALL CIRCLE CODE *************************************
2025-01-28 12:41:51,217 WARN [http-nio-4143-exec-4] com.zaxxer.hikari.pool.PoolBase [179] HikariPool - Failed to validate connection org.postgresql.jdbc.PgConnection@55222ee9 (This connection has been closed.). Possibly consider using a shorter maxLifetime value.
2025-01-28 12:41:51,219 WARN [http-nio-4143-exec-4] com.zaxxer.hikari.pool.PoolBase [179] HikariPool - Failed to validate connection org.postgresql.jdbc.PgConnection@6b0f7e24 (This connection has been closed.). Possibly consider using a shorter maxLifetime value.
2025-01-28 12:41:51,336 INFO [http-nio-4143-exec-4] com.appan.LoggingFilter [65] Request URI: /master/circle/allData
2025-01-28 12:41:51,336 INFO [http-nio-4143-exec-4] com.appan.LoggingFilter [66] Request Method: GET
2025-01-28 12:41:51,336 INFO [http-nio-4143-exec-4] com.appan.LoggingFilter [67] Request Headers: user-agent: PostmanRuntime/7.43.0, accept: */*, postman-token: 419e3e95-1aa0-4f69-85ec-ebaf7e5234a0, host: localhost:4143, accept-encoding: gzip, deflate, br, connection: keep-alive, 
2025-01-28 12:41:51,336 INFO [http-nio-4143-exec-4] com.appan.LoggingFilter [68] Request Parameters: 
2025-01-28 12:41:51,336 INFO [http-nio-4143-exec-4] com.appan.LoggingFilter [69] Request Body: null
2025-01-28 12:41:51,337 INFO [http-nio-4143-exec-4] com.appan.LoggingFilter [72] Response Status: 200
2025-01-28 12:41:51,337 INFO [http-nio-4143-exec-4] com.appan.LoggingFilter [73] Response Headers: Vary: Origin, Vary: Origin, Vary: Origin, 
2025-01-28 12:41:51,337 INFO [http-nio-4143-exec-4] com.appan.LoggingFilter [74] Response Body: {"status":true,"message":"SUCCESS","respCode":"00","data":[{"id":2.0,"circleName":"Test","code":"none","circleCode1":"none","circleCode2":"none","circleCode3":"none","status":"Active","createdBy":"OMKAR01","createdDt":"28-01-2025 09:34:27","modifyBy":"OMKAR01","modifyDt":"28-01-2025 11:38:30","authStatus":"4"}]}
2025-01-28 15:19:31,339 INFO [background-preinit] org.hibernate.validator.internal.util.Version [21] HV000001: Hibernate Validator 8.0.1.Final
2025-01-28 15:19:31,398 INFO [main] org.springframework.boot.StartupInfoLogger [51] Starting AppanMasterServiceApplication using Java 23.0.1 with PID 6756 (D:\ZIP_File\AppanMasterService\AppanMasterService\target\classes started by gadeg in D:\ZIP_File\AppanMasterService\AppanMasterService)
2025-01-28 15:19:31,399 INFO [main] org.springframework.boot.SpringApplication [638] No active profile set, falling back to 1 default profile: "default"
2025-01-28 15:19:32,774 INFO [main] org.springframework.data.repository.config.RepositoryConfigurationDelegate [138] Bootstrapping Spring Data JPA repositories in DEFAULT mode.
2025-01-28 15:19:33,155 INFO [main] org.springframework.data.repository.config.RepositoryConfigurationDelegate [207] Finished Spring Data repository scanning in 372 ms. Found 75 JPA repository interfaces.
2025-01-28 15:19:35,412 INFO [main] org.springframework.boot.web.embedded.tomcat.TomcatWebServer [108] Tomcat initialized with port(s): 4143 (http)
2025-01-28 15:19:35,445 INFO [main] org.apache.juli.logging.DirectJDKLog [173] Initializing ProtocolHandler ["http-nio-4143"]
2025-01-28 15:19:35,453 INFO [main] org.apache.juli.logging.DirectJDKLog [173] Starting service [Tomcat]
2025-01-28 15:19:35,454 INFO [main] org.apache.juli.logging.DirectJDKLog [173] Starting Servlet engine: [Apache Tomcat/10.1.19]
2025-01-28 15:19:35,809 INFO [main] org.apache.juli.logging.DirectJDKLog [173] Initializing Spring embedded WebApplicationContext
2025-01-28 15:19:35,811 INFO [main] org.springframework.boot.web.servlet.context.ServletWebServerApplicationContext [291] Root WebApplicationContext: initialization completed in 4346 ms
2025-01-28 15:19:36,227 INFO [main] com.zaxxer.hikari.HikariDataSource [110] HikariPool - Starting...
2025-01-28 15:19:37,063 INFO [main] com.zaxxer.hikari.pool.HikariPool [565] HikariPool - Added connection org.postgresql.jdbc.PgConnection@3cf55e0c
2025-01-28 15:19:37,065 INFO [main] com.zaxxer.hikari.HikariDataSource [123] HikariPool - Start completed.
2025-01-28 15:19:37,355 INFO [main] org.hibernate.jpa.internal.util.LogHelper [31] HHH000204: Processing PersistenceUnitInfo [name: default]
2025-01-28 15:19:37,497 INFO [main] org.hibernate.Version [44] HHH000412: Hibernate ORM core version 6.2.22.Final
2025-01-28 15:19:37,501 INFO [main] org.hibernate.cfg.Environment [191] HHH000406: Using bytecode reflection optimizer
2025-01-28 15:19:37,887 INFO [main] org.springframework.orm.jpa.persistenceunit.SpringPersistenceUnitInfo [87] No LoadTimeWeaver setup: ignoring JPA class transformer
2025-01-28 15:19:37,977 WARN [main] org.hibernate.engine.jdbc.dialect.internal.DialectFactoryImpl [152] HHH90000025: PostgreSQLDialect does not need to be specified explicitly using 'hibernate.dialect' (remove the property setting and it will be selected by default)
2025-01-28 15:19:39,579 WARN [main] org.hibernate.mapping.RootClass [356] HHH000038: Composite-id class does not override equals(): com.appan.entity.PasswordHistoryId
2025-01-28 15:19:39,581 WARN [main] org.hibernate.mapping.RootClass [359] HHH000039: Composite-id class does not override hashCode(): com.appan.entity.PasswordHistoryId
2025-01-28 15:19:42,073 INFO [main] org.hibernate.engine.transaction.jta.platform.internal.JtaPlatformInitiator [55] HHH000489: No JTA platform available (set 'hibernate.transaction.jta.platform' to enable JTA platform integration)
2025-01-28 15:19:42,080 INFO [main] org.springframework.orm.jpa.AbstractEntityManagerFactoryBean [437] Initialized JPA EntityManagerFactory for persistence unit 'default'
2025-01-28 15:19:42,787 INFO [main] org.springframework.data.jpa.repository.query.QueryEnhancerFactory [48] Hibernate is in classpath; If applicable, HQL parser will be used.
2025-01-28 15:19:50,999 WARN [main] org.springframework.boot.autoconfigure.orm.jpa.JpaBaseConfiguration$JpaWebConfiguration [231] spring.jpa.open-in-view is enabled by default. Therefore, database queries may be performed during view rendering. Explicitly configure spring.jpa.open-in-view to disable this warning
2025-01-28 15:19:51,921 INFO [main] org.apache.juli.logging.DirectJDKLog [173] Starting ProtocolHandler ["http-nio-4143"]
2025-01-28 15:19:51,977 INFO [main] org.springframework.boot.web.embedded.tomcat.TomcatWebServer [220] Tomcat started on port(s): 4143 (http) with context path ''
2025-01-28 15:19:51,996 INFO [main] org.springframework.boot.StartupInfoLogger [57] Started AppanMasterServiceApplication in 21.028 seconds (process running for 21.648)
2025-01-28 15:36:46,326 INFO [background-preinit] org.hibernate.validator.internal.util.Version [21] HV000001: Hibernate Validator 8.0.1.Final
2025-01-28 15:36:46,360 INFO [main] org.springframework.boot.StartupInfoLogger [51] Starting AppanMasterServiceApplication using Java 23.0.1 with PID 17312 (D:\ZIP_File\AppanMasterService\AppanMasterService\target\classes started by gadeg in D:\ZIP_File\AppanMasterService\AppanMasterService)
2025-01-28 15:36:46,360 INFO [main] org.springframework.boot.SpringApplication [638] No active profile set, falling back to 1 default profile: "default"
2025-01-28 15:36:47,175 INFO [main] org.springframework.data.repository.config.RepositoryConfigurationDelegate [138] Bootstrapping Spring Data JPA repositories in DEFAULT mode.
2025-01-28 15:36:47,364 INFO [main] org.springframework.data.repository.config.RepositoryConfigurationDelegate [207] Finished Spring Data repository scanning in 183 ms. Found 75 JPA repository interfaces.
2025-01-28 15:36:48,514 INFO [main] org.springframework.boot.web.embedded.tomcat.TomcatWebServer [108] Tomcat initialized with port(s): 4143 (http)
2025-01-28 15:36:48,520 INFO [main] org.apache.juli.logging.DirectJDKLog [173] Initializing ProtocolHandler ["http-nio-4143"]
2025-01-28 15:36:48,523 INFO [main] org.apache.juli.logging.DirectJDKLog [173] Starting service [Tomcat]
2025-01-28 15:36:48,523 INFO [main] org.apache.juli.logging.DirectJDKLog [173] Starting Servlet engine: [Apache Tomcat/10.1.19]
2025-01-28 15:36:48,635 INFO [main] org.apache.juli.logging.DirectJDKLog [173] Initializing Spring embedded WebApplicationContext
2025-01-28 15:36:48,636 INFO [main] org.springframework.boot.web.servlet.context.ServletWebServerApplicationContext [291] Root WebApplicationContext: initialization completed in 2225 ms
2025-01-28 15:36:48,803 INFO [main] com.zaxxer.hikari.HikariDataSource [110] HikariPool - Starting...
2025-01-28 15:36:49,195 INFO [main] com.zaxxer.hikari.pool.HikariPool [565] HikariPool - Added connection org.postgresql.jdbc.PgConnection@ee96866
2025-01-28 15:36:49,196 INFO [main] com.zaxxer.hikari.HikariDataSource [123] HikariPool - Start completed.
2025-01-28 15:36:49,226 INFO [main] org.hibernate.jpa.internal.util.LogHelper [31] HHH000204: Processing PersistenceUnitInfo [name: default]
2025-01-28 15:36:49,256 INFO [main] org.hibernate.Version [44] HHH000412: Hibernate ORM core version 6.2.22.Final
2025-01-28 15:36:49,259 INFO [main] org.hibernate.cfg.Environment [191] HHH000406: Using bytecode reflection optimizer
2025-01-28 15:36:49,461 INFO [main] org.springframework.orm.jpa.persistenceunit.SpringPersistenceUnitInfo [87] No LoadTimeWeaver setup: ignoring JPA class transformer
2025-01-28 15:36:49,507 WARN [main] org.hibernate.engine.jdbc.dialect.internal.DialectFactoryImpl [152] HHH90000025: PostgreSQLDialect does not need to be specified explicitly using 'hibernate.dialect' (remove the property setting and it will be selected by default)
2025-01-28 15:36:50,111 WARN [main] org.hibernate.mapping.RootClass [356] HHH000038: Composite-id class does not override equals(): com.appan.entity.PasswordHistoryId
2025-01-28 15:36:50,112 WARN [main] org.hibernate.mapping.RootClass [359] HHH000039: Composite-id class does not override hashCode(): com.appan.entity.PasswordHistoryId
2025-01-28 15:36:51,332 INFO [main] org.hibernate.engine.transaction.jta.platform.internal.JtaPlatformInitiator [55] HHH000489: No JTA platform available (set 'hibernate.transaction.jta.platform' to enable JTA platform integration)
2025-01-28 15:36:51,334 INFO [main] org.springframework.orm.jpa.AbstractEntityManagerFactoryBean [437] Initialized JPA EntityManagerFactory for persistence unit 'default'
2025-01-28 15:36:51,666 INFO [main] org.springframework.data.jpa.repository.query.QueryEnhancerFactory [48] Hibernate is in classpath; If applicable, HQL parser will be used.
2025-01-28 15:36:54,698 WARN [main] org.springframework.boot.autoconfigure.orm.jpa.JpaBaseConfiguration$JpaWebConfiguration [231] spring.jpa.open-in-view is enabled by default. Therefore, database queries may be performed during view rendering. Explicitly configure spring.jpa.open-in-view to disable this warning
2025-01-28 15:36:54,986 INFO [main] org.apache.juli.logging.DirectJDKLog [173] Starting ProtocolHandler ["http-nio-4143"]
2025-01-28 15:36:55,015 INFO [main] org.springframework.boot.web.embedded.tomcat.TomcatWebServer [220] Tomcat started on port(s): 4143 (http) with context path ''
2025-01-28 15:36:55,024 INFO [main] org.springframework.boot.StartupInfoLogger [57] Started AppanMasterServiceApplication in 8.919 seconds (process running for 9.321)
2025-01-28 15:37:00,983 INFO [http-nio-4143-exec-2] org.apache.juli.logging.DirectJDKLog [173] Initializing Spring DispatcherServlet 'dispatcherServlet'
2025-01-28 15:37:00,983 INFO [http-nio-4143-exec-2] org.springframework.web.servlet.FrameworkServlet [532] Initializing Servlet 'dispatcherServlet'
2025-01-28 15:37:00,985 INFO [http-nio-4143-exec-2] org.springframework.web.servlet.FrameworkServlet [554] Completed initialization in 2 ms
2025-01-28 15:37:01,256 INFO [http-nio-4143-exec-2] com.appan.LoggingFilter [65] Request URI: /master/UserManagement/pendingKyc
2025-01-28 15:37:01,256 INFO [http-nio-4143-exec-2] com.appan.LoggingFilter [66] Request Method: POST
2025-01-28 15:37:01,256 INFO [http-nio-4143-exec-2] com.appan.LoggingFilter [67] Request Headers: content-type: application/json, user-agent: PostmanRuntime/7.43.0, accept: */*, postman-token: 9e82079f-e778-412b-85a0-4041643ebb56, host: localhost:4143, accept-encoding: gzip, deflate, br, connection: keep-alive, content-length: 111, 
2025-01-28 15:37:01,256 INFO [http-nio-4143-exec-2] com.appan.LoggingFilter [68] Request Parameters: 
2025-01-28 15:37:01,260 INFO [http-nio-4143-exec-2] com.appan.LoggingFilter [69] Request Body: {"username":"system","profile":"Admin","status":"Active","kycStatus":"Submitted"}
2025-01-28 15:37:01,261 INFO [http-nio-4143-exec-2] com.appan.LoggingFilter [72] Response Status: 200
2025-01-28 15:37:01,261 INFO [http-nio-4143-exec-2] com.appan.LoggingFilter [73] Response Headers: Vary: Origin, Vary: Origin, Vary: Origin, 
2025-01-28 15:37:01,261 INFO [http-nio-4143-exec-2] com.appan.LoggingFilter [74] Response Body: {"status":false,"message":"record not found.","respCode":"01"}
2025-01-28 15:37:07,876 INFO [http-nio-4143-exec-3] com.appan.LoggingFilter [65] Request URI: /master/UserManagement/pendingKyc
2025-01-28 15:37:07,877 INFO [http-nio-4143-exec-3] com.appan.LoggingFilter [66] Request Method: POST
2025-01-28 15:37:07,877 INFO [http-nio-4143-exec-3] com.appan.LoggingFilter [67] Request Headers: content-type: application/json, user-agent: PostmanRuntime/7.43.0, accept: */*, postman-token: 6033cec7-c656-4b25-9f05-584ff7a7872e, host: localhost:4143, accept-encoding: gzip, deflate, br, connection: keep-alive, content-length: 91, 
2025-01-28 15:37:07,877 INFO [http-nio-4143-exec-3] com.appan.LoggingFilter [68] Request Parameters: 
2025-01-28 15:37:07,877 INFO [http-nio-4143-exec-3] com.appan.LoggingFilter [69] Request Body: {"username":"system","profile":"","status":"","kycStatus":""}
2025-01-28 15:37:07,877 INFO [http-nio-4143-exec-3] com.appan.LoggingFilter [72] Response Status: 200
2025-01-28 15:37:07,877 INFO [http-nio-4143-exec-3] com.appan.LoggingFilter [73] Response Headers: Vary: Origin, Vary: Origin, Vary: Origin, 
2025-01-28 15:37:07,878 INFO [http-nio-4143-exec-3] com.appan.LoggingFilter [74] Response Body: {"status":true,"message":"SUCCESS","respCode":"00","data":[{"id":55.0,"userId":"DIS000007","userType":"Area Distributor","code":"AD","entityType":"Proprietor","fullName":"Shubhamjbeihe","mobileNumber":"9022578776","emailId":"yetr@gmail.com","address":"tehey","profile":"Area Distributor A","parent":"AD000004","pincode":"400604","state":"GUJRAT G","city":"Barwala","blockPo":"Khan Market Block","firmShopName":"test","businessAddress":"test","idProof":"Passport","bankVerification":"BankAccount","accountHolderName":"shubha","bankName":"AXEL BANK","ifsc":"AAAA0BBBBBB","accountNumber":"7687687687","bankAccountUploadFile":"http://43.205.14.208:8093/app/image?docPath\u003duser/kyc/\u0026id\u003d55\u0026fileName\u003dbank_account.png","addressProof":"Aadhar","aadharFrontUploadFile":"http://43.205.14.208:8093/app/image?docPath\u003duser/kyc/\u0026id\u003d55\u0026fileName\u003daadhar_front.png","aadharBackUploadFile":"http://43.205.14.208:8093/app/image?docPath\u003duser/kyc/\u0026id\u003d55\u0026fileName\u003daadhar_back.png","aadharNo":"999999999999","userAgreement":true,"kycStatus":"Submitted","createdBy":"SHUBHAM","createdDt":"23-01-2025 03:45:52","status":"Active","isMobileVerified":false,"isEmailVerified":false,"parentId":"AD000004","parentName":"Shubham shinde","pancardNo":"","passportNumber":"KJUHO9999J"},{"id":44.0,"userId":"MDS000005","userType":"Master Distributor","code":"ORG001","entityType":"Proprietor","fullName":"New User","mobileNumber":"9876543210","emailId":"newuser@example.com","address":"123 Main Street, Cityville","profile":"Basic","parent":"ParentOrg","pincode":"123456","state":"StateName","city":"CityName","blockPo":"BlockA","kycStatus":"Submitted","createdBy":"SYSTEM","createdDt":"23-01-2025 12:05:05","status":"Active","isMobileVerified":false,"isEmailVerified":false,"parentId":"PARENT001","parentName":"Parent Organization"}],"pageDetails":{"pageNo":1.0,"totalRecords":2.0,"noOfPages":1.0,"pageSize":10.0}}
2025-01-28 15:37:20,195 INFO [http-nio-4143-exec-4] com.appan.LoggingFilter [65] Request URI: /master/UserManagement/pendingKyc
2025-01-28 15:37:20,195 INFO [http-nio-4143-exec-4] com.appan.LoggingFilter [66] Request Method: POST
2025-01-28 15:37:20,195 INFO [http-nio-4143-exec-4] com.appan.LoggingFilter [67] Request Headers: content-type: application/json, user-agent: PostmanRuntime/7.43.0, accept: */*, postman-token: d5ddc353-cadf-4dcd-8932-f358e08b7e91, host: localhost:4143, accept-encoding: gzip, deflate, br, connection: keep-alive, content-length: 109, 
2025-01-28 15:37:20,195 INFO [http-nio-4143-exec-4] com.appan.LoggingFilter [68] Request Parameters: 
2025-01-28 15:37:20,196 INFO [http-nio-4143-exec-4] com.appan.LoggingFilter [69] Request Body: {"username":"system","profile":"Area Distributor A","status":"","kycStatus":""}
2025-01-28 15:37:20,196 INFO [http-nio-4143-exec-4] com.appan.LoggingFilter [72] Response Status: 200
2025-01-28 15:37:20,196 INFO [http-nio-4143-exec-4] com.appan.LoggingFilter [73] Response Headers: Vary: Origin, Vary: Origin, Vary: Origin, 
2025-01-28 15:37:20,196 INFO [http-nio-4143-exec-4] com.appan.LoggingFilter [74] Response Body: {"status":true,"message":"SUCCESS","respCode":"00","data":[{"id":55.0,"userId":"DIS000007","userType":"Area Distributor","code":"AD","entityType":"Proprietor","fullName":"Shubhamjbeihe","mobileNumber":"9022578776","emailId":"yetr@gmail.com","address":"tehey","profile":"Area Distributor A","parent":"AD000004","pincode":"400604","state":"GUJRAT G","city":"Barwala","blockPo":"Khan Market Block","firmShopName":"test","businessAddress":"test","idProof":"Passport","bankVerification":"BankAccount","accountHolderName":"shubha","bankName":"AXEL BANK","ifsc":"AAAA0BBBBBB","accountNumber":"7687687687","bankAccountUploadFile":"http://43.205.14.208:8093/app/image?docPath\u003duser/kyc/\u0026id\u003d55\u0026fileName\u003dbank_account.png","addressProof":"Aadhar","aadharFrontUploadFile":"http://43.205.14.208:8093/app/image?docPath\u003duser/kyc/\u0026id\u003d55\u0026fileName\u003daadhar_front.png","aadharBackUploadFile":"http://43.205.14.208:8093/app/image?docPath\u003duser/kyc/\u0026id\u003d55\u0026fileName\u003daadhar_back.png","aadharNo":"999999999999","userAgreement":true,"kycStatus":"Submitted","createdBy":"SHUBHAM","createdDt":"23-01-2025 03:45:52","status":"Active","isMobileVerified":false,"isEmailVerified":false,"parentId":"AD000004","parentName":"Shubham shinde","pancardNo":"","passportNumber":"KJUHO9999J"}],"pageDetails":{"pageNo":1.0,"totalRecords":1.0,"noOfPages":1.0,"pageSize":10.0}}
2025-01-28 15:55:58,405 INFO [background-preinit] org.hibernate.validator.internal.util.Version [21] HV000001: Hibernate Validator 8.0.1.Final
2025-01-28 15:55:58,440 INFO [main] org.springframework.boot.StartupInfoLogger [51] Starting AppanMasterServiceApplication using Java 23.0.1 with PID 30056 (D:\ZIP_File\AppanMasterService\AppanMasterService\target\classes started by gadeg in D:\ZIP_File\AppanMasterService\AppanMasterService)
2025-01-28 15:55:58,440 INFO [main] org.springframework.boot.SpringApplication [638] No active profile set, falling back to 1 default profile: "default"
2025-01-28 15:55:59,253 INFO [main] org.springframework.data.repository.config.RepositoryConfigurationDelegate [138] Bootstrapping Spring Data JPA repositories in DEFAULT mode.
2025-01-28 15:55:59,461 INFO [main] org.springframework.data.repository.config.RepositoryConfigurationDelegate [207] Finished Spring Data repository scanning in 203 ms. Found 75 JPA repository interfaces.
2025-01-28 15:56:00,614 INFO [main] org.springframework.boot.web.embedded.tomcat.TomcatWebServer [108] Tomcat initialized with port(s): 4143 (http)
2025-01-28 15:56:00,623 INFO [main] org.apache.juli.logging.DirectJDKLog [173] Initializing ProtocolHandler ["http-nio-4143"]
2025-01-28 15:56:00,626 INFO [main] org.apache.juli.logging.DirectJDKLog [173] Starting service [Tomcat]
2025-01-28 15:56:00,627 INFO [main] org.apache.juli.logging.DirectJDKLog [173] Starting Servlet engine: [Apache Tomcat/10.1.19]
2025-01-28 15:56:00,761 INFO [main] org.apache.juli.logging.DirectJDKLog [173] Initializing Spring embedded WebApplicationContext
2025-01-28 15:56:00,762 INFO [main] org.springframework.boot.web.servlet.context.ServletWebServerApplicationContext [291] Root WebApplicationContext: initialization completed in 2272 ms
2025-01-28 15:56:00,926 INFO [main] com.zaxxer.hikari.HikariDataSource [110] HikariPool - Starting...
2025-01-28 15:56:01,300 INFO [main] com.zaxxer.hikari.pool.HikariPool [565] HikariPool - Added connection org.postgresql.jdbc.PgConnection@4f64d9cb
2025-01-28 15:56:01,302 INFO [main] com.zaxxer.hikari.HikariDataSource [123] HikariPool - Start completed.
2025-01-28 15:56:01,335 INFO [main] org.hibernate.jpa.internal.util.LogHelper [31] HHH000204: Processing PersistenceUnitInfo [name: default]
2025-01-28 15:56:01,370 INFO [main] org.hibernate.Version [44] HHH000412: Hibernate ORM core version 6.2.22.Final
2025-01-28 15:56:01,372 INFO [main] org.hibernate.cfg.Environment [191] HHH000406: Using bytecode reflection optimizer
2025-01-28 15:56:01,570 INFO [main] org.springframework.orm.jpa.persistenceunit.SpringPersistenceUnitInfo [87] No LoadTimeWeaver setup: ignoring JPA class transformer
2025-01-28 15:56:01,608 WARN [main] org.hibernate.engine.jdbc.dialect.internal.DialectFactoryImpl [152] HHH90000025: PostgreSQLDialect does not need to be specified explicitly using 'hibernate.dialect' (remove the property setting and it will be selected by default)
2025-01-28 15:56:02,193 WARN [main] org.hibernate.mapping.RootClass [356] HHH000038: Composite-id class does not override equals(): com.appan.entity.PasswordHistoryId
2025-01-28 15:56:02,194 WARN [main] org.hibernate.mapping.RootClass [359] HHH000039: Composite-id class does not override hashCode(): com.appan.entity.PasswordHistoryId
2025-01-28 15:56:03,279 INFO [main] org.hibernate.engine.transaction.jta.platform.internal.JtaPlatformInitiator [55] HHH000489: No JTA platform available (set 'hibernate.transaction.jta.platform' to enable JTA platform integration)
2025-01-28 15:56:03,282 INFO [main] org.springframework.orm.jpa.AbstractEntityManagerFactoryBean [437] Initialized JPA EntityManagerFactory for persistence unit 'default'
2025-01-28 15:56:03,541 INFO [main] org.springframework.data.jpa.repository.query.QueryEnhancerFactory [48] Hibernate is in classpath; If applicable, HQL parser will be used.
2025-01-28 15:56:06,646 WARN [main] org.springframework.boot.autoconfigure.orm.jpa.JpaBaseConfiguration$JpaWebConfiguration [231] spring.jpa.open-in-view is enabled by default. Therefore, database queries may be performed during view rendering. Explicitly configure spring.jpa.open-in-view to disable this warning
2025-01-28 15:56:07,022 INFO [main] org.apache.juli.logging.DirectJDKLog [173] Starting ProtocolHandler ["http-nio-4143"]
2025-01-28 15:56:07,041 INFO [main] org.springframework.boot.web.embedded.tomcat.TomcatWebServer [220] Tomcat started on port(s): 4143 (http) with context path ''
2025-01-28 15:56:07,051 INFO [main] org.springframework.boot.StartupInfoLogger [57] Started AppanMasterServiceApplication in 8.879 seconds (process running for 9.273)
2025-01-28 15:57:25,074 INFO [http-nio-4143-exec-3] org.apache.juli.logging.DirectJDKLog [173] Initializing Spring DispatcherServlet 'dispatcherServlet'
2025-01-28 15:57:25,074 INFO [http-nio-4143-exec-3] org.springframework.web.servlet.FrameworkServlet [532] Initializing Servlet 'dispatcherServlet'
2025-01-28 15:57:25,076 INFO [http-nio-4143-exec-3] org.springframework.web.servlet.FrameworkServlet [554] Completed initialization in 2 ms
2025-01-28 15:57:25,267 INFO [http-nio-4143-exec-3] com.appan.LoggingFilter [65] Request URI: /master/circleseries/create
2025-01-28 15:57:25,268 INFO [http-nio-4143-exec-3] com.appan.LoggingFilter [66] Request Method: POST
2025-01-28 15:57:25,268 INFO [http-nio-4143-exec-3] com.appan.LoggingFilter [67] Request Headers: content-type: application/json, user-agent: PostmanRuntime/7.43.0, accept: */*, postman-token: 26029356-090c-4436-99a7-fb8067c2fbba, host: localhost:4143, accept-encoding: gzip, deflate, br, connection: keep-alive, content-length: 209, 
2025-01-28 15:57:25,268 INFO [http-nio-4143-exec-3] com.appan.LoggingFilter [68] Request Parameters: 
2025-01-28 15:57:25,271 INFO [http-nio-4143-exec-3] com.appan.LoggingFilter [69] Request Body: {"username":"JohnDoe","numberPrefix":"123","circleName":"North Circle","operatorName":"Operator X","isUpdate":true,"isCalledForUpdate":true,"status":"active"}
2025-01-28 15:57:25,271 INFO [http-nio-4143-exec-3] com.appan.LoggingFilter [72] Response Status: 200
2025-01-28 15:57:25,272 INFO [http-nio-4143-exec-3] com.appan.LoggingFilter [73] Response Headers: Vary: Origin, Vary: Origin, Vary: Origin, 
2025-01-28 15:57:25,272 INFO [http-nio-4143-exec-3] com.appan.LoggingFilter [74] Response Body: {"status":false,"message":"Invalid username.","respCode":"01","data":{}}
2025-01-28 15:57:30,581 INFO [http-nio-4143-exec-1] com.appan.LoggingFilter [65] Request URI: /master/circleseries/create
2025-01-28 15:57:30,582 INFO [http-nio-4143-exec-1] com.appan.LoggingFilter [66] Request Method: POST
2025-01-28 15:57:30,582 INFO [http-nio-4143-exec-1] com.appan.LoggingFilter [67] Request Headers: content-type: application/json, user-agent: PostmanRuntime/7.43.0, accept: */*, postman-token: 157641ca-cee1-4185-9f23-0b5e786853a4, host: localhost:4143, accept-encoding: gzip, deflate, br, connection: keep-alive, content-length: 208, 
2025-01-28 15:57:30,582 INFO [http-nio-4143-exec-1] com.appan.LoggingFilter [68] Request Parameters: 
2025-01-28 15:57:30,582 INFO [http-nio-4143-exec-1] com.appan.LoggingFilter [69] Request Body: {"username":"system","numberPrefix":"123","circleName":"North Circle","operatorName":"Operator X","isUpdate":true,"isCalledForUpdate":true,"status":"active"}
2025-01-28 15:57:30,582 INFO [http-nio-4143-exec-1] com.appan.LoggingFilter [72] Response Status: 200
2025-01-28 15:57:30,582 INFO [http-nio-4143-exec-1] com.appan.LoggingFilter [73] Response Headers: Vary: Origin, Vary: Origin, Vary: Origin, 
2025-01-28 15:57:30,582 INFO [http-nio-4143-exec-1] com.appan.LoggingFilter [74] Response Body: {"status":true,"message":"Circle Series created successfully.","respCode":"00","data":{}}
2025-01-28 15:59:47,761 INFO [http-nio-4143-exec-9] com.appan.planmaster.services.FetchCircleSeriesService [44] **************************** FETCH CIRCLE SERIES *************************************
2025-01-28 15:59:47,822 INFO [http-nio-4143-exec-9] com.appan.LoggingFilter [65] Request URI: /master/circleseries/fetch
2025-01-28 15:59:47,823 INFO [http-nio-4143-exec-9] com.appan.LoggingFilter [66] Request Method: POST
2025-01-28 15:59:47,823 INFO [http-nio-4143-exec-9] com.appan.LoggingFilter [67] Request Headers: content-type: application/json, user-agent: PostmanRuntime/7.43.0, accept: */*, postman-token: 7a5d97a7-7a3a-4b85-8379-c59a3821c142, host: localhost:4143, accept-encoding: gzip, deflate, br, connection: keep-alive, content-length: 70, 
2025-01-28 15:59:47,823 INFO [http-nio-4143-exec-9] com.appan.LoggingFilter [68] Request Parameters: 
2025-01-28 15:59:47,823 INFO [http-nio-4143-exec-9] com.appan.LoggingFilter [69] Request Body: {"username":"system"}
2025-01-28 15:59:47,823 INFO [http-nio-4143-exec-9] com.appan.LoggingFilter [72] Response Status: 200
2025-01-28 15:59:47,823 INFO [http-nio-4143-exec-9] com.appan.LoggingFilter [73] Response Headers: Vary: Origin, Vary: Origin, Vary: Origin, 
2025-01-28 15:59:47,825 INFO [http-nio-4143-exec-9] com.appan.LoggingFilter [74] Response Body: {"status":true,"message":"SUCCESS","respCode":"00","data":[{"id":11.0,"numberPrefix":"Test","circleName":"Test2","operatorName":"Account summary report","isUpdate":true,"isCalledForUpdate":true,"status":"Inactive","createdBy":"OMKAR01","createdDt":"28-01-2025 03:59:33","authStatus":"4"},{"id":10.0,"numberPrefix":"123","circleName":"North Circle","operatorName":"Operator X","isUpdate":true,"isCalledForUpdate":true,"status":"active","createdBy":"SYSTEM","createdDt":"28-01-2025 03:57:30","authStatus":"4"}],"pageDetails":{"pageNo":1.0,"totalRecords":2.0,"noOfPages":1.0,"pageSize":10.0}}
2025-01-28 16:00:08,808 INFO [http-nio-4143-exec-8] com.appan.planmaster.services.FetchCircleSeriesService [44] **************************** FETCH CIRCLE SERIES *************************************
2025-01-28 16:00:08,847 INFO [http-nio-4143-exec-8] com.appan.LoggingFilter [65] Request URI: /master/circleseries/fetch
2025-01-28 16:00:08,848 INFO [http-nio-4143-exec-8] com.appan.LoggingFilter [66] Request Method: POST
2025-01-28 16:00:08,848 INFO [http-nio-4143-exec-8] com.appan.LoggingFilter [67] Request Headers: content-type: application/json, user-agent: PostmanRuntime/7.43.0, accept: */*, postman-token: 3198f871-d2d4-4408-9495-c2349c5b2495, host: localhost:4143, accept-encoding: gzip, deflate, br, connection: keep-alive, content-length: 70, 
2025-01-28 16:00:08,848 INFO [http-nio-4143-exec-8] com.appan.LoggingFilter [68] Request Parameters: 
2025-01-28 16:00:08,848 INFO [http-nio-4143-exec-8] com.appan.LoggingFilter [69] Request Body: {"username":"system"}
2025-01-28 16:00:08,848 INFO [http-nio-4143-exec-8] com.appan.LoggingFilter [72] Response Status: 200
2025-01-28 16:00:08,848 INFO [http-nio-4143-exec-8] com.appan.LoggingFilter [73] Response Headers: Vary: Origin, Vary: Origin, Vary: Origin, 
2025-01-28 16:00:08,848 INFO [http-nio-4143-exec-8] com.appan.LoggingFilter [74] Response Body: {"status":true,"message":"SUCCESS","respCode":"00","data":[{"id":11.0,"numberPrefix":"Test","circleName":"Test2","operatorName":"Account summary report","isUpdate":true,"isCalledForUpdate":true,"status":"Active","createdBy":"OMKAR01","createdDt":"28-01-2025 03:59:33","modifyBy":"OMKAR01","modifyDt":"28-01-2025 04:00:01","authStatus":"4"},{"id":10.0,"numberPrefix":"123","circleName":"North Circle","operatorName":"Operator X","isUpdate":true,"isCalledForUpdate":true,"status":"Inactive","createdBy":"SYSTEM","createdDt":"28-01-2025 03:57:30","modifyBy":"OMKAR01","modifyDt":"28-01-2025 04:00:06","authStatus":"4"}],"pageDetails":{"pageNo":1.0,"totalRecords":2.0,"noOfPages":1.0,"pageSize":10.0}}
2025-01-28 17:18:45,246 INFO [background-preinit] org.hibernate.validator.internal.util.Version [21] HV000001: Hibernate Validator 8.0.1.Final
2025-01-28 17:18:45,292 INFO [main] org.springframework.boot.StartupInfoLogger [51] Starting AppanMasterServiceApplication using Java 23.0.1 with PID 13380 (D:\ZIP_File\AppanMasterService\AppanMasterService\target\classes started by gadeg in D:\ZIP_File\AppanMasterService\AppanMasterService)
2025-01-28 17:18:45,293 INFO [main] org.springframework.boot.SpringApplication [638] No active profile set, falling back to 1 default profile: "default"
2025-01-28 17:18:46,233 INFO [main] org.springframework.data.repository.config.RepositoryConfigurationDelegate [138] Bootstrapping Spring Data JPA repositories in DEFAULT mode.
2025-01-28 17:18:46,441 INFO [main] org.springframework.data.repository.config.RepositoryConfigurationDelegate [207] Finished Spring Data repository scanning in 201 ms. Found 75 JPA repository interfaces.
2025-01-28 17:18:47,678 INFO [main] org.springframework.boot.web.embedded.tomcat.TomcatWebServer [108] Tomcat initialized with port(s): 4143 (http)
2025-01-28 17:18:47,692 INFO [main] org.apache.juli.logging.DirectJDKLog [173] Initializing ProtocolHandler ["http-nio-4143"]
2025-01-28 17:18:47,695 INFO [main] org.apache.juli.logging.DirectJDKLog [173] Starting service [Tomcat]
2025-01-28 17:18:47,695 INFO [main] org.apache.juli.logging.DirectJDKLog [173] Starting Servlet engine: [Apache Tomcat/10.1.19]
2025-01-28 17:18:47,822 INFO [main] org.apache.juli.logging.DirectJDKLog [173] Initializing Spring embedded WebApplicationContext
2025-01-28 17:18:47,824 INFO [main] org.springframework.boot.web.servlet.context.ServletWebServerApplicationContext [291] Root WebApplicationContext: initialization completed in 2469 ms
2025-01-28 17:18:48,014 INFO [main] com.zaxxer.hikari.HikariDataSource [110] HikariPool - Starting...
2025-01-28 17:18:48,564 INFO [main] com.zaxxer.hikari.pool.HikariPool [565] HikariPool - Added connection org.postgresql.jdbc.PgConnection@639c7f9c
2025-01-28 17:18:48,568 INFO [main] com.zaxxer.hikari.HikariDataSource [123] HikariPool - Start completed.
2025-01-28 17:18:48,652 INFO [main] org.hibernate.jpa.internal.util.LogHelper [31] HHH000204: Processing PersistenceUnitInfo [name: default]
2025-01-28 17:18:48,695 INFO [main] org.hibernate.Version [44] HHH000412: Hibernate ORM core version 6.2.22.Final
2025-01-28 17:18:48,697 INFO [main] org.hibernate.cfg.Environment [191] HHH000406: Using bytecode reflection optimizer
2025-01-28 17:18:48,930 INFO [main] org.springframework.orm.jpa.persistenceunit.SpringPersistenceUnitInfo [87] No LoadTimeWeaver setup: ignoring JPA class transformer
2025-01-28 17:18:49,219 WARN [main] org.hibernate.engine.jdbc.dialect.internal.DialectFactoryImpl [152] HHH90000025: PostgreSQLDialect does not need to be specified explicitly using 'hibernate.dialect' (remove the property setting and it will be selected by default)
2025-01-28 17:18:49,786 WARN [main] org.hibernate.mapping.RootClass [356] HHH000038: Composite-id class does not override equals(): com.appan.entity.PasswordHistoryId
2025-01-28 17:18:49,787 WARN [main] org.hibernate.mapping.RootClass [359] HHH000039: Composite-id class does not override hashCode(): com.appan.entity.PasswordHistoryId
2025-01-28 17:18:50,808 INFO [main] org.hibernate.engine.transaction.jta.platform.internal.JtaPlatformInitiator [55] HHH000489: No JTA platform available (set 'hibernate.transaction.jta.platform' to enable JTA platform integration)
2025-01-28 17:18:50,810 INFO [main] org.springframework.orm.jpa.AbstractEntityManagerFactoryBean [437] Initialized JPA EntityManagerFactory for persistence unit 'default'
2025-01-28 17:18:51,092 INFO [main] org.springframework.data.jpa.repository.query.QueryEnhancerFactory [48] Hibernate is in classpath; If applicable, HQL parser will be used.
2025-01-28 17:18:53,834 WARN [main] org.springframework.boot.autoconfigure.orm.jpa.JpaBaseConfiguration$JpaWebConfiguration [231] spring.jpa.open-in-view is enabled by default. Therefore, database queries may be performed during view rendering. Explicitly configure spring.jpa.open-in-view to disable this warning
2025-01-28 17:18:54,164 INFO [main] org.apache.juli.logging.DirectJDKLog [173] Starting ProtocolHandler ["http-nio-4143"]
2025-01-28 17:18:54,190 INFO [main] org.springframework.boot.web.embedded.tomcat.TomcatWebServer [220] Tomcat started on port(s): 4143 (http) with context path ''
2025-01-28 17:18:54,201 INFO [main] org.springframework.boot.StartupInfoLogger [57] Started AppanMasterServiceApplication in 9.175 seconds (process running for 9.592)
2025-01-28 21:14:10,979 INFO [background-preinit] org.hibernate.validator.internal.util.Version [21] HV000001: Hibernate Validator 8.0.1.Final
2025-01-28 21:14:11,031 INFO [main] org.springframework.boot.StartupInfoLogger [51] Starting AppanMasterServiceApplication using Java 23.0.1 with PID 18352 (D:\ZIP_File\AppanMasterService\AppanMasterService\target\classes started by gadeg in D:\ZIP_File\AppanMasterService\AppanMasterService)
2025-01-28 21:14:11,032 INFO [main] org.springframework.boot.SpringApplication [638] No active profile set, falling back to 1 default profile: "default"
2025-01-28 21:14:12,421 INFO [main] org.springframework.data.repository.config.RepositoryConfigurationDelegate [138] Bootstrapping Spring Data JPA repositories in DEFAULT mode.
2025-01-28 21:14:12,680 INFO [main] org.springframework.data.repository.config.RepositoryConfigurationDelegate [207] Finished Spring Data repository scanning in 249 ms. Found 75 JPA repository interfaces.
2025-01-28 21:14:14,302 INFO [main] org.springframework.boot.web.embedded.tomcat.TomcatWebServer [108] Tomcat initialized with port(s): 4143 (http)
2025-01-28 21:14:14,312 INFO [main] org.apache.juli.logging.DirectJDKLog [173] Initializing ProtocolHandler ["http-nio-4143"]
2025-01-28 21:14:14,315 INFO [main] org.apache.juli.logging.DirectJDKLog [173] Starting service [Tomcat]
2025-01-28 21:14:14,315 INFO [main] org.apache.juli.logging.DirectJDKLog [173] Starting Servlet engine: [Apache Tomcat/10.1.19]
2025-01-28 21:14:14,453 INFO [main] org.apache.juli.logging.DirectJDKLog [173] Initializing Spring embedded WebApplicationContext
2025-01-28 21:14:14,455 INFO [main] org.springframework.boot.web.servlet.context.ServletWebServerApplicationContext [291] Root WebApplicationContext: initialization completed in 3349 ms
2025-01-28 21:14:14,696 INFO [main] com.zaxxer.hikari.HikariDataSource [110] HikariPool - Starting...
2025-01-28 21:14:16,677 INFO [main] com.zaxxer.hikari.pool.HikariPool [565] HikariPool - Added connection org.postgresql.jdbc.PgConnection@270d5060
2025-01-28 21:14:16,680 INFO [main] com.zaxxer.hikari.HikariDataSource [123] HikariPool - Start completed.
2025-01-28 21:14:16,748 INFO [main] org.hibernate.jpa.internal.util.LogHelper [31] HHH000204: Processing PersistenceUnitInfo [name: default]
2025-01-28 21:14:16,797 INFO [main] org.hibernate.Version [44] HHH000412: Hibernate ORM core version 6.2.22.Final
2025-01-28 21:14:16,800 INFO [main] org.hibernate.cfg.Environment [191] HHH000406: Using bytecode reflection optimizer
2025-01-28 21:14:17,103 INFO [main] org.springframework.orm.jpa.persistenceunit.SpringPersistenceUnitInfo [87] No LoadTimeWeaver setup: ignoring JPA class transformer
2025-01-28 21:14:17,348 WARN [main] org.hibernate.engine.jdbc.dialect.internal.DialectFactoryImpl [152] HHH90000025: PostgreSQLDialect does not need to be specified explicitly using 'hibernate.dialect' (remove the property setting and it will be selected by default)
2025-01-28 21:14:18,354 WARN [main] org.hibernate.mapping.RootClass [356] HHH000038: Composite-id class does not override equals(): com.appan.entity.PasswordHistoryId
2025-01-28 21:14:18,355 WARN [main] org.hibernate.mapping.RootClass [359] HHH000039: Composite-id class does not override hashCode(): com.appan.entity.PasswordHistoryId
2025-01-28 21:14:19,975 INFO [main] org.hibernate.engine.transaction.jta.platform.internal.JtaPlatformInitiator [55] HHH000489: No JTA platform available (set 'hibernate.transaction.jta.platform' to enable JTA platform integration)
2025-01-28 21:14:19,978 INFO [main] org.springframework.orm.jpa.AbstractEntityManagerFactoryBean [437] Initialized JPA EntityManagerFactory for persistence unit 'default'
2025-01-28 21:14:20,411 INFO [main] org.springframework.data.jpa.repository.query.QueryEnhancerFactory [48] Hibernate is in classpath; If applicable, HQL parser will be used.
2025-01-28 21:14:24,288 WARN [main] org.springframework.boot.autoconfigure.orm.jpa.JpaBaseConfiguration$JpaWebConfiguration [231] spring.jpa.open-in-view is enabled by default. Therefore, database queries may be performed during view rendering. Explicitly configure spring.jpa.open-in-view to disable this warning
2025-01-28 21:14:24,754 INFO [main] org.apache.juli.logging.DirectJDKLog [173] Starting ProtocolHandler ["http-nio-4143"]
2025-01-28 21:14:24,800 INFO [main] org.springframework.boot.web.embedded.tomcat.TomcatWebServer [220] Tomcat started on port(s): 4143 (http) with context path ''
2025-01-28 21:14:24,815 INFO [main] org.springframework.boot.StartupInfoLogger [57] Started AppanMasterServiceApplication in 14.271 seconds (process running for 14.877)
2025-01-28 21:14:39,175 INFO [http-nio-4143-exec-2] org.apache.juli.logging.DirectJDKLog [173] Initializing Spring DispatcherServlet 'dispatcherServlet'
2025-01-28 21:14:39,177 INFO [http-nio-4143-exec-2] org.springframework.web.servlet.FrameworkServlet [532] Initializing Servlet 'dispatcherServlet'
2025-01-28 21:14:39,182 INFO [http-nio-4143-exec-2] org.springframework.web.servlet.FrameworkServlet [554] Completed initialization in 4 ms
2025-01-28 21:14:39,472 INFO [http-nio-4143-exec-2] com.appan.usermanagement.services.GetParentDetailsService [96] Fetching all user type data without filters
2025-01-28 21:14:40,088 INFO [http-nio-4143-exec-2] com.appan.LoggingFilter [65] Request URI: /master/UserManagement/getUserType
2025-01-28 21:14:40,088 INFO [http-nio-4143-exec-2] com.appan.LoggingFilter [66] Request Method: POST
2025-01-28 21:14:40,088 INFO [http-nio-4143-exec-2] com.appan.LoggingFilter [67] Request Headers: content-type: application/json, user-agent: PostmanRuntime/7.43.0, accept: */*, postman-token: fb0b7ad9-eaf3-4224-9663-4b0de59cc24e, host: localhost:4143, accept-encoding: gzip, deflate, br, connection: keep-alive, content-length: 74, 
2025-01-28 21:14:40,092 INFO [http-nio-4143-exec-2] com.appan.LoggingFilter [68] Request Parameters: 
2025-01-28 21:14:40,105 INFO [http-nio-4143-exec-2] com.appan.LoggingFilter [69] Request Body: {"username":"HARSHALA03","userType":"Administrator"}
2025-01-28 21:14:40,105 INFO [http-nio-4143-exec-2] com.appan.LoggingFilter [72] Response Status: 200
2025-01-28 21:14:40,105 INFO [http-nio-4143-exec-2] com.appan.LoggingFilter [73] Response Headers: Vary: Origin, Vary: Origin, Vary: Origin, 
2025-01-28 21:14:40,108 INFO [http-nio-4143-exec-2] com.appan.LoggingFilter [74] Response Body: {"status":true,"message":"SUCCESS","respCode":"00","data":[{"userType":"White Label"},{"userType":"Master Distributor"},{"userType":"Area Distributor"},{"userType":"Retailer"},{"userType":"Test"}]}
