2025-01-27 14:03:21,360 INFO [background-preinit] org.hibernate.validator.internal.util.Version [21] HV000001: Hibernate Validator 8.0.1.Final
2025-01-27 14:03:21,402 INFO [main] org.springframework.boot.StartupInfoLogger [51] Starting AppanMasterServiceApplication using Java 23.0.1 with PID 7812 (D:\ZIP_File\AppanMasterService\AppanMasterService\target\classes started by gadeg in D:\ZIP_File\AppanMasterService\AppanMasterService)
2025-01-27 14:03:21,403 INFO [main] org.springframework.boot.SpringApplication [638] No active profile set, falling back to 1 default profile: "default"
2025-01-27 14:03:22,247 INFO [main] org.springframework.data.repository.config.RepositoryConfigurationDelegate [138] Bootstrapping Spring Data JPA repositories in DEFAULT mode.
2025-01-27 14:03:22,437 INFO [main] org.springframework.data.repository.config.RepositoryConfigurationDelegate [207] Finished Spring Data repository scanning in 178 ms. Found 74 JPA repository interfaces.
2025-01-27 14:03:23,643 INFO [main] org.springframework.boot.web.embedded.tomcat.TomcatWebServer [108] Tomcat initialized with port(s): 4143 (http)
2025-01-27 14:03:23,652 INFO [main] org.apache.juli.logging.DirectJDKLog [173] Initializing ProtocolHandler ["http-nio-4143"]
2025-01-27 14:03:23,656 INFO [main] org.apache.juli.logging.DirectJDKLog [173] Starting service [Tomcat]
2025-01-27 14:03:23,656 INFO [main] org.apache.juli.logging.DirectJDKLog [173] Starting Servlet engine: [Apache Tomcat/10.1.19]
2025-01-27 14:03:23,786 INFO [main] org.apache.juli.logging.DirectJDKLog [173] Initializing Spring embedded WebApplicationContext
2025-01-27 14:03:23,791 INFO [main] org.springframework.boot.web.servlet.context.ServletWebServerApplicationContext [291] Root WebApplicationContext: initialization completed in 2328 ms
2025-01-27 14:03:23,971 INFO [main] com.zaxxer.hikari.HikariDataSource [110] HikariPool - Starting...
2025-01-27 14:03:24,371 INFO [main] com.zaxxer.hikari.pool.HikariPool [565] HikariPool - Added connection org.postgresql.jdbc.PgConnection@44dd0d38
2025-01-27 14:03:24,372 INFO [main] com.zaxxer.hikari.HikariDataSource [123] HikariPool - Start completed.
2025-01-27 14:03:24,410 INFO [main] org.hibernate.jpa.internal.util.LogHelper [31] HHH000204: Processing PersistenceUnitInfo [name: default]
2025-01-27 14:03:24,456 INFO [main] org.hibernate.Version [44] HHH000412: Hibernate ORM core version 6.2.22.Final
2025-01-27 14:03:24,458 INFO [main] org.hibernate.cfg.Environment [191] HHH000406: Using bytecode reflection optimizer
2025-01-27 14:03:24,711 INFO [main] org.springframework.orm.jpa.persistenceunit.SpringPersistenceUnitInfo [87] No LoadTimeWeaver setup: ignoring JPA class transformer
2025-01-27 14:03:24,756 WARN [main] org.hibernate.engine.jdbc.dialect.internal.DialectFactoryImpl [152] HHH90000025: PostgreSQLDialect does not need to be specified explicitly using 'hibernate.dialect' (remove the property setting and it will be selected by default)
2025-01-27 14:03:25,340 WARN [main] org.hibernate.mapping.RootClass [356] HHH000038: Composite-id class does not override equals(): com.appan.entity.PasswordHistoryId
2025-01-27 14:03:25,341 WARN [main] org.hibernate.mapping.RootClass [359] HHH000039: Composite-id class does not override hashCode(): com.appan.entity.PasswordHistoryId
2025-01-27 14:03:26,410 INFO [main] org.hibernate.engine.transaction.jta.platform.internal.JtaPlatformInitiator [55] HHH000489: No JTA platform available (set 'hibernate.transaction.jta.platform' to enable JTA platform integration)
2025-01-27 14:03:26,413 INFO [main] org.springframework.orm.jpa.AbstractEntityManagerFactoryBean [437] Initialized JPA EntityManagerFactory for persistence unit 'default'
2025-01-27 14:03:26,683 INFO [main] org.springframework.data.jpa.repository.query.QueryEnhancerFactory [48] Hibernate is in classpath; If applicable, HQL parser will be used.
2025-01-27 14:03:29,590 WARN [main] org.springframework.boot.autoconfigure.orm.jpa.JpaBaseConfiguration$JpaWebConfiguration [231] spring.jpa.open-in-view is enabled by default. Therefore, database queries may be performed during view rendering. Explicitly configure spring.jpa.open-in-view to disable this warning
2025-01-27 14:03:29,874 INFO [main] org.apache.juli.logging.DirectJDKLog [173] Starting ProtocolHandler ["http-nio-4143"]
2025-01-27 14:03:29,894 INFO [main] org.springframework.boot.web.embedded.tomcat.TomcatWebServer [220] Tomcat started on port(s): 4143 (http) with context path ''
2025-01-27 14:03:29,902 INFO [main] org.springframework.boot.StartupInfoLogger [57] Started AppanMasterServiceApplication in 8.802 seconds (process running for 9.241)
2025-01-27 14:03:39,047 INFO [http-nio-4143-exec-2] org.apache.juli.logging.DirectJDKLog [173] Initializing Spring DispatcherServlet 'dispatcherServlet'
2025-01-27 14:03:39,047 INFO [http-nio-4143-exec-2] org.springframework.web.servlet.FrameworkServlet [532] Initializing Servlet 'dispatcherServlet'
2025-01-27 14:03:39,050 INFO [http-nio-4143-exec-2] org.springframework.web.servlet.FrameworkServlet [554] Completed initialization in 1 ms
2025-01-27 14:03:39,850 INFO [http-nio-4143-exec-2] com.appan.LoggingFilter [65] Request URI: /master/usertype/create
2025-01-27 14:03:39,851 INFO [http-nio-4143-exec-2] com.appan.LoggingFilter [66] Request Method: POST
2025-01-27 14:03:39,851 INFO [http-nio-4143-exec-2] com.appan.LoggingFilter [67] Request Headers: content-type: application/json, user-agent: PostmanRuntime/7.43.0, accept: */*, postman-token: de4778fe-0905-4ce3-bf46-d7084a037bb6, host: localhost:4143, accept-encoding: gzip, deflate, br, connection: keep-alive, content-length: 243, 
2025-01-27 14:03:39,851 INFO [http-nio-4143-exec-2] com.appan.LoggingFilter [68] Request Parameters: 
2025-01-27 14:03:39,855 INFO [http-nio-4143-exec-2] com.appan.LoggingFilter [69] Request Body: {"username":"system","userType":"Administrator","userRank":0.0,"userCode":"SAM","description":"Administrator","isUser":false,"isAllow":false,"isCommission":false,"status":"Active"}
2025-01-27 14:03:39,856 INFO [http-nio-4143-exec-2] com.appan.LoggingFilter [72] Response Status: 200
2025-01-27 14:03:39,856 INFO [http-nio-4143-exec-2] com.appan.LoggingFilter [73] Response Headers: Vary: Origin, Vary: Origin, Vary: Origin, 
2025-01-27 14:03:39,856 INFO [http-nio-4143-exec-2] com.appan.LoggingFilter [74] Response Body: {"status":false,"message":"UserType with the same userType and userCode already exists.","respCode":"01","data":{}}
2025-01-27 14:42:59,245 INFO [background-preinit] org.hibernate.validator.internal.util.Version [21] HV000001: Hibernate Validator 8.0.1.Final
2025-01-27 14:42:59,281 INFO [main] org.springframework.boot.StartupInfoLogger [51] Starting AppanMasterServiceApplication using Java 23.0.1 with PID 7728 (D:\ZIP_File\AppanMasterService\AppanMasterService\target\classes started by gadeg in D:\ZIP_File\AppanMasterService\AppanMasterService)
2025-01-27 14:42:59,283 INFO [main] org.springframework.boot.SpringApplication [638] No active profile set, falling back to 1 default profile: "default"
2025-01-27 14:43:00,146 INFO [main] org.springframework.data.repository.config.RepositoryConfigurationDelegate [138] Bootstrapping Spring Data JPA repositories in DEFAULT mode.
2025-01-27 14:43:00,334 INFO [main] org.springframework.data.repository.config.RepositoryConfigurationDelegate [207] Finished Spring Data repository scanning in 183 ms. Found 74 JPA repository interfaces.
2025-01-27 14:43:01,416 INFO [main] org.springframework.boot.web.embedded.tomcat.TomcatWebServer [108] Tomcat initialized with port(s): 4143 (http)
2025-01-27 14:43:01,424 INFO [main] org.apache.juli.logging.DirectJDKLog [173] Initializing ProtocolHandler ["http-nio-4143"]
2025-01-27 14:43:01,427 INFO [main] org.apache.juli.logging.DirectJDKLog [173] Starting service [Tomcat]
2025-01-27 14:43:01,428 INFO [main] org.apache.juli.logging.DirectJDKLog [173] Starting Servlet engine: [Apache Tomcat/10.1.19]
2025-01-27 14:43:01,549 INFO [main] org.apache.juli.logging.DirectJDKLog [173] Initializing Spring embedded WebApplicationContext
2025-01-27 14:43:01,555 INFO [main] org.springframework.boot.web.servlet.context.ServletWebServerApplicationContext [291] Root WebApplicationContext: initialization completed in 2216 ms
2025-01-27 14:43:01,746 INFO [main] com.zaxxer.hikari.HikariDataSource [110] HikariPool - Starting...
2025-01-27 14:43:02,149 INFO [main] com.zaxxer.hikari.pool.HikariPool [565] HikariPool - Added connection org.postgresql.jdbc.PgConnection@60b616c8
2025-01-27 14:43:02,150 INFO [main] com.zaxxer.hikari.HikariDataSource [123] HikariPool - Start completed.
2025-01-27 14:43:02,186 INFO [main] org.hibernate.jpa.internal.util.LogHelper [31] HHH000204: Processing PersistenceUnitInfo [name: default]
2025-01-27 14:43:02,219 INFO [main] org.hibernate.Version [44] HHH000412: Hibernate ORM core version 6.2.22.Final
2025-01-27 14:43:02,222 INFO [main] org.hibernate.cfg.Environment [191] HHH000406: Using bytecode reflection optimizer
2025-01-27 14:43:02,407 INFO [main] org.springframework.orm.jpa.persistenceunit.SpringPersistenceUnitInfo [87] No LoadTimeWeaver setup: ignoring JPA class transformer
2025-01-27 14:43:02,441 WARN [main] org.hibernate.engine.jdbc.dialect.internal.DialectFactoryImpl [152] HHH90000025: PostgreSQLDialect does not need to be specified explicitly using 'hibernate.dialect' (remove the property setting and it will be selected by default)
2025-01-27 14:43:03,073 WARN [main] org.hibernate.mapping.RootClass [356] HHH000038: Composite-id class does not override equals(): com.appan.entity.PasswordHistoryId
2025-01-27 14:43:03,075 WARN [main] org.hibernate.mapping.RootClass [359] HHH000039: Composite-id class does not override hashCode(): com.appan.entity.PasswordHistoryId
2025-01-27 14:43:04,154 INFO [main] org.hibernate.engine.transaction.jta.platform.internal.JtaPlatformInitiator [55] HHH000489: No JTA platform available (set 'hibernate.transaction.jta.platform' to enable JTA platform integration)
2025-01-27 14:43:04,157 INFO [main] org.springframework.orm.jpa.AbstractEntityManagerFactoryBean [437] Initialized JPA EntityManagerFactory for persistence unit 'default'
2025-01-27 14:43:04,424 INFO [main] org.springframework.data.jpa.repository.query.QueryEnhancerFactory [48] Hibernate is in classpath; If applicable, HQL parser will be used.
2025-01-27 14:43:07,457 WARN [main] org.springframework.boot.autoconfigure.orm.jpa.JpaBaseConfiguration$JpaWebConfiguration [231] spring.jpa.open-in-view is enabled by default. Therefore, database queries may be performed during view rendering. Explicitly configure spring.jpa.open-in-view to disable this warning
2025-01-27 14:43:07,838 INFO [main] org.apache.juli.logging.DirectJDKLog [173] Starting ProtocolHandler ["http-nio-4143"]
2025-01-27 14:43:07,865 INFO [main] org.springframework.boot.web.embedded.tomcat.TomcatWebServer [220] Tomcat started on port(s): 4143 (http) with context path ''
2025-01-27 14:43:07,878 INFO [main] org.springframework.boot.StartupInfoLogger [57] Started AppanMasterServiceApplication in 8.851 seconds (process running for 9.242)
2025-01-27 14:44:11,597 INFO [http-nio-4143-exec-6] org.apache.juli.logging.DirectJDKLog [173] Initializing Spring DispatcherServlet 'dispatcherServlet'
2025-01-27 14:44:11,598 INFO [http-nio-4143-exec-6] org.springframework.web.servlet.FrameworkServlet [532] Initializing Servlet 'dispatcherServlet'
2025-01-27 14:44:11,599 INFO [http-nio-4143-exec-6] org.springframework.web.servlet.FrameworkServlet [554] Completed initialization in 1 ms
2025-01-27 14:44:12,039 INFO [http-nio-4143-exec-6] com.appan.LoggingFilter [65] Request URI: /master/UserManagement/createNewUser
2025-01-27 14:44:12,040 INFO [http-nio-4143-exec-6] com.appan.LoggingFilter [66] Request Method: POST
2025-01-27 14:44:12,040 INFO [http-nio-4143-exec-6] com.appan.LoggingFilter [67] Request Headers: content-type: application/json, user-agent: PostmanRuntime/7.43.0, accept: */*, postman-token: 35f54f2b-fe33-47a8-8d38-83be9e250199, host: localhost:4143, accept-encoding: gzip, deflate, br, connection: keep-alive, content-length: 536, 
2025-01-27 14:44:12,040 INFO [http-nio-4143-exec-6] com.appan.LoggingFilter [68] Request Parameters: 
2025-01-27 14:44:12,044 INFO [http-nio-4143-exec-6] com.appan.LoggingFilter [69] Request Body: {"username":"system","userType":"Master Distributor","entityType":"Proprietor","code":"ORG001","fullName":"New User","mobileNumber":"9876543210","emailId":"newuser@example.com","address":"123 Main Street, Cityville","profile":"Basic","parent":"ParentOrg","parentId":"PARENT001","parentName":"Parent Organization","pincode":"123456","state":"StateName","city":"CityName","blockPo":"BlockA","userMenuType":"Retailer"}
2025-01-27 14:44:12,044 INFO [http-nio-4143-exec-6] com.appan.LoggingFilter [72] Response Status: 200
2025-01-27 14:44:12,044 INFO [http-nio-4143-exec-6] com.appan.LoggingFilter [73] Response Headers: Vary: Origin, Vary: Origin, Vary: Origin, 
2025-01-27 14:44:12,045 INFO [http-nio-4143-exec-6] com.appan.LoggingFilter [74] Response Body: {"status":true,"message":"User created successfully.","respCode":"00","data":{"userDetails":{"id":76.0,"userId":"MDS000010","userType":"Master Distributor","code":"ORG001","entityType":"Proprietor","fullName":"New User","mobileNumber":"9876543210","emailId":"newuser@example.com","address":"123 Main Street, Cityville","profile":"Basic","parent":"ParentOrg","pincode":"123456","state":"StateName","city":"CityName","blockPo":"BlockA","createdBy":"SYSTEM","createdDt":"27-01-2025 02:44:11","status":"Active","isMobileVerified":false,"isEmailVerified":false,"parentId":"PARENT001","parentName":"Parent Organization"}}}
2025-01-27 16:24:00,530 INFO [background-preinit] org.hibernate.validator.internal.util.Version [21] HV000001: Hibernate Validator 8.0.1.Final
2025-01-27 16:24:00,591 INFO [main] org.springframework.boot.StartupInfoLogger [51] Starting AppanMasterServiceApplication using Java 23.0.1 with PID 16072 (D:\ZIP_File\AppanMasterService\AppanMasterService\target\classes started by gadeg in D:\ZIP_File\AppanMasterService\AppanMasterService)
2025-01-27 16:24:00,592 INFO [main] org.springframework.boot.SpringApplication [638] No active profile set, falling back to 1 default profile: "default"
2025-01-27 16:24:01,488 INFO [main] org.springframework.data.repository.config.RepositoryConfigurationDelegate [138] Bootstrapping Spring Data JPA repositories in DEFAULT mode.
2025-01-27 16:24:01,684 INFO [main] org.springframework.data.repository.config.RepositoryConfigurationDelegate [207] Finished Spring Data repository scanning in 189 ms. Found 74 JPA repository interfaces.
2025-01-27 16:24:02,945 INFO [main] org.springframework.boot.web.embedded.tomcat.TomcatWebServer [108] Tomcat initialized with port(s): 4143 (http)
2025-01-27 16:24:02,953 INFO [main] org.apache.juli.logging.DirectJDKLog [173] Initializing ProtocolHandler ["http-nio-4143"]
2025-01-27 16:24:02,955 INFO [main] org.apache.juli.logging.DirectJDKLog [173] Starting service [Tomcat]
2025-01-27 16:24:02,956 INFO [main] org.apache.juli.logging.DirectJDKLog [173] Starting Servlet engine: [Apache Tomcat/10.1.19]
2025-01-27 16:24:03,091 INFO [main] org.apache.juli.logging.DirectJDKLog [173] Initializing Spring embedded WebApplicationContext
2025-01-27 16:24:03,094 INFO [main] org.springframework.boot.web.servlet.context.ServletWebServerApplicationContext [291] Root WebApplicationContext: initialization completed in 2429 ms
2025-01-27 16:24:03,268 INFO [main] com.zaxxer.hikari.HikariDataSource [110] HikariPool - Starting...
2025-01-27 16:24:03,672 INFO [main] com.zaxxer.hikari.pool.HikariPool [565] HikariPool - Added connection org.postgresql.jdbc.PgConnection@3962ec84
2025-01-27 16:24:03,674 INFO [main] com.zaxxer.hikari.HikariDataSource [123] HikariPool - Start completed.
2025-01-27 16:24:03,711 INFO [main] org.hibernate.jpa.internal.util.LogHelper [31] HHH000204: Processing PersistenceUnitInfo [name: default]
2025-01-27 16:24:03,759 INFO [main] org.hibernate.Version [44] HHH000412: Hibernate ORM core version 6.2.22.Final
2025-01-27 16:24:03,761 INFO [main] org.hibernate.cfg.Environment [191] HHH000406: Using bytecode reflection optimizer
2025-01-27 16:24:04,026 INFO [main] org.springframework.orm.jpa.persistenceunit.SpringPersistenceUnitInfo [87] No LoadTimeWeaver setup: ignoring JPA class transformer
2025-01-27 16:24:04,075 WARN [main] org.hibernate.engine.jdbc.dialect.internal.DialectFactoryImpl [152] HHH90000025: PostgreSQLDialect does not need to be specified explicitly using 'hibernate.dialect' (remove the property setting and it will be selected by default)
2025-01-27 16:24:04,802 WARN [main] org.hibernate.mapping.RootClass [356] HHH000038: Composite-id class does not override equals(): com.appan.entity.PasswordHistoryId
2025-01-27 16:24:04,803 WARN [main] org.hibernate.mapping.RootClass [359] HHH000039: Composite-id class does not override hashCode(): com.appan.entity.PasswordHistoryId
2025-01-27 16:24:06,022 INFO [main] org.hibernate.engine.transaction.jta.platform.internal.JtaPlatformInitiator [55] HHH000489: No JTA platform available (set 'hibernate.transaction.jta.platform' to enable JTA platform integration)
2025-01-27 16:24:06,025 INFO [main] org.springframework.orm.jpa.AbstractEntityManagerFactoryBean [437] Initialized JPA EntityManagerFactory for persistence unit 'default'
2025-01-27 16:24:06,334 INFO [main] org.springframework.data.jpa.repository.query.QueryEnhancerFactory [48] Hibernate is in classpath; If applicable, HQL parser will be used.
2025-01-27 16:24:09,220 WARN [main] org.springframework.boot.autoconfigure.orm.jpa.JpaBaseConfiguration$JpaWebConfiguration [231] spring.jpa.open-in-view is enabled by default. Therefore, database queries may be performed during view rendering. Explicitly configure spring.jpa.open-in-view to disable this warning
2025-01-27 16:24:09,552 INFO [main] org.apache.juli.logging.DirectJDKLog [173] Starting ProtocolHandler ["http-nio-4143"]
2025-01-27 16:24:09,579 INFO [main] org.springframework.boot.web.embedded.tomcat.TomcatWebServer [220] Tomcat started on port(s): 4143 (http) with context path ''
2025-01-27 16:24:09,587 INFO [main] org.springframework.boot.StartupInfoLogger [57] Started AppanMasterServiceApplication in 9.331 seconds (process running for 9.79)
2025-01-27 16:25:06,982 INFO [http-nio-4143-exec-1] org.apache.juli.logging.DirectJDKLog [173] Initializing Spring DispatcherServlet 'dispatcherServlet'
2025-01-27 16:25:06,982 INFO [http-nio-4143-exec-1] org.springframework.web.servlet.FrameworkServlet [532] Initializing Servlet 'dispatcherServlet'
2025-01-27 16:25:06,984 INFO [http-nio-4143-exec-1] org.springframework.web.servlet.FrameworkServlet [554] Completed initialization in 2 ms
2025-01-27 16:25:07,423 INFO [http-nio-4143-exec-1] com.appan.LoggingFilter [65] Request URI: /master/UserManagement/createNewUser
2025-01-27 16:25:07,423 INFO [http-nio-4143-exec-1] com.appan.LoggingFilter [66] Request Method: POST
2025-01-27 16:25:07,423 INFO [http-nio-4143-exec-1] com.appan.LoggingFilter [67] Request Headers: content-type: application/json, user-agent: PostmanRuntime/7.43.0, accept: */*, postman-token: 881de0fa-3788-4a37-a01b-17d57c7b484a, host: localhost:4143, accept-encoding: gzip, deflate, br, connection: keep-alive, content-length: 536, 
2025-01-27 16:25:07,423 INFO [http-nio-4143-exec-1] com.appan.LoggingFilter [68] Request Parameters: 
2025-01-27 16:25:07,428 INFO [http-nio-4143-exec-1] com.appan.LoggingFilter [69] Request Body: {"username":"system","userType":"Master Distributor","entityType":"Proprietor","code":"ORG001","fullName":"New User","mobileNumber":"9876543210","emailId":"newuser@example.com","address":"123 Main Street, Cityville","profile":"Basic","parent":"ParentOrg","parentId":"PARENT001","parentName":"Parent Organization","pincode":"123456","state":"StateName","city":"CityName","blockPo":"BlockA","userMenuType":"Retailer"}
2025-01-27 16:25:07,428 INFO [http-nio-4143-exec-1] com.appan.LoggingFilter [72] Response Status: 200
2025-01-27 16:25:07,428 INFO [http-nio-4143-exec-1] com.appan.LoggingFilter [73] Response Headers: Vary: Origin, Vary: Origin, Vary: Origin, 
2025-01-27 16:25:07,428 INFO [http-nio-4143-exec-1] com.appan.LoggingFilter [74] Response Body: {"status":true,"message":"User created successfully.","respCode":"00","data":{"userDetails":{"id":80.0,"userId":"MDS000011","userType":"Master Distributor","code":"ORG001","entityType":"Proprietor","fullName":"New User","mobileNumber":"9876543210","emailId":"newuser@example.com","address":"123 Main Street, Cityville","profile":"Basic","parent":"ParentOrg","pincode":"123456","state":"StateName","city":"CityName","blockPo":"BlockA","createdBy":"SYSTEM","createdDt":"27-01-2025 04:25:07","status":"Active","isMobileVerified":false,"isEmailVerified":false,"parentId":"PARENT001","parentName":"Parent Organization"}}}
2025-01-27 20:57:42,434 INFO [background-preinit] org.hibernate.validator.internal.util.Version [21] HV000001: Hibernate Validator 8.0.1.Final
2025-01-27 20:57:42,493 INFO [main] org.springframework.boot.StartupInfoLogger [51] Starting AppanMasterServiceApplication using Java 23.0.1 with PID 13740 (D:\ZIP_File\AppanMasterService\AppanMasterService\target\classes started by gadeg in D:\ZIP_File\AppanMasterService\AppanMasterService)
2025-01-27 20:57:42,493 INFO [main] org.springframework.boot.SpringApplication [638] No active profile set, falling back to 1 default profile: "default"
2025-01-27 20:57:44,003 INFO [main] org.springframework.data.repository.config.RepositoryConfigurationDelegate [138] Bootstrapping Spring Data JPA repositories in DEFAULT mode.
2025-01-27 20:57:44,318 INFO [main] org.springframework.data.repository.config.RepositoryConfigurationDelegate [207] Finished Spring Data repository scanning in 303 ms. Found 74 JPA repository interfaces.
2025-01-27 20:57:46,175 INFO [main] org.springframework.boot.web.embedded.tomcat.TomcatWebServer [108] Tomcat initialized with port(s): 4143 (http)
2025-01-27 20:57:46,196 INFO [main] org.apache.juli.logging.DirectJDKLog [173] Initializing ProtocolHandler ["http-nio-4143"]
2025-01-27 20:57:46,202 INFO [main] org.apache.juli.logging.DirectJDKLog [173] Starting service [Tomcat]
2025-01-27 20:57:46,202 INFO [main] org.apache.juli.logging.DirectJDKLog [173] Starting Servlet engine: [Apache Tomcat/10.1.19]
2025-01-27 20:57:46,351 INFO [main] org.apache.juli.logging.DirectJDKLog [173] Initializing Spring embedded WebApplicationContext
2025-01-27 20:57:46,353 INFO [main] org.springframework.boot.web.servlet.context.ServletWebServerApplicationContext [291] Root WebApplicationContext: initialization completed in 3779 ms
2025-01-27 20:57:46,668 INFO [main] com.zaxxer.hikari.HikariDataSource [110] HikariPool - Starting...
2025-01-27 20:57:48,609 INFO [main] com.zaxxer.hikari.pool.HikariPool [565] HikariPool - Added connection org.postgresql.jdbc.PgConnection@7e94e331
2025-01-27 20:57:48,613 INFO [main] com.zaxxer.hikari.HikariDataSource [123] HikariPool - Start completed.
2025-01-27 20:57:48,710 INFO [main] org.hibernate.jpa.internal.util.LogHelper [31] HHH000204: Processing PersistenceUnitInfo [name: default]
2025-01-27 20:57:48,829 INFO [main] org.hibernate.Version [44] HHH000412: Hibernate ORM core version 6.2.22.Final
2025-01-27 20:57:48,833 INFO [main] org.hibernate.cfg.Environment [191] HHH000406: Using bytecode reflection optimizer
2025-01-27 20:57:49,369 INFO [main] org.springframework.orm.jpa.persistenceunit.SpringPersistenceUnitInfo [87] No LoadTimeWeaver setup: ignoring JPA class transformer
2025-01-27 20:57:49,552 WARN [main] org.hibernate.engine.jdbc.dialect.internal.DialectFactoryImpl [152] HHH90000025: PostgreSQLDialect does not need to be specified explicitly using 'hibernate.dialect' (remove the property setting and it will be selected by default)
2025-01-27 20:57:51,605 WARN [main] org.hibernate.mapping.RootClass [356] HHH000038: Composite-id class does not override equals(): com.appan.entity.PasswordHistoryId
2025-01-27 20:57:51,615 WARN [main] org.hibernate.mapping.RootClass [359] HHH000039: Composite-id class does not override hashCode(): com.appan.entity.PasswordHistoryId
2025-01-27 20:57:56,322 INFO [main] org.hibernate.engine.transaction.jta.platform.internal.JtaPlatformInitiator [55] HHH000489: No JTA platform available (set 'hibernate.transaction.jta.platform' to enable JTA platform integration)
2025-01-27 20:57:56,329 INFO [main] org.springframework.orm.jpa.AbstractEntityManagerFactoryBean [437] Initialized JPA EntityManagerFactory for persistence unit 'default'
2025-01-27 20:57:57,886 INFO [main] org.springframework.data.jpa.repository.query.QueryEnhancerFactory [48] Hibernate is in classpath; If applicable, HQL parser will be used.
2025-01-27 20:58:12,695 WARN [main] org.springframework.boot.autoconfigure.orm.jpa.JpaBaseConfiguration$JpaWebConfiguration [231] spring.jpa.open-in-view is enabled by default. Therefore, database queries may be performed during view rendering. Explicitly configure spring.jpa.open-in-view to disable this warning
2025-01-27 20:58:13,896 INFO [main] org.apache.juli.logging.DirectJDKLog [173] Starting ProtocolHandler ["http-nio-4143"]
2025-01-27 20:58:13,991 INFO [main] org.springframework.boot.web.embedded.tomcat.TomcatWebServer [220] Tomcat started on port(s): 4143 (http) with context path ''
2025-01-27 20:58:14,044 INFO [main] org.springframework.boot.StartupInfoLogger [57] Started AppanMasterServiceApplication in 32.001 seconds (process running for 32.945)
2025-01-27 21:00:15,519 INFO [http-nio-4143-exec-1] org.apache.juli.logging.DirectJDKLog [173] Initializing Spring DispatcherServlet 'dispatcherServlet'
2025-01-27 21:00:15,519 INFO [http-nio-4143-exec-1] org.springframework.web.servlet.FrameworkServlet [532] Initializing Servlet 'dispatcherServlet'
2025-01-27 21:00:15,527 INFO [http-nio-4143-exec-1] org.springframework.web.servlet.FrameworkServlet [554] Completed initialization in 8 ms
2025-01-27 21:00:15,665 INFO [http-nio-4143-exec-1] com.appan.usermenu.services.UsermenuBrowseService [47] 

**************************** FETCH USERMENU DETAILS *************************************
2025-01-27 21:00:16,316 INFO [http-nio-4143-exec-1] com.appan.LoggingFilter [65] Request URI: /master/role/fetch
2025-01-27 21:00:16,318 INFO [http-nio-4143-exec-1] com.appan.LoggingFilter [66] Request Method: POST
2025-01-27 21:00:16,318 INFO [http-nio-4143-exec-1] com.appan.LoggingFilter [67] Request Headers: authtoken: {{authToken}}, session_id: c96c6455-4cb3-4274-b42e-769cf2527d74, content-type: application/json, user-agent: PostmanRuntime/7.43.0, accept: */*, postman-token: 5b47a27c-9d03-4cbb-b4a2-3ca1d425a016, host: localhost:4143, accept-encoding: gzip, deflate, br, connection: keep-alive, content-length: 69, 
2025-01-27 21:00:16,318 INFO [http-nio-4143-exec-1] com.appan.LoggingFilter [68] Request Parameters: 
2025-01-27 21:00:16,342 INFO [http-nio-4143-exec-1] com.appan.LoggingFilter [69] Request Body: {"username":"system","userType":"Area Distributor"}
2025-01-27 21:00:16,342 INFO [http-nio-4143-exec-1] com.appan.LoggingFilter [72] Response Status: 200
2025-01-27 21:00:16,342 INFO [http-nio-4143-exec-1] com.appan.LoggingFilter [73] Response Headers: Vary: Origin, Vary: Origin, Vary: Origin, 
2025-01-27 21:00:16,342 INFO [http-nio-4143-exec-1] com.appan.LoggingFilter [74] Response Body: {"status":true,"message":"SUCCESS","respCode":"00","data":[{"menuId":16.0,"userProfile":"CUSTOMER","userRole":"DDDO","status":"Deactive","createdBy":"SHUBHAM","createdDt":"27-01-2025 10:45:20","modifyBy":"AMAN01","modifyDt":"27-01-2025 11:39:42","authStatus":"IN-ACTIVE","roleName":"Admin"},{"menuId":13.0,"userProfile":"Administrator","userRole":"SAM","menu":"000000000000000000000000000000000000000000000000000000000000000000000000000000000000000000000000000000000000000000000000000000000000000000000000000000000000000000000000000000000000000000000000000000000000000000000000000000000000000000000000000000000000000000000000000000000000000000000000000000000000000000000000000000000000000000000000000000000000000000000000000000000000","status":"Active","createdBy":"RUPALI01","createdDt":"16-01-2025 02:54:14","modifyBy":"AMAN01","modifyDt":"24-01-2025 10:01:59","authStatus":"IN-ACTIVE","roleName":"Administrator"},{"menuId":12.0,"userProfile":"Back Office","userRole":"BO","menu":"000000000000000000000000000000000000000000000000000000000000000000000000000000000000000000000000000000000000000000000000000000000000000000000000000000000000000000000000000000000000000000000000000000000000000000000000000000000000000000000000000000000000000000000000000000000000000000000000000000000000000000000000000000000000000000000000000000000000000000000000000000000000","status":"Active","createdBy":"RUPALI01","createdDt":"16-01-2025 02:53:29","authStatus":"IN-ACTIVE","roleName":"Back Office"},{"menuId":11.0,"userProfile":"Sales Managers","userRole":"SM","menu":"000000000000000000000000000000000000000000000000000000000000000000000000000000000000000000000000000000000000000000000000000000000000000000000000000000000000000000000000000000000000000000000000000000000000000000000000000000000000000000000000000000000000000000000000000000000000000000000000000000000000000000000000000000000000000000000000000000000000000000000000000000000000","status":"Active","createdBy":"RUPALI01","createdDt":"16-01-2025 02:52:53","authStatus":"IN-ACTIVE","roleName":"Sales Manager"},{"menuId":10.0,"userProfile":"White Label","userRole":"WL","menu":"000000000000000000000000000000000000000000000000000000000000000000000000000000000000000000000000000000000000000000000000000000000000000000000000000000000000000000000000000000000000000000000000000000000000000000000000000000000000000000000000000000000000000000000000000000000000000000000000000000000000000000000000000000000000000000000000000000000000000000000000000000000000","status":"Active","createdBy":"RUPALI01","createdDt":"16-01-2025 02:52:07","authStatus":"IN-ACTIVE","roleName":"White Label"},{"menuId":9.0,"userProfile":"Master Distributor","userRole":"MD","menu":"000000000000000000000000000000000000000000000000000000000000000000000000000000000000000000000000000000000000000000000000000000000000000000000000000000000000000000000000000000000000000000000000000000000000000000000000000000000000000000000000000000000000000000000000000000000000000000000000000000000000000000000000000000000000000000000000000000000000000000000000000000000000","status":"Active","createdBy":"RUPALI01","createdDt":"16-01-2025 02:51:31","authStatus":"IN-ACTIVE","roleName":"Master Distributor"},{"menuId":8.0,"userProfile":"Area Distributor","userRole":"AD","menu":"000000000000000000000000000000000000000000000000000000000000000000000000000000000000000000000000000000000000000000000000000000000000000000000000000000000000000000000000000000000000000000000000000000000000000000000000000000000000000000000000000000000000000000000000000000000000000000000000000000000000000000000000000000000000000000000000000000000000000000000000000000000000","status":"Active","createdBy":"RUPALI01","createdDt":"16-01-2025 02:50:51","authStatus":"IN-ACTIVE","roleName":"Area Distributor"},{"menuId":7.0,"userProfile":"Retailer","userRole":"RT","menu":"11111110000000000000000000000000000000000000000000000000000000000000000000000000000000000000000000000000000000000000000000000000000000000000000000000000000000000000000000000000000000000000000000000000000000000000000000000000000000000000000000000000000000000000000000000000000000000000000000000000000000000000000000000000000000000000000000000000000000000000000000000000000000000","status":"Active","createdBy":"RUPALI01","createdDt":"16-01-2025 02:50:15","authStatus":"IN-ACTIVE","roleName":"Retailer"}],"pageDetails":{"pageNo":1.0,"totalRecords":8.0,"noOfPages":1.0,"pageSize":10.0}}
2025-01-27 21:05:10,287 INFO [background-preinit] org.hibernate.validator.internal.util.Version [21] HV000001: Hibernate Validator 8.0.1.Final
2025-01-27 21:05:10,342 INFO [main] org.springframework.boot.StartupInfoLogger [51] Starting AppanMasterServiceApplication using Java 23.0.1 with PID 29776 (D:\ZIP_File\AppanMasterService\AppanMasterService\target\classes started by gadeg in D:\ZIP_File\AppanMasterService\AppanMasterService)
2025-01-27 21:05:10,343 INFO [main] org.springframework.boot.SpringApplication [638] No active profile set, falling back to 1 default profile: "default"
2025-01-27 21:05:11,695 INFO [main] org.springframework.data.repository.config.RepositoryConfigurationDelegate [138] Bootstrapping Spring Data JPA repositories in DEFAULT mode.
2025-01-27 21:05:11,958 INFO [main] org.springframework.data.repository.config.RepositoryConfigurationDelegate [207] Finished Spring Data repository scanning in 256 ms. Found 74 JPA repository interfaces.
2025-01-27 21:05:13,590 INFO [main] org.springframework.boot.web.embedded.tomcat.TomcatWebServer [108] Tomcat initialized with port(s): 4143 (http)
2025-01-27 21:05:13,602 INFO [main] org.apache.juli.logging.DirectJDKLog [173] Initializing ProtocolHandler ["http-nio-4143"]
2025-01-27 21:05:13,606 INFO [main] org.apache.juli.logging.DirectJDKLog [173] Starting service [Tomcat]
2025-01-27 21:05:13,606 INFO [main] org.apache.juli.logging.DirectJDKLog [173] Starting Servlet engine: [Apache Tomcat/10.1.19]
2025-01-27 21:05:13,788 INFO [main] org.apache.juli.logging.DirectJDKLog [173] Initializing Spring embedded WebApplicationContext
2025-01-27 21:05:13,797 INFO [main] org.springframework.boot.web.servlet.context.ServletWebServerApplicationContext [291] Root WebApplicationContext: initialization completed in 3334 ms
2025-01-27 21:05:14,093 INFO [main] com.zaxxer.hikari.HikariDataSource [110] HikariPool - Starting...
2025-01-27 21:05:15,107 INFO [main] com.zaxxer.hikari.pool.HikariPool [565] HikariPool - Added connection org.postgresql.jdbc.PgConnection@2bdab835
2025-01-27 21:05:15,109 INFO [main] com.zaxxer.hikari.HikariDataSource [123] HikariPool - Start completed.
2025-01-27 21:05:15,174 INFO [main] org.hibernate.jpa.internal.util.LogHelper [31] HHH000204: Processing PersistenceUnitInfo [name: default]
2025-01-27 21:05:15,290 INFO [main] org.hibernate.Version [44] HHH000412: Hibernate ORM core version 6.2.22.Final
2025-01-27 21:05:15,292 INFO [main] org.hibernate.cfg.Environment [191] HHH000406: Using bytecode reflection optimizer
2025-01-27 21:05:15,548 INFO [main] org.springframework.orm.jpa.persistenceunit.SpringPersistenceUnitInfo [87] No LoadTimeWeaver setup: ignoring JPA class transformer
2025-01-27 21:05:15,624 WARN [main] org.hibernate.engine.jdbc.dialect.internal.DialectFactoryImpl [152] HHH90000025: PostgreSQLDialect does not need to be specified explicitly using 'hibernate.dialect' (remove the property setting and it will be selected by default)
2025-01-27 21:05:16,903 WARN [main] org.hibernate.mapping.RootClass [356] HHH000038: Composite-id class does not override equals(): com.appan.entity.PasswordHistoryId
2025-01-27 21:05:16,903 WARN [main] org.hibernate.mapping.RootClass [359] HHH000039: Composite-id class does not override hashCode(): com.appan.entity.PasswordHistoryId
2025-01-27 21:05:18,650 INFO [main] org.hibernate.engine.transaction.jta.platform.internal.JtaPlatformInitiator [55] HHH000489: No JTA platform available (set 'hibernate.transaction.jta.platform' to enable JTA platform integration)
2025-01-27 21:05:18,658 INFO [main] org.springframework.orm.jpa.AbstractEntityManagerFactoryBean [437] Initialized JPA EntityManagerFactory for persistence unit 'default'
2025-01-27 21:05:19,130 INFO [main] org.springframework.data.jpa.repository.query.QueryEnhancerFactory [48] Hibernate is in classpath; If applicable, HQL parser will be used.
2025-01-27 21:05:23,400 WARN [main] org.springframework.boot.autoconfigure.orm.jpa.JpaBaseConfiguration$JpaWebConfiguration [231] spring.jpa.open-in-view is enabled by default. Therefore, database queries may be performed during view rendering. Explicitly configure spring.jpa.open-in-view to disable this warning
2025-01-27 21:05:23,875 INFO [main] org.apache.juli.logging.DirectJDKLog [173] Starting ProtocolHandler ["http-nio-4143"]
2025-01-27 21:05:23,907 INFO [main] org.springframework.boot.web.embedded.tomcat.TomcatWebServer [220] Tomcat started on port(s): 4143 (http) with context path ''
2025-01-27 21:05:23,930 INFO [main] org.springframework.boot.StartupInfoLogger [57] Started AppanMasterServiceApplication in 13.988 seconds (process running for 14.688)
2025-01-27 21:05:26,599 INFO [http-nio-4143-exec-2] org.apache.juli.logging.DirectJDKLog [173] Initializing Spring DispatcherServlet 'dispatcherServlet'
2025-01-27 21:05:26,599 INFO [http-nio-4143-exec-2] org.springframework.web.servlet.FrameworkServlet [532] Initializing Servlet 'dispatcherServlet'
2025-01-27 21:05:26,602 INFO [http-nio-4143-exec-2] org.springframework.web.servlet.FrameworkServlet [554] Completed initialization in 2 ms
2025-01-27 21:05:26,791 INFO [http-nio-4143-exec-2] com.appan.usermenu.services.UsermenuBrowseService [46] 

**************************** FETCH USERMENU DETAILS *************************************
2025-01-27 21:05:27,634 INFO [http-nio-4143-exec-2] com.appan.LoggingFilter [65] Request URI: /master/role/fetch
2025-01-27 21:05:27,635 INFO [http-nio-4143-exec-2] com.appan.LoggingFilter [66] Request Method: POST
2025-01-27 21:05:27,635 INFO [http-nio-4143-exec-2] com.appan.LoggingFilter [67] Request Headers: authtoken: {{authToken}}, session_id: c96c6455-4cb3-4274-b42e-769cf2527d74, content-type: application/json, user-agent: PostmanRuntime/7.43.0, accept: */*, postman-token: 9d028d46-ef47-4054-a04c-b2a5bbe2aaa3, host: localhost:4143, accept-encoding: gzip, deflate, br, connection: keep-alive, content-length: 69, 
2025-01-27 21:05:27,635 INFO [http-nio-4143-exec-2] com.appan.LoggingFilter [68] Request Parameters: 
2025-01-27 21:05:27,642 INFO [http-nio-4143-exec-2] com.appan.LoggingFilter [69] Request Body: {"username":"system","userType":"Area Distributor"}
2025-01-27 21:05:27,642 INFO [http-nio-4143-exec-2] com.appan.LoggingFilter [72] Response Status: 200
2025-01-27 21:05:27,643 INFO [http-nio-4143-exec-2] com.appan.LoggingFilter [73] Response Headers: Vary: Origin, Vary: Origin, Vary: Origin, 
2025-01-27 21:05:27,643 INFO [http-nio-4143-exec-2] com.appan.LoggingFilter [74] Response Body: {"status":false,"message":"User Menu not found","respCode":"01"}
2025-01-27 21:10:16,531 INFO [background-preinit] org.hibernate.validator.internal.util.Version [21] HV000001: Hibernate Validator 8.0.1.Final
2025-01-27 21:10:16,592 INFO [main] org.springframework.boot.StartupInfoLogger [51] Starting AppanMasterServiceApplication using Java 23.0.1 with PID 12292 (D:\ZIP_File\AppanMasterService\AppanMasterService\target\classes started by gadeg in D:\ZIP_File\AppanMasterService\AppanMasterService)
2025-01-27 21:10:16,594 INFO [main] org.springframework.boot.SpringApplication [638] No active profile set, falling back to 1 default profile: "default"
2025-01-27 21:10:17,890 INFO [main] org.springframework.data.repository.config.RepositoryConfigurationDelegate [138] Bootstrapping Spring Data JPA repositories in DEFAULT mode.
2025-01-27 21:10:18,184 INFO [main] org.springframework.data.repository.config.RepositoryConfigurationDelegate [207] Finished Spring Data repository scanning in 287 ms. Found 74 JPA repository interfaces.
2025-01-27 21:10:19,972 INFO [main] org.springframework.boot.web.embedded.tomcat.TomcatWebServer [108] Tomcat initialized with port(s): 4143 (http)
2025-01-27 21:10:20,014 INFO [main] org.apache.juli.logging.DirectJDKLog [173] Initializing ProtocolHandler ["http-nio-4143"]
2025-01-27 21:10:20,018 INFO [main] org.apache.juli.logging.DirectJDKLog [173] Starting service [Tomcat]
2025-01-27 21:10:20,019 INFO [main] org.apache.juli.logging.DirectJDKLog [173] Starting Servlet engine: [Apache Tomcat/10.1.19]
2025-01-27 21:10:20,170 INFO [main] org.apache.juli.logging.DirectJDKLog [173] Initializing Spring embedded WebApplicationContext
2025-01-27 21:10:20,178 INFO [main] org.springframework.boot.web.servlet.context.ServletWebServerApplicationContext [291] Root WebApplicationContext: initialization completed in 3464 ms
2025-01-27 21:10:20,501 INFO [main] com.zaxxer.hikari.HikariDataSource [110] HikariPool - Starting...
2025-01-27 21:10:21,537 INFO [main] com.zaxxer.hikari.pool.HikariPool [565] HikariPool - Added connection org.postgresql.jdbc.PgConnection@44dd0d38
2025-01-27 21:10:21,540 INFO [main] com.zaxxer.hikari.HikariDataSource [123] HikariPool - Start completed.
2025-01-27 21:10:21,606 INFO [main] org.hibernate.jpa.internal.util.LogHelper [31] HHH000204: Processing PersistenceUnitInfo [name: default]
2025-01-27 21:10:21,647 INFO [main] org.hibernate.Version [44] HHH000412: Hibernate ORM core version 6.2.22.Final
2025-01-27 21:10:21,650 INFO [main] org.hibernate.cfg.Environment [191] HHH000406: Using bytecode reflection optimizer
2025-01-27 21:10:21,973 INFO [main] org.springframework.orm.jpa.persistenceunit.SpringPersistenceUnitInfo [87] No LoadTimeWeaver setup: ignoring JPA class transformer
2025-01-27 21:10:22,104 WARN [main] org.hibernate.engine.jdbc.dialect.internal.DialectFactoryImpl [152] HHH90000025: PostgreSQLDialect does not need to be specified explicitly using 'hibernate.dialect' (remove the property setting and it will be selected by default)
2025-01-27 21:10:23,209 WARN [main] org.hibernate.mapping.RootClass [356] HHH000038: Composite-id class does not override equals(): com.appan.entity.PasswordHistoryId
2025-01-27 21:10:23,211 WARN [main] org.hibernate.mapping.RootClass [359] HHH000039: Composite-id class does not override hashCode(): com.appan.entity.PasswordHistoryId
2025-01-27 21:10:24,794 INFO [main] org.hibernate.engine.transaction.jta.platform.internal.JtaPlatformInitiator [55] HHH000489: No JTA platform available (set 'hibernate.transaction.jta.platform' to enable JTA platform integration)
2025-01-27 21:10:24,798 INFO [main] org.springframework.orm.jpa.AbstractEntityManagerFactoryBean [437] Initialized JPA EntityManagerFactory for persistence unit 'default'
2025-01-27 21:10:25,204 INFO [main] org.springframework.data.jpa.repository.query.QueryEnhancerFactory [48] Hibernate is in classpath; If applicable, HQL parser will be used.
2025-01-27 21:10:29,123 WARN [main] org.springframework.boot.autoconfigure.orm.jpa.JpaBaseConfiguration$JpaWebConfiguration [231] spring.jpa.open-in-view is enabled by default. Therefore, database queries may be performed during view rendering. Explicitly configure spring.jpa.open-in-view to disable this warning
2025-01-27 21:10:29,590 INFO [main] org.apache.juli.logging.DirectJDKLog [173] Starting ProtocolHandler ["http-nio-4143"]
2025-01-27 21:10:29,624 INFO [main] org.springframework.boot.web.embedded.tomcat.TomcatWebServer [220] Tomcat started on port(s): 4143 (http) with context path ''
2025-01-27 21:10:29,643 INFO [main] org.springframework.boot.StartupInfoLogger [57] Started AppanMasterServiceApplication in 13.496 seconds (process running for 14.284)
2025-01-27 21:10:32,043 INFO [http-nio-4143-exec-1] org.apache.juli.logging.DirectJDKLog [173] Initializing Spring DispatcherServlet 'dispatcherServlet'
2025-01-27 21:10:32,043 INFO [http-nio-4143-exec-1] org.springframework.web.servlet.FrameworkServlet [532] Initializing Servlet 'dispatcherServlet'
2025-01-27 21:10:32,046 INFO [http-nio-4143-exec-1] org.springframework.web.servlet.FrameworkServlet [554] Completed initialization in 2 ms
2025-01-27 21:10:32,233 INFO [http-nio-4143-exec-1] com.appan.usermenu.services.UsermenuBrowseService [46] 

**************************** FETCH USERMENU DETAILS *************************************
2025-01-27 21:10:32,983 INFO [http-nio-4143-exec-1] com.appan.LoggingFilter [65] Request URI: /master/role/fetch
2025-01-27 21:10:32,984 INFO [http-nio-4143-exec-1] com.appan.LoggingFilter [66] Request Method: POST
2025-01-27 21:10:32,984 INFO [http-nio-4143-exec-1] com.appan.LoggingFilter [67] Request Headers: authtoken: {{authToken}}, session_id: c96c6455-4cb3-4274-b42e-769cf2527d74, content-type: application/json, user-agent: PostmanRuntime/7.43.0, accept: */*, postman-token: b274dd17-3b6e-4b1f-8444-01acbf056717, host: localhost:4143, accept-encoding: gzip, deflate, br, connection: keep-alive, content-length: 69, 
2025-01-27 21:10:32,984 INFO [http-nio-4143-exec-1] com.appan.LoggingFilter [68] Request Parameters: 
2025-01-27 21:10:32,990 INFO [http-nio-4143-exec-1] com.appan.LoggingFilter [69] Request Body: {"username":"system","userType":"Area Distributor"}
2025-01-27 21:10:32,990 INFO [http-nio-4143-exec-1] com.appan.LoggingFilter [72] Response Status: 200
2025-01-27 21:10:32,990 INFO [http-nio-4143-exec-1] com.appan.LoggingFilter [73] Response Headers: Vary: Origin, Vary: Origin, Vary: Origin, 
2025-01-27 21:10:32,990 INFO [http-nio-4143-exec-1] com.appan.LoggingFilter [74] Response Body: {"status":false,"message":"User Menu not found","respCode":"01"}
2025-01-27 21:10:51,287 INFO [background-preinit] org.hibernate.validator.internal.util.Version [21] HV000001: Hibernate Validator 8.0.1.Final
2025-01-27 21:10:51,355 INFO [main] org.springframework.boot.StartupInfoLogger [51] Starting AppanMasterServiceApplication using Java 23.0.1 with PID 26704 (D:\ZIP_File\AppanMasterService\AppanMasterService\target\classes started by gadeg in D:\ZIP_File\AppanMasterService\AppanMasterService)
2025-01-27 21:10:51,357 INFO [main] org.springframework.boot.SpringApplication [638] No active profile set, falling back to 1 default profile: "default"
2025-01-27 21:10:52,711 INFO [main] org.springframework.data.repository.config.RepositoryConfigurationDelegate [138] Bootstrapping Spring Data JPA repositories in DEFAULT mode.
2025-01-27 21:10:52,986 INFO [main] org.springframework.data.repository.config.RepositoryConfigurationDelegate [207] Finished Spring Data repository scanning in 265 ms. Found 74 JPA repository interfaces.
2025-01-27 21:10:54,421 INFO [main] org.springframework.boot.web.embedded.tomcat.TomcatWebServer [108] Tomcat initialized with port(s): 4143 (http)
2025-01-27 21:10:54,436 INFO [main] org.apache.juli.logging.DirectJDKLog [173] Initializing ProtocolHandler ["http-nio-4143"]
2025-01-27 21:10:54,440 INFO [main] org.apache.juli.logging.DirectJDKLog [173] Starting service [Tomcat]
2025-01-27 21:10:54,441 INFO [main] org.apache.juli.logging.DirectJDKLog [173] Starting Servlet engine: [Apache Tomcat/10.1.19]
2025-01-27 21:10:54,620 INFO [main] org.apache.juli.logging.DirectJDKLog [173] Initializing Spring embedded WebApplicationContext
2025-01-27 21:10:54,622 INFO [main] org.springframework.boot.web.servlet.context.ServletWebServerApplicationContext [291] Root WebApplicationContext: initialization completed in 3156 ms
2025-01-27 21:10:54,867 INFO [main] com.zaxxer.hikari.HikariDataSource [110] HikariPool - Starting...
2025-01-27 21:10:57,536 INFO [main] com.zaxxer.hikari.pool.HikariPool [565] HikariPool - Added connection org.postgresql.jdbc.PgConnection@270d5060
2025-01-27 21:10:57,541 INFO [main] com.zaxxer.hikari.HikariDataSource [123] HikariPool - Start completed.
2025-01-27 21:10:57,645 INFO [main] org.hibernate.jpa.internal.util.LogHelper [31] HHH000204: Processing PersistenceUnitInfo [name: default]
2025-01-27 21:10:57,697 INFO [main] org.hibernate.Version [44] HHH000412: Hibernate ORM core version 6.2.22.Final
2025-01-27 21:10:57,700 INFO [main] org.hibernate.cfg.Environment [191] HHH000406: Using bytecode reflection optimizer
2025-01-27 21:10:58,012 INFO [main] org.springframework.orm.jpa.persistenceunit.SpringPersistenceUnitInfo [87] No LoadTimeWeaver setup: ignoring JPA class transformer
2025-01-27 21:10:58,076 WARN [main] org.hibernate.engine.jdbc.dialect.internal.DialectFactoryImpl [152] HHH90000025: PostgreSQLDialect does not need to be specified explicitly using 'hibernate.dialect' (remove the property setting and it will be selected by default)
2025-01-27 21:10:59,323 WARN [main] org.hibernate.mapping.RootClass [356] HHH000038: Composite-id class does not override equals(): com.appan.entity.PasswordHistoryId
2025-01-27 21:10:59,324 WARN [main] org.hibernate.mapping.RootClass [359] HHH000039: Composite-id class does not override hashCode(): com.appan.entity.PasswordHistoryId
2025-01-27 21:11:00,743 INFO [main] org.hibernate.engine.transaction.jta.platform.internal.JtaPlatformInitiator [55] HHH000489: No JTA platform available (set 'hibernate.transaction.jta.platform' to enable JTA platform integration)
2025-01-27 21:11:00,748 INFO [main] org.springframework.orm.jpa.AbstractEntityManagerFactoryBean [437] Initialized JPA EntityManagerFactory for persistence unit 'default'
2025-01-27 21:11:01,152 INFO [main] org.springframework.data.jpa.repository.query.QueryEnhancerFactory [48] Hibernate is in classpath; If applicable, HQL parser will be used.
2025-01-27 21:11:05,118 WARN [main] org.springframework.boot.autoconfigure.orm.jpa.JpaBaseConfiguration$JpaWebConfiguration [231] spring.jpa.open-in-view is enabled by default. Therefore, database queries may be performed during view rendering. Explicitly configure spring.jpa.open-in-view to disable this warning
2025-01-27 21:11:05,597 INFO [main] org.apache.juli.logging.DirectJDKLog [173] Starting ProtocolHandler ["http-nio-4143"]
2025-01-27 21:11:05,637 INFO [main] org.springframework.boot.web.embedded.tomcat.TomcatWebServer [220] Tomcat started on port(s): 4143 (http) with context path ''
2025-01-27 21:11:05,653 INFO [main] org.springframework.boot.StartupInfoLogger [57] Started AppanMasterServiceApplication in 14.764 seconds (process running for 15.536)
2025-01-27 21:11:10,978 INFO [http-nio-4143-exec-1] org.apache.juli.logging.DirectJDKLog [173] Initializing Spring DispatcherServlet 'dispatcherServlet'
2025-01-27 21:11:10,980 INFO [http-nio-4143-exec-1] org.springframework.web.servlet.FrameworkServlet [532] Initializing Servlet 'dispatcherServlet'
2025-01-27 21:11:10,984 INFO [http-nio-4143-exec-1] org.springframework.web.servlet.FrameworkServlet [554] Completed initialization in 4 ms
2025-01-27 21:11:11,196 INFO [http-nio-4143-exec-1] com.appan.usermenu.services.UsermenuBrowseService [46] 

**************************** FETCH USERMENU DETAILS *************************************
2025-01-27 21:11:11,788 INFO [http-nio-4143-exec-1] com.appan.LoggingFilter [65] Request URI: /master/role/fetch
2025-01-27 21:11:11,788 INFO [http-nio-4143-exec-1] com.appan.LoggingFilter [66] Request Method: POST
2025-01-27 21:11:11,788 INFO [http-nio-4143-exec-1] com.appan.LoggingFilter [67] Request Headers: authtoken: {{authToken}}, session_id: c96c6455-4cb3-4274-b42e-769cf2527d74, content-type: application/json, user-agent: PostmanRuntime/7.43.0, accept: */*, postman-token: 83ea79ee-3b8b-4d93-b3b0-3eb4c0fd3216, host: localhost:4143, accept-encoding: gzip, deflate, br, connection: keep-alive, content-length: 69, 
2025-01-27 21:11:11,788 INFO [http-nio-4143-exec-1] com.appan.LoggingFilter [68] Request Parameters: 
2025-01-27 21:11:11,794 INFO [http-nio-4143-exec-1] com.appan.LoggingFilter [69] Request Body: {"username":"system","userType":"Area Distributor"}
2025-01-27 21:11:11,794 INFO [http-nio-4143-exec-1] com.appan.LoggingFilter [72] Response Status: 200
2025-01-27 21:11:11,795 INFO [http-nio-4143-exec-1] com.appan.LoggingFilter [73] Response Headers: Vary: Origin, Vary: Origin, Vary: Origin, 
2025-01-27 21:11:11,795 INFO [http-nio-4143-exec-1] com.appan.LoggingFilter [74] Response Body: {"status":false,"message":"User Menu not found","respCode":"01"}
2025-01-27 21:11:56,842 INFO [background-preinit] org.hibernate.validator.internal.util.Version [21] HV000001: Hibernate Validator 8.0.1.Final
2025-01-27 21:11:56,920 INFO [main] org.springframework.boot.StartupInfoLogger [51] Starting AppanMasterServiceApplication using Java 23.0.1 with PID 5528 (D:\ZIP_File\AppanMasterService\AppanMasterService\target\classes started by gadeg in D:\ZIP_File\AppanMasterService\AppanMasterService)
2025-01-27 21:11:56,921 INFO [main] org.springframework.boot.SpringApplication [638] No active profile set, falling back to 1 default profile: "default"
2025-01-27 21:11:58,287 INFO [main] org.springframework.data.repository.config.RepositoryConfigurationDelegate [138] Bootstrapping Spring Data JPA repositories in DEFAULT mode.
2025-01-27 21:11:58,540 INFO [main] org.springframework.data.repository.config.RepositoryConfigurationDelegate [207] Finished Spring Data repository scanning in 247 ms. Found 74 JPA repository interfaces.
2025-01-27 21:12:00,243 INFO [main] org.springframework.boot.web.embedded.tomcat.TomcatWebServer [108] Tomcat initialized with port(s): 4143 (http)
2025-01-27 21:12:00,281 INFO [main] org.apache.juli.logging.DirectJDKLog [173] Initializing ProtocolHandler ["http-nio-4143"]
2025-01-27 21:12:00,286 INFO [main] org.apache.juli.logging.DirectJDKLog [173] Starting service [Tomcat]
2025-01-27 21:12:00,288 INFO [main] org.apache.juli.logging.DirectJDKLog [173] Starting Servlet engine: [Apache Tomcat/10.1.19]
2025-01-27 21:12:00,472 INFO [main] org.apache.juli.logging.DirectJDKLog [173] Initializing Spring embedded WebApplicationContext
2025-01-27 21:12:00,473 INFO [main] org.springframework.boot.web.servlet.context.ServletWebServerApplicationContext [291] Root WebApplicationContext: initialization completed in 3445 ms
2025-01-27 21:12:00,674 INFO [main] com.zaxxer.hikari.HikariDataSource [110] HikariPool - Starting...
2025-01-27 21:12:02,108 INFO [main] com.zaxxer.hikari.pool.HikariPool [565] HikariPool - Added connection org.postgresql.jdbc.PgConnection@7e94e331
2025-01-27 21:12:02,112 INFO [main] com.zaxxer.hikari.HikariDataSource [123] HikariPool - Start completed.
2025-01-27 21:12:02,182 INFO [main] org.hibernate.jpa.internal.util.LogHelper [31] HHH000204: Processing PersistenceUnitInfo [name: default]
2025-01-27 21:12:02,228 INFO [main] org.hibernate.Version [44] HHH000412: Hibernate ORM core version 6.2.22.Final
2025-01-27 21:12:02,233 INFO [main] org.hibernate.cfg.Environment [191] HHH000406: Using bytecode reflection optimizer
2025-01-27 21:12:02,546 INFO [main] org.springframework.orm.jpa.persistenceunit.SpringPersistenceUnitInfo [87] No LoadTimeWeaver setup: ignoring JPA class transformer
2025-01-27 21:12:02,639 WARN [main] org.hibernate.engine.jdbc.dialect.internal.DialectFactoryImpl [152] HHH90000025: PostgreSQLDialect does not need to be specified explicitly using 'hibernate.dialect' (remove the property setting and it will be selected by default)
2025-01-27 21:12:03,869 WARN [main] org.hibernate.mapping.RootClass [356] HHH000038: Composite-id class does not override equals(): com.appan.entity.PasswordHistoryId
2025-01-27 21:12:03,870 WARN [main] org.hibernate.mapping.RootClass [359] HHH000039: Composite-id class does not override hashCode(): com.appan.entity.PasswordHistoryId
2025-01-27 21:12:05,361 INFO [main] org.hibernate.engine.transaction.jta.platform.internal.JtaPlatformInitiator [55] HHH000489: No JTA platform available (set 'hibernate.transaction.jta.platform' to enable JTA platform integration)
2025-01-27 21:12:05,364 INFO [main] org.springframework.orm.jpa.AbstractEntityManagerFactoryBean [437] Initialized JPA EntityManagerFactory for persistence unit 'default'
2025-01-27 21:12:05,687 INFO [main] org.springframework.data.jpa.repository.query.QueryEnhancerFactory [48] Hibernate is in classpath; If applicable, HQL parser will be used.
2025-01-27 21:12:09,493 WARN [main] org.springframework.boot.autoconfigure.orm.jpa.JpaBaseConfiguration$JpaWebConfiguration [231] spring.jpa.open-in-view is enabled by default. Therefore, database queries may be performed during view rendering. Explicitly configure spring.jpa.open-in-view to disable this warning
2025-01-27 21:12:09,994 INFO [main] org.apache.juli.logging.DirectJDKLog [173] Starting ProtocolHandler ["http-nio-4143"]
2025-01-27 21:12:10,028 INFO [main] org.springframework.boot.web.embedded.tomcat.TomcatWebServer [220] Tomcat started on port(s): 4143 (http) with context path ''
2025-01-27 21:12:10,052 INFO [main] org.springframework.boot.StartupInfoLogger [57] Started AppanMasterServiceApplication in 13.576 seconds (process running for 14.263)
2025-01-27 21:12:12,791 INFO [http-nio-4143-exec-1] org.apache.juli.logging.DirectJDKLog [173] Initializing Spring DispatcherServlet 'dispatcherServlet'
2025-01-27 21:12:12,791 INFO [http-nio-4143-exec-1] org.springframework.web.servlet.FrameworkServlet [532] Initializing Servlet 'dispatcherServlet'
2025-01-27 21:12:12,794 INFO [http-nio-4143-exec-1] org.springframework.web.servlet.FrameworkServlet [554] Completed initialization in 3 ms
2025-01-27 21:12:12,944 INFO [http-nio-4143-exec-1] com.appan.usermenu.services.UsermenuBrowseService [47] 

**************************** FETCH USERMENU DETAILS *************************************
2025-01-27 21:12:13,485 INFO [http-nio-4143-exec-1] com.appan.LoggingFilter [65] Request URI: /master/role/fetch
2025-01-27 21:12:13,486 INFO [http-nio-4143-exec-1] com.appan.LoggingFilter [66] Request Method: POST
2025-01-27 21:12:13,486 INFO [http-nio-4143-exec-1] com.appan.LoggingFilter [67] Request Headers: authtoken: {{authToken}}, session_id: c96c6455-4cb3-4274-b42e-769cf2527d74, content-type: application/json, user-agent: PostmanRuntime/7.43.0, accept: */*, postman-token: da203b52-c3e8-403a-9a6f-8d91a4838d4a, host: localhost:4143, accept-encoding: gzip, deflate, br, connection: keep-alive, content-length: 69, 
2025-01-27 21:12:13,486 INFO [http-nio-4143-exec-1] com.appan.LoggingFilter [68] Request Parameters: 
2025-01-27 21:12:13,494 INFO [http-nio-4143-exec-1] com.appan.LoggingFilter [69] Request Body: {"username":"system","userType":"Area Distributor"}
2025-01-27 21:12:13,495 INFO [http-nio-4143-exec-1] com.appan.LoggingFilter [72] Response Status: 200
2025-01-27 21:12:13,495 INFO [http-nio-4143-exec-1] com.appan.LoggingFilter [73] Response Headers: Vary: Origin, Vary: Origin, Vary: Origin, 
2025-01-27 21:12:13,495 INFO [http-nio-4143-exec-1] com.appan.LoggingFilter [74] Response Body: {"status":true,"message":"SUCCESS","respCode":"00","data":[{"menuId":8.0,"userProfile":"Area Distributor","userRole":"AD","menu":"000000000000000000000000000000000000000000000000000000000000000000000000000000000000000000000000000000000000000000000000000000000000000000000000000000000000000000000000000000000000000000000000000000000000000000000000000000000000000000000000000000000000000000000000000000000000000000000000000000000000000000000000000000000000000000000000000000000000000000000000000000000000","status":"Active","createdBy":"RUPALI01","createdDt":"16-01-2025 02:50:51","authStatus":"IN-ACTIVE","roleName":"Area Distributor"}],"pageDetails":{"pageNo":1.0,"totalRecords":1.0,"noOfPages":1.0,"pageSize":10.0}}
2025-01-27 21:34:21,859 INFO [background-preinit] org.hibernate.validator.internal.util.Version [21] HV000001: Hibernate Validator 8.0.1.Final
2025-01-27 21:34:21,908 INFO [main] org.springframework.boot.StartupInfoLogger [51] Starting AppanMasterServiceApplication using Java 23.0.1 with PID 10296 (D:\ZIP_File\AppanMasterService\AppanMasterService\target\classes started by gadeg in D:\ZIP_File\AppanMasterService\AppanMasterService)
2025-01-27 21:34:21,910 INFO [main] org.springframework.boot.SpringApplication [638] No active profile set, falling back to 1 default profile: "default"
2025-01-27 21:34:23,143 INFO [main] org.springframework.data.repository.config.RepositoryConfigurationDelegate [138] Bootstrapping Spring Data JPA repositories in DEFAULT mode.
2025-01-27 21:34:23,418 INFO [main] org.springframework.data.repository.config.RepositoryConfigurationDelegate [207] Finished Spring Data repository scanning in 267 ms. Found 75 JPA repository interfaces.
2025-01-27 21:34:24,857 INFO [main] org.springframework.boot.web.embedded.tomcat.TomcatWebServer [108] Tomcat initialized with port(s): 4143 (http)
2025-01-27 21:34:24,867 INFO [main] org.apache.juli.logging.DirectJDKLog [173] Initializing ProtocolHandler ["http-nio-4143"]
2025-01-27 21:34:24,869 INFO [main] org.apache.juli.logging.DirectJDKLog [173] Starting service [Tomcat]
2025-01-27 21:34:24,870 INFO [main] org.apache.juli.logging.DirectJDKLog [173] Starting Servlet engine: [Apache Tomcat/10.1.19]
2025-01-27 21:34:25,024 INFO [main] org.apache.juli.logging.DirectJDKLog [173] Initializing Spring embedded WebApplicationContext
2025-01-27 21:34:25,026 INFO [main] org.springframework.boot.web.servlet.context.ServletWebServerApplicationContext [291] Root WebApplicationContext: initialization completed in 3038 ms
2025-01-27 21:34:25,289 INFO [main] com.zaxxer.hikari.HikariDataSource [110] HikariPool - Starting...
2025-01-27 21:34:26,500 INFO [main] com.zaxxer.hikari.pool.HikariPool [565] HikariPool - Added connection org.postgresql.jdbc.PgConnection@3cf55e0c
2025-01-27 21:34:26,502 INFO [main] com.zaxxer.hikari.HikariDataSource [123] HikariPool - Start completed.
2025-01-27 21:34:26,557 INFO [main] org.hibernate.jpa.internal.util.LogHelper [31] HHH000204: Processing PersistenceUnitInfo [name: default]
2025-01-27 21:34:26,609 INFO [main] org.hibernate.Version [44] HHH000412: Hibernate ORM core version 6.2.22.Final
2025-01-27 21:34:26,612 INFO [main] org.hibernate.cfg.Environment [191] HHH000406: Using bytecode reflection optimizer
2025-01-27 21:34:26,858 INFO [main] org.springframework.orm.jpa.persistenceunit.SpringPersistenceUnitInfo [87] No LoadTimeWeaver setup: ignoring JPA class transformer
2025-01-27 21:34:27,059 WARN [main] org.hibernate.engine.jdbc.dialect.internal.DialectFactoryImpl [152] HHH90000025: PostgreSQLDialect does not need to be specified explicitly using 'hibernate.dialect' (remove the property setting and it will be selected by default)
2025-01-27 21:34:28,070 WARN [main] org.hibernate.mapping.RootClass [356] HHH000038: Composite-id class does not override equals(): com.appan.entity.PasswordHistoryId
2025-01-27 21:34:28,071 WARN [main] org.hibernate.mapping.RootClass [359] HHH000039: Composite-id class does not override hashCode(): com.appan.entity.PasswordHistoryId
2025-01-27 21:34:29,524 INFO [main] org.hibernate.engine.transaction.jta.platform.internal.JtaPlatformInitiator [55] HHH000489: No JTA platform available (set 'hibernate.transaction.jta.platform' to enable JTA platform integration)
2025-01-27 21:34:29,527 INFO [main] org.springframework.orm.jpa.AbstractEntityManagerFactoryBean [437] Initialized JPA EntityManagerFactory for persistence unit 'default'
2025-01-27 21:34:29,983 INFO [main] org.springframework.data.jpa.repository.query.QueryEnhancerFactory [48] Hibernate is in classpath; If applicable, HQL parser will be used.
2025-01-27 21:34:33,937 WARN [main] org.springframework.boot.autoconfigure.orm.jpa.JpaBaseConfiguration$JpaWebConfiguration [231] spring.jpa.open-in-view is enabled by default. Therefore, database queries may be performed during view rendering. Explicitly configure spring.jpa.open-in-view to disable this warning
2025-01-27 21:34:34,436 INFO [main] org.apache.juli.logging.DirectJDKLog [173] Starting ProtocolHandler ["http-nio-4143"]
2025-01-27 21:34:34,468 INFO [main] org.springframework.boot.web.embedded.tomcat.TomcatWebServer [220] Tomcat started on port(s): 4143 (http) with context path ''
2025-01-27 21:34:34,483 INFO [main] org.springframework.boot.StartupInfoLogger [57] Started AppanMasterServiceApplication in 12.956 seconds (process running for 13.628)
