2025-01-23 23:15:17,778 INFO [background-preinit] org.hibernate.validator.internal.util.Version [21] HV000001: Hibernate Validator 8.0.1.Final
2025-01-23 23:15:17,836 INFO [main] org.springframework.boot.StartupInfoLogger [51] Starting AppanMasterServiceApplication using Java 23.0.1 with PID 21332 (D:\ZIP_File\AppanMasterService\AppanMasterService\target\classes started by gadeg in D:\ZIP_File\AppanMasterService\AppanMasterService)
2025-01-23 23:15:17,837 INFO [main] org.springframework.boot.SpringApplication [638] No active profile set, falling back to 1 default profile: "default"
2025-01-23 23:15:19,168 INFO [main] org.springframework.data.repository.config.RepositoryConfigurationDelegate [138] Bootstrapping Spring Data JPA repositories in DEFAULT mode.
2025-01-23 23:15:19,427 INFO [main] org.springframework.data.repository.config.RepositoryConfigurationDelegate [207] Finished Spring Data repository scanning in 250 ms. Found 74 JPA repository interfaces.
2025-01-23 23:15:20,765 INFO [main] org.springframework.boot.web.embedded.tomcat.TomcatWebServer [108] Tomcat initialized with port(s): 4143 (http)
2025-01-23 23:15:20,813 INFO [main] org.apache.juli.logging.DirectJDKLog [173] Initializing ProtocolHandler ["http-nio-4143"]
2025-01-23 23:15:20,817 INFO [main] org.apache.juli.logging.DirectJDKLog [173] Starting service [Tomcat]
2025-01-23 23:15:20,818 INFO [main] org.apache.juli.logging.DirectJDKLog [173] Starting Servlet engine: [Apache Tomcat/10.1.19]
2025-01-23 23:15:21,055 INFO [main] org.apache.juli.logging.DirectJDKLog [173] Initializing Spring embedded WebApplicationContext
2025-01-23 23:15:21,057 INFO [main] org.springframework.boot.web.servlet.context.ServletWebServerApplicationContext [291] Root WebApplicationContext: initialization completed in 3129 ms
2025-01-23 23:15:21,237 INFO [main] com.zaxxer.hikari.HikariDataSource [110] HikariPool - Starting...
2025-01-23 23:15:22,854 INFO [main] com.zaxxer.hikari.pool.HikariPool [565] HikariPool - Added connection org.postgresql.jdbc.PgConnection@2b01c689
2025-01-23 23:15:22,856 INFO [main] com.zaxxer.hikari.HikariDataSource [123] HikariPool - Start completed.
2025-01-23 23:15:22,899 INFO [main] org.hibernate.jpa.internal.util.LogHelper [31] HHH000204: Processing PersistenceUnitInfo [name: default]
2025-01-23 23:15:22,939 INFO [main] org.hibernate.Version [44] HHH000412: Hibernate ORM core version 6.2.22.Final
2025-01-23 23:15:22,942 INFO [main] org.hibernate.cfg.Environment [191] HHH000406: Using bytecode reflection optimizer
2025-01-23 23:15:23,132 INFO [main] org.springframework.orm.jpa.persistenceunit.SpringPersistenceUnitInfo [87] No LoadTimeWeaver setup: ignoring JPA class transformer
2025-01-23 23:15:23,187 WARN [main] org.hibernate.engine.jdbc.dialect.internal.DialectFactoryImpl [152] HHH90000025: PostgreSQLDialect does not need to be specified explicitly using 'hibernate.dialect' (remove the property setting and it will be selected by default)
2025-01-23 23:15:24,186 WARN [main] org.hibernate.mapping.RootClass [356] HHH000038: Composite-id class does not override equals(): com.appan.entity.PasswordHistoryId
2025-01-23 23:15:24,186 WARN [main] org.hibernate.mapping.RootClass [359] HHH000039: Composite-id class does not override hashCode(): com.appan.entity.PasswordHistoryId
2025-01-23 23:15:25,510 INFO [main] org.hibernate.engine.transaction.jta.platform.internal.JtaPlatformInitiator [55] HHH000489: No JTA platform available (set 'hibernate.transaction.jta.platform' to enable JTA platform integration)
2025-01-23 23:15:25,513 INFO [main] org.springframework.orm.jpa.AbstractEntityManagerFactoryBean [437] Initialized JPA EntityManagerFactory for persistence unit 'default'
2025-01-23 23:15:25,960 INFO [main] org.springframework.data.jpa.repository.query.QueryEnhancerFactory [48] Hibernate is in classpath; If applicable, HQL parser will be used.
2025-01-23 23:15:29,832 WARN [main] org.springframework.boot.autoconfigure.orm.jpa.JpaBaseConfiguration$JpaWebConfiguration [231] spring.jpa.open-in-view is enabled by default. Therefore, database queries may be performed during view rendering. Explicitly configure spring.jpa.open-in-view to disable this warning
2025-01-23 23:15:30,309 INFO [main] org.apache.juli.logging.DirectJDKLog [173] Starting ProtocolHandler ["http-nio-4143"]
2025-01-23 23:15:30,362 INFO [main] org.springframework.boot.web.embedded.tomcat.TomcatWebServer [220] Tomcat started on port(s): 4143 (http) with context path ''
2025-01-23 23:15:30,382 INFO [main] org.springframework.boot.StartupInfoLogger [57] Started AppanMasterServiceApplication in 13.012 seconds (process running for 13.607)
2025-01-23 23:40:33,431 INFO [background-preinit] org.hibernate.validator.internal.util.Version [21] HV000001: Hibernate Validator 8.0.1.Final
2025-01-23 23:40:33,510 INFO [main] org.springframework.boot.StartupInfoLogger [51] Starting AppanMasterServiceApplication using Java 23.0.1 with PID 8148 (D:\ZIP_File\AppanMasterService\AppanMasterService\target\classes started by gadeg in D:\ZIP_File\AppanMasterService\AppanMasterService)
2025-01-23 23:40:33,511 INFO [main] org.springframework.boot.SpringApplication [638] No active profile set, falling back to 1 default profile: "default"
2025-01-23 23:40:34,716 INFO [main] org.springframework.data.repository.config.RepositoryConfigurationDelegate [138] Bootstrapping Spring Data JPA repositories in DEFAULT mode.
2025-01-23 23:40:34,992 INFO [main] org.springframework.data.repository.config.RepositoryConfigurationDelegate [207] Finished Spring Data repository scanning in 269 ms. Found 74 JPA repository interfaces.
2025-01-23 23:40:36,397 INFO [main] org.springframework.boot.web.embedded.tomcat.TomcatWebServer [108] Tomcat initialized with port(s): 4143 (http)
2025-01-23 23:40:36,414 INFO [main] org.apache.juli.logging.DirectJDKLog [173] Initializing ProtocolHandler ["http-nio-4143"]
2025-01-23 23:40:36,418 INFO [main] org.apache.juli.logging.DirectJDKLog [173] Starting service [Tomcat]
2025-01-23 23:40:36,419 INFO [main] org.apache.juli.logging.DirectJDKLog [173] Starting Servlet engine: [Apache Tomcat/10.1.19]
2025-01-23 23:40:36,541 INFO [main] org.apache.juli.logging.DirectJDKLog [173] Initializing Spring embedded WebApplicationContext
2025-01-23 23:40:36,542 INFO [main] org.springframework.boot.web.servlet.context.ServletWebServerApplicationContext [291] Root WebApplicationContext: initialization completed in 2934 ms
2025-01-23 23:40:36,829 INFO [main] com.zaxxer.hikari.HikariDataSource [110] HikariPool - Starting...
2025-01-23 23:40:37,629 INFO [main] com.zaxxer.hikari.pool.HikariPool [565] HikariPool - Added connection org.postgresql.jdbc.PgConnection@4628a02b
2025-01-23 23:40:37,631 INFO [main] com.zaxxer.hikari.HikariDataSource [123] HikariPool - Start completed.
2025-01-23 23:40:37,683 INFO [main] org.hibernate.jpa.internal.util.LogHelper [31] HHH000204: Processing PersistenceUnitInfo [name: default]
2025-01-23 23:40:37,756 INFO [main] org.hibernate.Version [44] HHH000412: Hibernate ORM core version 6.2.22.Final
2025-01-23 23:40:37,761 INFO [main] org.hibernate.cfg.Environment [191] HHH000406: Using bytecode reflection optimizer
2025-01-23 23:40:38,085 INFO [main] org.springframework.orm.jpa.persistenceunit.SpringPersistenceUnitInfo [87] No LoadTimeWeaver setup: ignoring JPA class transformer
2025-01-23 23:40:38,147 WARN [main] org.hibernate.engine.jdbc.dialect.internal.DialectFactoryImpl [152] HHH90000025: PostgreSQLDialect does not need to be specified explicitly using 'hibernate.dialect' (remove the property setting and it will be selected by default)
2025-01-23 23:40:39,358 WARN [main] org.hibernate.mapping.RootClass [356] HHH000038: Composite-id class does not override equals(): com.appan.entity.PasswordHistoryId
2025-01-23 23:40:39,360 WARN [main] org.hibernate.mapping.RootClass [359] HHH000039: Composite-id class does not override hashCode(): com.appan.entity.PasswordHistoryId
2025-01-23 23:40:41,129 INFO [main] org.hibernate.engine.transaction.jta.platform.internal.JtaPlatformInitiator [55] HHH000489: No JTA platform available (set 'hibernate.transaction.jta.platform' to enable JTA platform integration)
2025-01-23 23:40:41,133 INFO [main] org.springframework.orm.jpa.AbstractEntityManagerFactoryBean [437] Initialized JPA EntityManagerFactory for persistence unit 'default'
2025-01-23 23:40:41,602 INFO [main] org.springframework.data.jpa.repository.query.QueryEnhancerFactory [48] Hibernate is in classpath; If applicable, HQL parser will be used.
2025-01-23 23:40:46,044 WARN [main] org.springframework.boot.autoconfigure.orm.jpa.JpaBaseConfiguration$JpaWebConfiguration [231] spring.jpa.open-in-view is enabled by default. Therefore, database queries may be performed during view rendering. Explicitly configure spring.jpa.open-in-view to disable this warning
2025-01-23 23:40:46,473 INFO [main] org.apache.juli.logging.DirectJDKLog [173] Starting ProtocolHandler ["http-nio-4143"]
2025-01-23 23:40:46,496 INFO [main] org.springframework.boot.web.embedded.tomcat.TomcatWebServer [220] Tomcat started on port(s): 4143 (http) with context path ''
2025-01-23 23:40:46,512 INFO [main] org.springframework.boot.StartupInfoLogger [57] Started AppanMasterServiceApplication in 13.468 seconds (process running for 14.188)
2025-01-23 23:43:03,336 INFO [http-nio-4143-exec-2] org.apache.juli.logging.DirectJDKLog [173] Initializing Spring DispatcherServlet 'dispatcherServlet'
2025-01-23 23:43:03,337 INFO [http-nio-4143-exec-2] org.springframework.web.servlet.FrameworkServlet [532] Initializing Servlet 'dispatcherServlet'
2025-01-23 23:43:03,343 INFO [http-nio-4143-exec-2] org.springframework.web.servlet.FrameworkServlet [554] Completed initialization in 4 ms
2025-01-23 23:43:03,688 INFO [http-nio-4143-exec-2] com.appan.LoggingFilter [65] Request URI: /master/pincode/fetchStateCityBlock
2025-01-23 23:43:03,691 INFO [http-nio-4143-exec-2] com.appan.LoggingFilter [66] Request Method: POST
2025-01-23 23:43:03,692 INFO [http-nio-4143-exec-2] com.appan.LoggingFilter [67] Request Headers: content-type: application/json, user-agent: PostmanRuntime/7.43.0, accept: */*, postman-token: 3a369c38-f94e-4da8-8832-53bc26f896ea, host: localhost:4143, accept-encoding: gzip, deflate, br, connection: keep-alive, content-length: 34, 
2025-01-23 23:43:03,692 INFO [http-nio-4143-exec-2] com.appan.LoggingFilter [68] Request Parameters: 
2025-01-23 23:43:03,711 INFO [http-nio-4143-exec-2] com.appan.LoggingFilter [69] Request Body: {"pincode":"110001"}
2025-01-23 23:43:03,712 INFO [http-nio-4143-exec-2] com.appan.LoggingFilter [72] Response Status: 200
2025-01-23 23:43:03,712 INFO [http-nio-4143-exec-2] com.appan.LoggingFilter [73] Response Headers: Vary: Origin, Vary: Origin, Vary: Origin, 
2025-01-23 23:43:03,713 INFO [http-nio-4143-exec-2] com.appan.LoggingFilter [74] Response Body: {"status":false,"message":"invalid details","respCode":"01","data":{"errorFields":{"username":"Username cannot be Blank"}}}
2025-01-23 23:43:13,961 INFO [http-nio-4143-exec-4] com.appan.LoggingFilter [65] Request URI: /master/pincode/fetchStateCityBlock
2025-01-23 23:43:13,962 INFO [http-nio-4143-exec-4] com.appan.LoggingFilter [66] Request Method: POST
2025-01-23 23:43:13,962 INFO [http-nio-4143-exec-4] com.appan.LoggingFilter [67] Request Headers: content-type: application/json, user-agent: PostmanRuntime/7.43.0, accept: */*, postman-token: 5aac5f0c-bf47-4c96-bad8-e8795b0e0e5e, host: localhost:4143, accept-encoding: gzip, deflate, br, connection: keep-alive, content-length: 56, 
2025-01-23 23:43:13,963 INFO [http-nio-4143-exec-4] com.appan.LoggingFilter [68] Request Parameters: 
2025-01-23 23:43:13,963 INFO [http-nio-4143-exec-4] com.appan.LoggingFilter [69] Request Body: {"username":"system","pincode":"110001"}
2025-01-23 23:43:13,963 INFO [http-nio-4143-exec-4] com.appan.LoggingFilter [72] Response Status: 200
2025-01-23 23:43:13,963 INFO [http-nio-4143-exec-4] com.appan.LoggingFilter [73] Response Headers: Vary: Origin, Vary: Origin, Vary: Origin, 
2025-01-23 23:43:13,965 INFO [http-nio-4143-exec-4] com.appan.LoggingFilter [74] Response Body: {"status":true,"message":"Pincode found","respCode":"00","data":{"pincode":"110001","block_po_name":"Connaught Place"}}
2025-01-23 23:54:28,764 INFO [background-preinit] org.hibernate.validator.internal.util.Version [21] HV000001: Hibernate Validator 8.0.1.Final
2025-01-23 23:54:28,813 INFO [main] org.springframework.boot.StartupInfoLogger [51] Starting AppanMasterServiceApplication using Java 23.0.1 with PID 480 (D:\ZIP_File\AppanMasterService\AppanMasterService\target\classes started by gadeg in D:\ZIP_File\AppanMasterService\AppanMasterService)
2025-01-23 23:54:28,814 INFO [main] org.springframework.boot.SpringApplication [638] No active profile set, falling back to 1 default profile: "default"
2025-01-23 23:54:29,944 INFO [main] org.springframework.data.repository.config.RepositoryConfigurationDelegate [138] Bootstrapping Spring Data JPA repositories in DEFAULT mode.
2025-01-23 23:54:30,208 INFO [main] org.springframework.data.repository.config.RepositoryConfigurationDelegate [207] Finished Spring Data repository scanning in 256 ms. Found 74 JPA repository interfaces.
2025-01-23 23:54:31,570 INFO [main] org.springframework.boot.web.embedded.tomcat.TomcatWebServer [108] Tomcat initialized with port(s): 4143 (http)
2025-01-23 23:54:31,580 INFO [main] org.apache.juli.logging.DirectJDKLog [173] Initializing ProtocolHandler ["http-nio-4143"]
2025-01-23 23:54:31,583 INFO [main] org.apache.juli.logging.DirectJDKLog [173] Starting service [Tomcat]
2025-01-23 23:54:31,583 INFO [main] org.apache.juli.logging.DirectJDKLog [173] Starting Servlet engine: [Apache Tomcat/10.1.19]
2025-01-23 23:54:31,759 INFO [main] org.apache.juli.logging.DirectJDKLog [173] Initializing Spring embedded WebApplicationContext
2025-01-23 23:54:31,766 INFO [main] org.springframework.boot.web.servlet.context.ServletWebServerApplicationContext [291] Root WebApplicationContext: initialization completed in 2876 ms
2025-01-23 23:54:31,937 INFO [main] com.zaxxer.hikari.HikariDataSource [110] HikariPool - Starting...
2025-01-23 23:54:34,659 INFO [main] com.zaxxer.hikari.pool.HikariPool [565] HikariPool - Added connection org.postgresql.jdbc.PgConnection@4628a02b
2025-01-23 23:54:34,661 INFO [main] com.zaxxer.hikari.HikariDataSource [123] HikariPool - Start completed.
2025-01-23 23:54:34,726 INFO [main] org.hibernate.jpa.internal.util.LogHelper [31] HHH000204: Processing PersistenceUnitInfo [name: default]
2025-01-23 23:54:34,800 INFO [main] org.hibernate.Version [44] HHH000412: Hibernate ORM core version 6.2.22.Final
2025-01-23 23:54:34,815 INFO [main] org.hibernate.cfg.Environment [191] HHH000406: Using bytecode reflection optimizer
2025-01-23 23:54:35,155 INFO [main] org.springframework.orm.jpa.persistenceunit.SpringPersistenceUnitInfo [87] No LoadTimeWeaver setup: ignoring JPA class transformer
2025-01-23 23:54:35,208 WARN [main] org.hibernate.engine.jdbc.dialect.internal.DialectFactoryImpl [152] HHH90000025: PostgreSQLDialect does not need to be specified explicitly using 'hibernate.dialect' (remove the property setting and it will be selected by default)
2025-01-23 23:54:36,267 WARN [main] org.hibernate.mapping.RootClass [356] HHH000038: Composite-id class does not override equals(): com.appan.entity.PasswordHistoryId
2025-01-23 23:54:36,268 WARN [main] org.hibernate.mapping.RootClass [359] HHH000039: Composite-id class does not override hashCode(): com.appan.entity.PasswordHistoryId
2025-01-23 23:54:37,820 INFO [main] org.hibernate.engine.transaction.jta.platform.internal.JtaPlatformInitiator [55] HHH000489: No JTA platform available (set 'hibernate.transaction.jta.platform' to enable JTA platform integration)
2025-01-23 23:54:37,822 INFO [main] org.springframework.orm.jpa.AbstractEntityManagerFactoryBean [437] Initialized JPA EntityManagerFactory for persistence unit 'default'
2025-01-23 23:54:38,290 INFO [main] org.springframework.data.jpa.repository.query.QueryEnhancerFactory [48] Hibernate is in classpath; If applicable, HQL parser will be used.
2025-01-23 23:54:41,870 WARN [main] org.springframework.boot.autoconfigure.orm.jpa.JpaBaseConfiguration$JpaWebConfiguration [231] spring.jpa.open-in-view is enabled by default. Therefore, database queries may be performed during view rendering. Explicitly configure spring.jpa.open-in-view to disable this warning
2025-01-23 23:54:42,289 INFO [main] org.apache.juli.logging.DirectJDKLog [173] Starting ProtocolHandler ["http-nio-4143"]
2025-01-23 23:54:42,309 INFO [main] org.springframework.boot.web.embedded.tomcat.TomcatWebServer [220] Tomcat started on port(s): 4143 (http) with context path ''
2025-01-23 23:54:42,324 INFO [main] org.springframework.boot.StartupInfoLogger [57] Started AppanMasterServiceApplication in 13.842 seconds (process running for 14.619)
2025-01-23 23:55:04,336 INFO [http-nio-4143-exec-1] org.apache.juli.logging.DirectJDKLog [173] Initializing Spring DispatcherServlet 'dispatcherServlet'
2025-01-23 23:55:04,336 INFO [http-nio-4143-exec-1] org.springframework.web.servlet.FrameworkServlet [532] Initializing Servlet 'dispatcherServlet'
2025-01-23 23:55:04,339 INFO [http-nio-4143-exec-1] org.springframework.web.servlet.FrameworkServlet [554] Completed initialization in 2 ms
2025-01-23 23:55:04,820 INFO [http-nio-4143-exec-1] com.appan.LoggingFilter [65] Request URI: /master/pincode/fetchStateCityBlock
2025-01-23 23:55:04,820 INFO [http-nio-4143-exec-1] com.appan.LoggingFilter [66] Request Method: POST
2025-01-23 23:55:04,820 INFO [http-nio-4143-exec-1] com.appan.LoggingFilter [67] Request Headers: content-type: application/json, user-agent: PostmanRuntime/7.43.0, accept: */*, postman-token: db030a83-b645-4d90-afbe-bf58e625b6f3, host: localhost:4143, accept-encoding: gzip, deflate, br, connection: keep-alive, content-length: 56, 
2025-01-23 23:55:04,820 INFO [http-nio-4143-exec-1] com.appan.LoggingFilter [68] Request Parameters: 
2025-01-23 23:55:04,825 INFO [http-nio-4143-exec-1] com.appan.LoggingFilter [69] Request Body: {"username":"system","pincode":"110001"}
2025-01-23 23:55:04,825 INFO [http-nio-4143-exec-1] com.appan.LoggingFilter [72] Response Status: 200
2025-01-23 23:55:04,825 INFO [http-nio-4143-exec-1] com.appan.LoggingFilter [73] Response Headers: Vary: Origin, Vary: Origin, Vary: Origin, 
2025-01-23 23:55:04,826 INFO [http-nio-4143-exec-1] com.appan.LoggingFilter [74] Response Body: {"status":true,"message":"Pincode and block_po_name found, but city_name not found","respCode":"02","data":{"pincode":"110001","block_po_name":"Connaught Place"}}
2025-01-23 23:57:35,527 INFO [http-nio-4143-exec-6] com.appan.LoggingFilter [65] Request URI: /master/pincode/fetchStateCityBlock
2025-01-23 23:57:35,527 INFO [http-nio-4143-exec-6] com.appan.LoggingFilter [66] Request Method: POST
2025-01-23 23:57:35,528 INFO [http-nio-4143-exec-6] com.appan.LoggingFilter [67] Request Headers: content-type: application/json, user-agent: PostmanRuntime/7.43.0, accept: */*, postman-token: 652872a3-ccaa-4edf-87cf-a7d0c8fce70b, host: localhost:4143, accept-encoding: gzip, deflate, br, connection: keep-alive, content-length: 56, 
2025-01-23 23:57:35,528 INFO [http-nio-4143-exec-6] com.appan.LoggingFilter [68] Request Parameters: 
2025-01-23 23:57:35,528 INFO [http-nio-4143-exec-6] com.appan.LoggingFilter [69] Request Body: {"username":"system","pincode":"110001"}
2025-01-23 23:57:35,528 INFO [http-nio-4143-exec-6] com.appan.LoggingFilter [72] Response Status: 200
2025-01-23 23:57:35,528 INFO [http-nio-4143-exec-6] com.appan.LoggingFilter [73] Response Headers: Vary: Origin, Vary: Origin, Vary: Origin, 
2025-01-23 23:57:35,528 INFO [http-nio-4143-exec-6] com.appan.LoggingFilter [74] Response Body: {"status":true,"message":"City name found, but district_name and state_name not found","respCode":"03","data":{"pincode":"110001","city_name":"Delhi","block_po_name":"Connaught Place"}}
