2025-01-24 00:04:19,161 INFO [http-nio-4143-exec-9] com.appan.LoggingFilter [65] Request URI: /master/pincode/fetchStateCityBlock
2025-01-24 00:04:19,165 INFO [http-nio-4143-exec-9] com.appan.LoggingFilter [66] Request Method: POST
2025-01-24 00:04:19,166 INFO [http-nio-4143-exec-9] com.appan.LoggingFilter [67] Request Headers: content-type: application/json, user-agent: PostmanRuntime/7.43.0, accept: */*, postman-token: 6ece52f1-0866-4aa0-a83c-366d4bc752a9, host: localhost:4143, accept-encoding: gzip, deflate, br, connection: keep-alive, content-length: 56, 
2025-01-24 00:04:19,166 INFO [http-nio-4143-exec-9] com.appan.LoggingFilter [68] Request Parameters: 
2025-01-24 00:04:19,167 INFO [http-nio-4143-exec-9] com.appan.LoggingFilter [69] Request Body: {"username":"system","pincode":"110001"}
2025-01-24 00:04:19,176 INFO [http-nio-4143-exec-9] com.appan.LoggingFilter [72] Response Status: 200
2025-01-24 00:04:19,176 INFO [http-nio-4143-exec-9] com.appan.LoggingFilter [73] Response Headers: Vary: Origin, Vary: Origin, Vary: Origin, 
2025-01-24 00:04:19,179 INFO [http-nio-4143-exec-9] com.appan.LoggingFilter [74] Response Body: {"status":true,"message":"Pincode found","respCode":"00","data":{"pincode":"110001","district_name":"test","city_name":"Delhi","state_name":"Active","block_po_name":"Connaught Place"}}
2025-01-24 11:40:53,478 INFO [background-preinit] org.hibernate.validator.internal.util.Version [21] HV000001: Hibernate Validator 8.0.1.Final
2025-01-24 11:40:53,515 INFO [main] org.springframework.boot.StartupInfoLogger [51] Starting AppanMasterServiceApplication using Java 23.0.1 with PID 13432 (D:\ZIP_File\AppanMasterService\AppanMasterService\target\classes started by gadeg in D:\ZIP_File\AppanMasterService\AppanMasterService)
2025-01-24 11:40:53,516 INFO [main] org.springframework.boot.SpringApplication [638] No active profile set, falling back to 1 default profile: "default"
2025-01-24 11:40:54,295 INFO [main] org.springframework.data.repository.config.RepositoryConfigurationDelegate [138] Bootstrapping Spring Data JPA repositories in DEFAULT mode.
2025-01-24 11:40:54,464 INFO [main] org.springframework.data.repository.config.RepositoryConfigurationDelegate [207] Finished Spring Data repository scanning in 164 ms. Found 74 JPA repository interfaces.
2025-01-24 11:40:55,452 INFO [main] org.springframework.boot.web.embedded.tomcat.TomcatWebServer [108] Tomcat initialized with port(s): 4143 (http)
2025-01-24 11:40:55,461 INFO [main] org.apache.juli.logging.DirectJDKLog [173] Initializing ProtocolHandler ["http-nio-4143"]
2025-01-24 11:40:55,463 INFO [main] org.apache.juli.logging.DirectJDKLog [173] Starting service [Tomcat]
2025-01-24 11:40:55,464 INFO [main] org.apache.juli.logging.DirectJDKLog [173] Starting Servlet engine: [Apache Tomcat/10.1.19]
2025-01-24 11:40:55,603 INFO [main] org.apache.juli.logging.DirectJDKLog [173] Initializing Spring embedded WebApplicationContext
2025-01-24 11:40:55,605 INFO [main] org.springframework.boot.web.servlet.context.ServletWebServerApplicationContext [291] Root WebApplicationContext: initialization completed in 2039 ms
2025-01-24 11:40:55,792 INFO [main] com.zaxxer.hikari.HikariDataSource [110] HikariPool - Starting...
2025-01-24 11:40:56,220 INFO [main] com.zaxxer.hikari.pool.HikariPool [565] HikariPool - Added connection org.postgresql.jdbc.PgConnection@2b01c689
2025-01-24 11:40:56,222 INFO [main] com.zaxxer.hikari.HikariDataSource [123] HikariPool - Start completed.
2025-01-24 11:40:56,257 INFO [main] org.hibernate.jpa.internal.util.LogHelper [31] HHH000204: Processing PersistenceUnitInfo [name: default]
2025-01-24 11:40:56,290 INFO [main] org.hibernate.Version [44] HHH000412: Hibernate ORM core version 6.2.22.Final
2025-01-24 11:40:56,291 INFO [main] org.hibernate.cfg.Environment [191] HHH000406: Using bytecode reflection optimizer
2025-01-24 11:40:56,490 INFO [main] org.springframework.orm.jpa.persistenceunit.SpringPersistenceUnitInfo [87] No LoadTimeWeaver setup: ignoring JPA class transformer
2025-01-24 11:40:56,532 WARN [main] org.hibernate.engine.jdbc.dialect.internal.DialectFactoryImpl [152] HHH90000025: PostgreSQLDialect does not need to be specified explicitly using 'hibernate.dialect' (remove the property setting and it will be selected by default)
2025-01-24 11:40:57,084 WARN [main] org.hibernate.mapping.RootClass [356] HHH000038: Composite-id class does not override equals(): com.appan.entity.PasswordHistoryId
2025-01-24 11:40:57,084 WARN [main] org.hibernate.mapping.RootClass [359] HHH000039: Composite-id class does not override hashCode(): com.appan.entity.PasswordHistoryId
2025-01-24 11:40:58,078 INFO [main] org.hibernate.engine.transaction.jta.platform.internal.JtaPlatformInitiator [55] HHH000489: No JTA platform available (set 'hibernate.transaction.jta.platform' to enable JTA platform integration)
2025-01-24 11:40:58,080 INFO [main] org.springframework.orm.jpa.AbstractEntityManagerFactoryBean [437] Initialized JPA EntityManagerFactory for persistence unit 'default'
2025-01-24 11:40:58,304 INFO [main] org.springframework.data.jpa.repository.query.QueryEnhancerFactory [48] Hibernate is in classpath; If applicable, HQL parser will be used.
2025-01-24 11:41:00,926 WARN [main] org.springframework.boot.autoconfigure.orm.jpa.JpaBaseConfiguration$JpaWebConfiguration [231] spring.jpa.open-in-view is enabled by default. Therefore, database queries may be performed during view rendering. Explicitly configure spring.jpa.open-in-view to disable this warning
2025-01-24 11:41:01,223 INFO [main] org.apache.juli.logging.DirectJDKLog [173] Starting ProtocolHandler ["http-nio-4143"]
2025-01-24 11:41:01,259 INFO [main] org.springframework.boot.web.embedded.tomcat.TomcatWebServer [220] Tomcat started on port(s): 4143 (http) with context path ''
2025-01-24 11:41:01,274 INFO [main] org.springframework.boot.StartupInfoLogger [57] Started AppanMasterServiceApplication in 8.008 seconds (process running for 8.401)
2025-01-24 13:09:28,635 INFO [background-preinit] org.hibernate.validator.internal.util.Version [21] HV000001: Hibernate Validator 8.0.1.Final
2025-01-24 13:09:28,669 INFO [main] org.springframework.boot.StartupInfoLogger [51] Starting AppanMasterServiceApplication using Java 23.0.1 with PID 19244 (D:\ZIP_File\AppanMasterService\AppanMasterService\target\classes started by gadeg in D:\ZIP_File\AppanMasterService\AppanMasterService)
2025-01-24 13:09:28,670 INFO [main] org.springframework.boot.SpringApplication [638] No active profile set, falling back to 1 default profile: "default"
2025-01-24 13:09:29,432 INFO [main] org.springframework.data.repository.config.RepositoryConfigurationDelegate [138] Bootstrapping Spring Data JPA repositories in DEFAULT mode.
2025-01-24 13:09:29,620 INFO [main] org.springframework.data.repository.config.RepositoryConfigurationDelegate [207] Finished Spring Data repository scanning in 182 ms. Found 74 JPA repository interfaces.
2025-01-24 13:09:30,631 INFO [main] org.springframework.boot.web.embedded.tomcat.TomcatWebServer [108] Tomcat initialized with port(s): 4143 (http)
2025-01-24 13:09:30,641 INFO [main] org.apache.juli.logging.DirectJDKLog [173] Initializing ProtocolHandler ["http-nio-4143"]
2025-01-24 13:09:30,643 INFO [main] org.apache.juli.logging.DirectJDKLog [173] Starting service [Tomcat]
2025-01-24 13:09:30,644 INFO [main] org.apache.juli.logging.DirectJDKLog [173] Starting Servlet engine: [Apache Tomcat/10.1.19]
2025-01-24 13:09:30,765 INFO [main] org.apache.juli.logging.DirectJDKLog [173] Initializing Spring embedded WebApplicationContext
2025-01-24 13:09:30,766 INFO [main] org.springframework.boot.web.servlet.context.ServletWebServerApplicationContext [291] Root WebApplicationContext: initialization completed in 2047 ms
2025-01-24 13:09:30,939 INFO [main] com.zaxxer.hikari.HikariDataSource [110] HikariPool - Starting...
2025-01-24 13:09:31,316 INFO [main] com.zaxxer.hikari.pool.HikariPool [565] HikariPool - Added connection org.postgresql.jdbc.PgConnection@2b01c689
2025-01-24 13:09:31,317 INFO [main] com.zaxxer.hikari.HikariDataSource [123] HikariPool - Start completed.
2025-01-24 13:09:31,353 INFO [main] org.hibernate.jpa.internal.util.LogHelper [31] HHH000204: Processing PersistenceUnitInfo [name: default]
2025-01-24 13:09:31,396 INFO [main] org.hibernate.Version [44] HHH000412: Hibernate ORM core version 6.2.22.Final
2025-01-24 13:09:31,397 INFO [main] org.hibernate.cfg.Environment [191] HHH000406: Using bytecode reflection optimizer
2025-01-24 13:09:31,589 INFO [main] org.springframework.orm.jpa.persistenceunit.SpringPersistenceUnitInfo [87] No LoadTimeWeaver setup: ignoring JPA class transformer
2025-01-24 13:09:31,622 WARN [main] org.hibernate.engine.jdbc.dialect.internal.DialectFactoryImpl [152] HHH90000025: PostgreSQLDialect does not need to be specified explicitly using 'hibernate.dialect' (remove the property setting and it will be selected by default)
2025-01-24 13:09:32,167 WARN [main] org.hibernate.mapping.RootClass [356] HHH000038: Composite-id class does not override equals(): com.appan.entity.PasswordHistoryId
2025-01-24 13:09:32,168 WARN [main] org.hibernate.mapping.RootClass [359] HHH000039: Composite-id class does not override hashCode(): com.appan.entity.PasswordHistoryId
2025-01-24 13:09:33,170 INFO [main] org.hibernate.engine.transaction.jta.platform.internal.JtaPlatformInitiator [55] HHH000489: No JTA platform available (set 'hibernate.transaction.jta.platform' to enable JTA platform integration)
2025-01-24 13:09:33,172 INFO [main] org.springframework.orm.jpa.AbstractEntityManagerFactoryBean [437] Initialized JPA EntityManagerFactory for persistence unit 'default'
2025-01-24 13:09:33,424 INFO [main] org.springframework.data.jpa.repository.query.QueryEnhancerFactory [48] Hibernate is in classpath; If applicable, HQL parser will be used.
2025-01-24 13:09:36,083 WARN [main] org.springframework.boot.autoconfigure.orm.jpa.JpaBaseConfiguration$JpaWebConfiguration [231] spring.jpa.open-in-view is enabled by default. Therefore, database queries may be performed during view rendering. Explicitly configure spring.jpa.open-in-view to disable this warning
2025-01-24 13:09:36,372 INFO [main] org.apache.juli.logging.DirectJDKLog [173] Starting ProtocolHandler ["http-nio-4143"]
2025-01-24 13:09:36,403 INFO [main] org.springframework.boot.web.embedded.tomcat.TomcatWebServer [220] Tomcat started on port(s): 4143 (http) with context path ''
2025-01-24 13:09:36,414 INFO [main] org.springframework.boot.StartupInfoLogger [57] Started AppanMasterServiceApplication in 7.984 seconds (process running for 8.374)
2025-01-24 13:09:52,442 INFO [http-nio-4143-exec-2] org.apache.juli.logging.DirectJDKLog [173] Initializing Spring DispatcherServlet 'dispatcherServlet'
2025-01-24 13:09:52,442 INFO [http-nio-4143-exec-2] org.springframework.web.servlet.FrameworkServlet [532] Initializing Servlet 'dispatcherServlet'
2025-01-24 13:09:52,443 INFO [http-nio-4143-exec-2] org.springframework.web.servlet.FrameworkServlet [554] Completed initialization in 1 ms
2025-01-24 13:09:52,526 INFO [http-nio-4143-exec-2] com.appan.usermenu.services.UsermenuBrowseService [47] 

**************************** FETCH USERMENU DETAILS *************************************
2025-01-24 13:09:52,669 INFO [http-nio-4143-exec-2] com.appan.LoggingFilter [65] Request URI: /master/role/fetch
2025-01-24 13:09:52,669 INFO [http-nio-4143-exec-2] com.appan.LoggingFilter [66] Request Method: POST
2025-01-24 13:09:52,670 INFO [http-nio-4143-exec-2] com.appan.LoggingFilter [67] Request Headers: authtoken: {{authToken}}, session_id: c96c6455-4cb3-4274-b42e-769cf2527d74, content-type: application/json, user-agent: PostmanRuntime/7.43.0, accept: */*, postman-token: 383b4f2c-60c7-4ed1-b309-70d05fd94abb, host: localhost:4143, accept-encoding: gzip, deflate, br, connection: keep-alive, content-length: 56, 
2025-01-24 13:09:52,670 INFO [http-nio-4143-exec-2] com.appan.LoggingFilter [68] Request Parameters: 
2025-01-24 13:09:52,674 INFO [http-nio-4143-exec-2] com.appan.LoggingFilter [69] Request Body: {"username":"system","userProfile":""}
2025-01-24 13:09:52,674 INFO [http-nio-4143-exec-2] com.appan.LoggingFilter [72] Response Status: 200
2025-01-24 13:09:52,674 INFO [http-nio-4143-exec-2] com.appan.LoggingFilter [73] Response Headers: Vary: Origin, Vary: Origin, Vary: Origin, 
2025-01-24 13:09:52,675 INFO [http-nio-4143-exec-2] com.appan.LoggingFilter [74] Response Body: {"status":true,"message":"SUCCESS","respCode":"00","data":[{"menuId":13.0,"userProfile":"Administrator","userRole":"SAM","menu":"000000000000000000000000000000000000000000000000000000000000000000000000000000000000000000000000000000000000000000000000000000000000000000000000000000000000000000000000000000000000000000000000000000000000000000000000000000000000000000000000000000000000000000000000000000000000000000000000000000000000000000000000000000000000000000000000000000000000000000000000000000000000","status":"Active","createdBy":"RUPALI01","createdDt":"16-01-2025 02:54:14","modifyBy":"AMAN01","modifyDt":"24-01-2025 10:01:59","authStatus":"IN-ACTIVE","roleName":"Administrator"},{"menuId":12.0,"userProfile":"Back Office","userRole":"BO","menu":"000000000000000000000000000000000000000000000000000000000000000000000000000000000000000000000000000000000000000000000000000000000000000000000000000000000000000000000000000000000000000000000000000000000000000000000000000000000000000000000000000000000000000000000000000000000000000000000000000000000000000000000000000000000000000000000000000000000000000000000000000000000000","status":"Active","createdBy":"RUPALI01","createdDt":"16-01-2025 02:53:29","authStatus":"IN-ACTIVE","roleName":"Back Office"},{"menuId":11.0,"userProfile":"Sales Managers","userRole":"SM","menu":"000000000000000000000000000000000000000000000000000000000000000000000000000000000000000000000000000000000000000000000000000000000000000000000000000000000000000000000000000000000000000000000000000000000000000000000000000000000000000000000000000000000000000000000000000000000000000000000000000000000000000000000000000000000000000000000000000000000000000000000000000000000000","status":"Active","createdBy":"RUPALI01","createdDt":"16-01-2025 02:52:53","authStatus":"IN-ACTIVE","roleName":"Sales Manager"},{"menuId":10.0,"userProfile":"White Label","userRole":"WL","menu":"000000000000000000000000000000000000000000000000000000000000000000000000000000000000000000000000000000000000000000000000000000000000000000000000000000000000000000000000000000000000000000000000000000000000000000000000000000000000000000000000000000000000000000000000000000000000000000000000000000000000000000000000000000000000000000000000000000000000000000000000000000000000","status":"Active","createdBy":"RUPALI01","createdDt":"16-01-2025 02:52:07","authStatus":"IN-ACTIVE","roleName":"White Label"},{"menuId":9.0,"userProfile":"Master Distributor","userRole":"MD","menu":"000000000000000000000000000000000000000000000000000000000000000000000000000000000000000000000000000000000000000000000000000000000000000000000000000000000000000000000000000000000000000000000000000000000000000000000000000000000000000000000000000000000000000000000000000000000000000000000000000000000000000000000000000000000000000000000000000000000000000000000000000000000000","status":"Active","createdBy":"RUPALI01","createdDt":"16-01-2025 02:51:31","authStatus":"IN-ACTIVE","roleName":"Master Distributor"},{"menuId":8.0,"userProfile":"Area Distributor","userRole":"AD","menu":"000000000000000000000000000000000000000000000000000000000000000000000000000000000000000000000000000000000000000000000000000000000000000000000000000000000000000000000000000000000000000000000000000000000000000000000000000000000000000000000000000000000000000000000000000000000000000000000000000000000000000000000000000000000000000000000000000000000000000000000000000000000000","status":"Active","createdBy":"RUPALI01","createdDt":"16-01-2025 02:50:51","authStatus":"IN-ACTIVE","roleName":"Area Distributor"},{"menuId":7.0,"userProfile":"Retailer","userRole":"RT","menu":"000000000000000000000000000000000000000000000000000000000000000000000000000000000000000000000000000000000000000000000000000000000000000000000000000000000000000000000000000000000000000000000000000000000000000000000000000000000000000000000000000000000000000000000000000000000000000000000000000000000000000000000000000000000000000000000000000000000000000000000000000000000000","status":"Active","createdBy":"RUPALI01","createdDt":"16-01-2025 02:50:15","authStatus":"IN-ACTIVE","roleName":"Retailer"}],"pageDetails":{"pageNo":1.0,"totalRecords":7.0,"noOfPages":1.0,"pageSize":10.0}}
2025-01-24 15:04:56,579 INFO [background-preinit] org.hibernate.validator.internal.util.Version [21] HV000001: Hibernate Validator 8.0.1.Final
2025-01-24 15:04:56,618 INFO [main] org.springframework.boot.StartupInfoLogger [51] Starting AppanMasterServiceApplication using Java 23.0.1 with PID 24020 (D:\ZIP_File\AppanMasterService\AppanMasterService\target\classes started by gadeg in D:\ZIP_File\AppanMasterService\AppanMasterService)
2025-01-24 15:04:56,618 INFO [main] org.springframework.boot.SpringApplication [638] No active profile set, falling back to 1 default profile: "default"
2025-01-24 15:04:57,369 INFO [main] org.springframework.data.repository.config.RepositoryConfigurationDelegate [138] Bootstrapping Spring Data JPA repositories in DEFAULT mode.
2025-01-24 15:04:57,544 INFO [main] org.springframework.data.repository.config.RepositoryConfigurationDelegate [207] Finished Spring Data repository scanning in 168 ms. Found 74 JPA repository interfaces.
2025-01-24 15:04:58,589 INFO [main] org.springframework.boot.web.embedded.tomcat.TomcatWebServer [108] Tomcat initialized with port(s): 4143 (http)
2025-01-24 15:04:58,597 INFO [main] org.apache.juli.logging.DirectJDKLog [173] Initializing ProtocolHandler ["http-nio-4143"]
2025-01-24 15:04:58,601 INFO [main] org.apache.juli.logging.DirectJDKLog [173] Starting service [Tomcat]
2025-01-24 15:04:58,601 INFO [main] org.apache.juli.logging.DirectJDKLog [173] Starting Servlet engine: [Apache Tomcat/10.1.19]
2025-01-24 15:04:58,706 INFO [main] org.apache.juli.logging.DirectJDKLog [173] Initializing Spring embedded WebApplicationContext
2025-01-24 15:04:58,712 INFO [main] org.springframework.boot.web.servlet.context.ServletWebServerApplicationContext [291] Root WebApplicationContext: initialization completed in 2047 ms
2025-01-24 15:04:58,883 INFO [main] com.zaxxer.hikari.HikariDataSource [110] HikariPool - Starting...
2025-01-24 15:04:59,356 INFO [main] com.zaxxer.hikari.pool.HikariPool [565] HikariPool - Added connection org.postgresql.jdbc.PgConnection@2b01c689
2025-01-24 15:04:59,357 INFO [main] com.zaxxer.hikari.HikariDataSource [123] HikariPool - Start completed.
2025-01-24 15:04:59,394 INFO [main] org.hibernate.jpa.internal.util.LogHelper [31] HHH000204: Processing PersistenceUnitInfo [name: default]
2025-01-24 15:04:59,427 INFO [main] org.hibernate.Version [44] HHH000412: Hibernate ORM core version 6.2.22.Final
2025-01-24 15:04:59,429 INFO [main] org.hibernate.cfg.Environment [191] HHH000406: Using bytecode reflection optimizer
2025-01-24 15:04:59,678 INFO [main] org.springframework.orm.jpa.persistenceunit.SpringPersistenceUnitInfo [87] No LoadTimeWeaver setup: ignoring JPA class transformer
2025-01-24 15:04:59,723 WARN [main] org.hibernate.engine.jdbc.dialect.internal.DialectFactoryImpl [152] HHH90000025: PostgreSQLDialect does not need to be specified explicitly using 'hibernate.dialect' (remove the property setting and it will be selected by default)
2025-01-24 15:05:00,466 WARN [main] org.hibernate.mapping.RootClass [356] HHH000038: Composite-id class does not override equals(): com.appan.entity.PasswordHistoryId
2025-01-24 15:05:00,466 WARN [main] org.hibernate.mapping.RootClass [359] HHH000039: Composite-id class does not override hashCode(): com.appan.entity.PasswordHistoryId
2025-01-24 15:05:01,634 INFO [main] org.hibernate.engine.transaction.jta.platform.internal.JtaPlatformInitiator [55] HHH000489: No JTA platform available (set 'hibernate.transaction.jta.platform' to enable JTA platform integration)
2025-01-24 15:05:01,637 INFO [main] org.springframework.orm.jpa.AbstractEntityManagerFactoryBean [437] Initialized JPA EntityManagerFactory for persistence unit 'default'
2025-01-24 15:05:01,927 INFO [main] org.springframework.data.jpa.repository.query.QueryEnhancerFactory [48] Hibernate is in classpath; If applicable, HQL parser will be used.
2025-01-24 15:05:04,650 WARN [main] org.springframework.boot.autoconfigure.orm.jpa.JpaBaseConfiguration$JpaWebConfiguration [231] spring.jpa.open-in-view is enabled by default. Therefore, database queries may be performed during view rendering. Explicitly configure spring.jpa.open-in-view to disable this warning
2025-01-24 15:05:04,943 INFO [main] org.apache.juli.logging.DirectJDKLog [173] Starting ProtocolHandler ["http-nio-4143"]
2025-01-24 15:05:04,963 INFO [main] org.springframework.boot.web.embedded.tomcat.TomcatWebServer [220] Tomcat started on port(s): 4143 (http) with context path ''
2025-01-24 15:05:04,974 INFO [main] org.springframework.boot.StartupInfoLogger [57] Started AppanMasterServiceApplication in 8.595 seconds (process running for 8.974)
2025-01-24 16:26:30,270 INFO [background-preinit] org.hibernate.validator.internal.util.Version [21] HV000001: Hibernate Validator 8.0.1.Final
2025-01-24 16:26:30,306 INFO [main] org.springframework.boot.StartupInfoLogger [51] Starting AppanMasterServiceApplication using Java 23.0.1 with PID 26780 (D:\ZIP_File\AppanMasterService\AppanMasterService\target\classes started by gadeg in D:\ZIP_File\AppanMasterService\AppanMasterService)
2025-01-24 16:26:30,306 INFO [main] org.springframework.boot.SpringApplication [638] No active profile set, falling back to 1 default profile: "default"
2025-01-24 16:26:31,101 INFO [main] org.springframework.data.repository.config.RepositoryConfigurationDelegate [138] Bootstrapping Spring Data JPA repositories in DEFAULT mode.
2025-01-24 16:26:31,278 INFO [main] org.springframework.data.repository.config.RepositoryConfigurationDelegate [207] Finished Spring Data repository scanning in 172 ms. Found 74 JPA repository interfaces.
2025-01-24 16:26:32,228 INFO [main] org.springframework.boot.web.embedded.tomcat.TomcatWebServer [108] Tomcat initialized with port(s): 4143 (http)
2025-01-24 16:26:32,237 INFO [main] org.apache.juli.logging.DirectJDKLog [173] Initializing ProtocolHandler ["http-nio-4143"]
2025-01-24 16:26:32,239 INFO [main] org.apache.juli.logging.DirectJDKLog [173] Starting service [Tomcat]
2025-01-24 16:26:32,239 INFO [main] org.apache.juli.logging.DirectJDKLog [173] Starting Servlet engine: [Apache Tomcat/10.1.19]
2025-01-24 16:26:32,334 INFO [main] org.apache.juli.logging.DirectJDKLog [173] Initializing Spring embedded WebApplicationContext
2025-01-24 16:26:32,336 INFO [main] org.springframework.boot.web.servlet.context.ServletWebServerApplicationContext [291] Root WebApplicationContext: initialization completed in 1979 ms
2025-01-24 16:26:32,491 INFO [main] com.zaxxer.hikari.HikariDataSource [110] HikariPool - Starting...
2025-01-24 16:26:32,957 INFO [main] com.zaxxer.hikari.pool.HikariPool [565] HikariPool - Added connection org.postgresql.jdbc.PgConnection@44dd0d38
2025-01-24 16:26:32,960 INFO [main] com.zaxxer.hikari.HikariDataSource [123] HikariPool - Start completed.
2025-01-24 16:26:33,038 INFO [main] org.hibernate.jpa.internal.util.LogHelper [31] HHH000204: Processing PersistenceUnitInfo [name: default]
2025-01-24 16:26:33,156 INFO [main] org.hibernate.Version [44] HHH000412: Hibernate ORM core version 6.2.22.Final
2025-01-24 16:26:33,160 INFO [main] org.hibernate.cfg.Environment [191] HHH000406: Using bytecode reflection optimizer
2025-01-24 16:26:33,616 INFO [main] org.springframework.orm.jpa.persistenceunit.SpringPersistenceUnitInfo [87] No LoadTimeWeaver setup: ignoring JPA class transformer
2025-01-24 16:26:33,721 WARN [main] org.hibernate.engine.jdbc.dialect.internal.DialectFactoryImpl [152] HHH90000025: PostgreSQLDialect does not need to be specified explicitly using 'hibernate.dialect' (remove the property setting and it will be selected by default)
2025-01-24 16:26:34,974 WARN [main] org.hibernate.mapping.RootClass [356] HHH000038: Composite-id class does not override equals(): com.appan.entity.PasswordHistoryId
2025-01-24 16:26:34,975 WARN [main] org.hibernate.mapping.RootClass [359] HHH000039: Composite-id class does not override hashCode(): com.appan.entity.PasswordHistoryId
2025-01-24 16:26:36,991 INFO [main] org.hibernate.engine.transaction.jta.platform.internal.JtaPlatformInitiator [55] HHH000489: No JTA platform available (set 'hibernate.transaction.jta.platform' to enable JTA platform integration)
2025-01-24 16:26:36,996 INFO [main] org.springframework.orm.jpa.AbstractEntityManagerFactoryBean [437] Initialized JPA EntityManagerFactory for persistence unit 'default'
2025-01-24 16:26:37,564 INFO [main] org.springframework.data.jpa.repository.query.QueryEnhancerFactory [48] Hibernate is in classpath; If applicable, HQL parser will be used.
2025-01-24 16:26:40,821 WARN [main] org.springframework.boot.autoconfigure.orm.jpa.JpaBaseConfiguration$JpaWebConfiguration [231] spring.jpa.open-in-view is enabled by default. Therefore, database queries may be performed during view rendering. Explicitly configure spring.jpa.open-in-view to disable this warning
2025-01-24 16:26:41,062 INFO [main] org.apache.juli.logging.DirectJDKLog [173] Starting ProtocolHandler ["http-nio-4143"]
2025-01-24 16:26:41,069 WARN [main] org.springframework.context.support.AbstractApplicationContext [623] Exception encountered during context initialization - cancelling refresh attempt: org.springframework.context.ApplicationContextException: Failed to start bean 'webServerStartStop'
2025-01-24 16:26:41,084 INFO [main] org.springframework.orm.jpa.AbstractEntityManagerFactoryBean [650] Closing JPA EntityManagerFactory for persistence unit 'default'
2025-01-24 16:26:41,087 INFO [main] com.zaxxer.hikari.HikariDataSource [350] HikariPool - Shutdown initiated...
2025-01-24 16:26:41,099 INFO [main] com.zaxxer.hikari.HikariDataSource [352] HikariPool - Shutdown completed.
2025-01-24 16:26:41,100 INFO [main] org.apache.juli.logging.DirectJDKLog [173] Pausing ProtocolHandler ["http-nio-4143"]
2025-01-24 16:26:41,102 INFO [main] org.apache.juli.logging.DirectJDKLog [173] Stopping service [Tomcat]
2025-01-24 16:26:41,108 INFO [main] org.apache.juli.logging.DirectJDKLog [173] Stopping ProtocolHandler ["http-nio-4143"]
2025-01-24 16:26:41,108 INFO [main] org.apache.juli.logging.DirectJDKLog [173] Destroying ProtocolHandler ["http-nio-4143"]
2025-01-24 16:26:41,113 INFO [main] org.springframework.boot.autoconfigure.logging.ConditionEvaluationReportLogger [82] 

Error starting ApplicationContext. To display the condition evaluation report re-run your application with 'debug' enabled.
2025-01-24 16:26:41,126 ERROR [main] org.springframework.boot.diagnostics.LoggingFailureAnalysisReporter [40] 

***************************
APPLICATION FAILED TO START
***************************

Description:

Web server failed to start. Port 4143 was already in use.

Action:

Identify and stop the process that's listening on port 4143 or configure this application to listen on another port.

2025-01-24 16:26:48,055 INFO [background-preinit] org.hibernate.validator.internal.util.Version [21] HV000001: Hibernate Validator 8.0.1.Final
2025-01-24 16:26:48,091 INFO [main] org.springframework.boot.StartupInfoLogger [51] Starting AppanMasterServiceApplication using Java 23.0.1 with PID 25548 (D:\ZIP_File\AppanMasterService\AppanMasterService\target\classes started by gadeg in D:\ZIP_File\AppanMasterService\AppanMasterService)
2025-01-24 16:26:48,092 INFO [main] org.springframework.boot.SpringApplication [638] No active profile set, falling back to 1 default profile: "default"
2025-01-24 16:26:48,863 INFO [main] org.springframework.data.repository.config.RepositoryConfigurationDelegate [138] Bootstrapping Spring Data JPA repositories in DEFAULT mode.
2025-01-24 16:26:49,052 INFO [main] org.springframework.data.repository.config.RepositoryConfigurationDelegate [207] Finished Spring Data repository scanning in 183 ms. Found 74 JPA repository interfaces.
2025-01-24 16:26:50,015 INFO [main] org.springframework.boot.web.embedded.tomcat.TomcatWebServer [108] Tomcat initialized with port(s): 4143 (http)
2025-01-24 16:26:50,023 INFO [main] org.apache.juli.logging.DirectJDKLog [173] Initializing ProtocolHandler ["http-nio-4143"]
2025-01-24 16:26:50,025 INFO [main] org.apache.juli.logging.DirectJDKLog [173] Starting service [Tomcat]
2025-01-24 16:26:50,025 INFO [main] org.apache.juli.logging.DirectJDKLog [173] Starting Servlet engine: [Apache Tomcat/10.1.19]
2025-01-24 16:26:50,127 INFO [main] org.apache.juli.logging.DirectJDKLog [173] Initializing Spring embedded WebApplicationContext
2025-01-24 16:26:50,129 INFO [main] org.springframework.boot.web.servlet.context.ServletWebServerApplicationContext [291] Root WebApplicationContext: initialization completed in 1990 ms
2025-01-24 16:26:50,293 INFO [main] com.zaxxer.hikari.HikariDataSource [110] HikariPool - Starting...
2025-01-24 16:26:50,704 INFO [main] com.zaxxer.hikari.pool.HikariPool [565] HikariPool - Added connection org.postgresql.jdbc.PgConnection@550c973e
2025-01-24 16:26:50,705 INFO [main] com.zaxxer.hikari.HikariDataSource [123] HikariPool - Start completed.
2025-01-24 16:26:50,742 INFO [main] org.hibernate.jpa.internal.util.LogHelper [31] HHH000204: Processing PersistenceUnitInfo [name: default]
2025-01-24 16:26:50,776 INFO [main] org.hibernate.Version [44] HHH000412: Hibernate ORM core version 6.2.22.Final
2025-01-24 16:26:50,778 INFO [main] org.hibernate.cfg.Environment [191] HHH000406: Using bytecode reflection optimizer
2025-01-24 16:26:50,992 INFO [main] org.springframework.orm.jpa.persistenceunit.SpringPersistenceUnitInfo [87] No LoadTimeWeaver setup: ignoring JPA class transformer
2025-01-24 16:26:51,031 WARN [main] org.hibernate.engine.jdbc.dialect.internal.DialectFactoryImpl [152] HHH90000025: PostgreSQLDialect does not need to be specified explicitly using 'hibernate.dialect' (remove the property setting and it will be selected by default)
2025-01-24 16:26:51,550 WARN [main] org.hibernate.mapping.RootClass [356] HHH000038: Composite-id class does not override equals(): com.appan.entity.PasswordHistoryId
2025-01-24 16:26:51,551 WARN [main] org.hibernate.mapping.RootClass [359] HHH000039: Composite-id class does not override hashCode(): com.appan.entity.PasswordHistoryId
2025-01-24 16:26:52,487 INFO [main] org.hibernate.engine.transaction.jta.platform.internal.JtaPlatformInitiator [55] HHH000489: No JTA platform available (set 'hibernate.transaction.jta.platform' to enable JTA platform integration)
2025-01-24 16:26:52,489 INFO [main] org.springframework.orm.jpa.AbstractEntityManagerFactoryBean [437] Initialized JPA EntityManagerFactory for persistence unit 'default'
2025-01-24 16:26:52,756 INFO [main] org.springframework.data.jpa.repository.query.QueryEnhancerFactory [48] Hibernate is in classpath; If applicable, HQL parser will be used.
2025-01-24 16:26:55,434 WARN [main] org.springframework.boot.autoconfigure.orm.jpa.JpaBaseConfiguration$JpaWebConfiguration [231] spring.jpa.open-in-view is enabled by default. Therefore, database queries may be performed during view rendering. Explicitly configure spring.jpa.open-in-view to disable this warning
2025-01-24 16:26:55,684 INFO [main] org.apache.juli.logging.DirectJDKLog [173] Starting ProtocolHandler ["http-nio-4143"]
2025-01-24 16:26:55,709 INFO [main] org.springframework.boot.web.embedded.tomcat.TomcatWebServer [220] Tomcat started on port(s): 4143 (http) with context path ''
2025-01-24 16:26:55,716 INFO [main] org.springframework.boot.StartupInfoLogger [57] Started AppanMasterServiceApplication in 7.867 seconds (process running for 8.236)
2025-01-24 16:27:00,542 INFO [http-nio-4143-exec-1] org.apache.juli.logging.DirectJDKLog [173] Initializing Spring DispatcherServlet 'dispatcherServlet'
2025-01-24 16:27:00,542 INFO [http-nio-4143-exec-1] org.springframework.web.servlet.FrameworkServlet [532] Initializing Servlet 'dispatcherServlet'
2025-01-24 16:27:00,544 INFO [http-nio-4143-exec-1] org.springframework.web.servlet.FrameworkServlet [554] Completed initialization in 2 ms
2025-01-24 16:27:00,840 INFO [http-nio-4143-exec-1] com.appan.LoggingFilter [65] Request URI: /master/UserManagement/settlementBank/updateStatus
2025-01-24 16:27:00,840 INFO [http-nio-4143-exec-1] com.appan.LoggingFilter [66] Request Method: POST
2025-01-24 16:27:00,840 INFO [http-nio-4143-exec-1] com.appan.LoggingFilter [67] Request Headers: content-type: application/json, user-agent: PostmanRuntime/7.43.0, accept: */*, postman-token: 9eff1e0a-0792-44a9-80c6-86ede7fd4550, host: localhost:4143, accept-encoding: gzip, deflate, br, connection: keep-alive, content-length: 143, 
2025-01-24 16:27:00,840 INFO [http-nio-4143-exec-1] com.appan.LoggingFilter [68] Request Parameters: 
2025-01-24 16:27:00,844 INFO [http-nio-4143-exec-1] com.appan.LoggingFilter [69] Request Body: {"username":"system","id":56.0,"status":"Pending","remark":"Bank auto added from EKYC verification. This verified"}
2025-01-24 16:27:00,845 INFO [http-nio-4143-exec-1] com.appan.LoggingFilter [72] Response Status: 200
2025-01-24 16:27:00,845 INFO [http-nio-4143-exec-1] com.appan.LoggingFilter [73] Response Headers: Vary: Origin, Vary: Origin, Vary: Origin, 
2025-01-24 16:27:00,845 INFO [http-nio-4143-exec-1] com.appan.LoggingFilter [74] Response Body: {"status":true,"message":"User data modified successfully.","respCode":"00","data":{}}
