2025-01-25 15:04:18,092 INFO [background-preinit] org.hibernate.validator.internal.util.Version [21] HV000001: Hibernate Validator 8.0.1.Final
2025-01-25 15:04:18,128 INFO [main] org.springframework.boot.StartupInfoLogger [51] Starting AppanMasterServiceApplication using Java 23.0.1 with PID 19988 (D:\ZIP_File\AppanMasterService\AppanMasterService\target\classes started by gadeg in D:\ZIP_File\AppanMasterService\AppanMasterService)
2025-01-25 15:04:18,129 INFO [main] org.springframework.boot.SpringApplication [638] No active profile set, falling back to 1 default profile: "default"
2025-01-25 15:04:18,942 INFO [main] org.springframework.data.repository.config.RepositoryConfigurationDelegate [138] Bootstrapping Spring Data JPA repositories in DEFAULT mode.
2025-01-25 15:04:19,138 INFO [main] org.springframework.data.repository.config.RepositoryConfigurationDelegate [207] Finished Spring Data repository scanning in 188 ms. Found 74 JPA repository interfaces.
2025-01-25 15:04:20,367 INFO [main] org.springframework.boot.web.embedded.tomcat.TomcatWebServer [108] Tomcat initialized with port(s): 4143 (http)
2025-01-25 15:04:20,382 INFO [main] org.apache.juli.logging.DirectJDKLog [173] Initializing ProtocolHandler ["http-nio-4143"]
2025-01-25 15:04:20,384 INFO [main] org.apache.juli.logging.DirectJDKLog [173] Starting service [Tomcat]
2025-01-25 15:04:20,385 INFO [main] org.apache.juli.logging.DirectJDKLog [173] Starting Servlet engine: [Apache Tomcat/10.1.19]
2025-01-25 15:04:20,484 INFO [main] org.apache.juli.logging.DirectJDKLog [173] Initializing Spring embedded WebApplicationContext
2025-01-25 15:04:20,485 INFO [main] org.springframework.boot.web.servlet.context.ServletWebServerApplicationContext [291] Root WebApplicationContext: initialization completed in 2305 ms
2025-01-25 15:04:20,644 INFO [main] com.zaxxer.hikari.HikariDataSource [110] HikariPool - Starting...
2025-01-25 15:04:21,046 INFO [main] com.zaxxer.hikari.pool.HikariPool [565] HikariPool - Added connection org.postgresql.jdbc.PgConnection@44dd0d38
2025-01-25 15:04:21,046 INFO [main] com.zaxxer.hikari.HikariDataSource [123] HikariPool - Start completed.
2025-01-25 15:04:21,084 INFO [main] org.hibernate.jpa.internal.util.LogHelper [31] HHH000204: Processing PersistenceUnitInfo [name: default]
2025-01-25 15:04:21,117 INFO [main] org.hibernate.Version [44] HHH000412: Hibernate ORM core version 6.2.22.Final
2025-01-25 15:04:21,119 INFO [main] org.hibernate.cfg.Environment [191] HHH000406: Using bytecode reflection optimizer
2025-01-25 15:04:21,359 INFO [main] org.springframework.orm.jpa.persistenceunit.SpringPersistenceUnitInfo [87] No LoadTimeWeaver setup: ignoring JPA class transformer
2025-01-25 15:04:21,397 WARN [main] org.hibernate.engine.jdbc.dialect.internal.DialectFactoryImpl [152] HHH90000025: PostgreSQLDialect does not need to be specified explicitly using 'hibernate.dialect' (remove the property setting and it will be selected by default)
2025-01-25 15:04:21,944 WARN [main] org.hibernate.mapping.RootClass [356] HHH000038: Composite-id class does not override equals(): com.appan.entity.PasswordHistoryId
2025-01-25 15:04:21,945 WARN [main] org.hibernate.mapping.RootClass [359] HHH000039: Composite-id class does not override hashCode(): com.appan.entity.PasswordHistoryId
2025-01-25 15:04:22,887 INFO [main] org.hibernate.engine.transaction.jta.platform.internal.JtaPlatformInitiator [55] HHH000489: No JTA platform available (set 'hibernate.transaction.jta.platform' to enable JTA platform integration)
2025-01-25 15:04:22,889 INFO [main] org.springframework.orm.jpa.AbstractEntityManagerFactoryBean [437] Initialized JPA EntityManagerFactory for persistence unit 'default'
2025-01-25 15:04:23,116 INFO [main] org.springframework.data.jpa.repository.query.QueryEnhancerFactory [48] Hibernate is in classpath; If applicable, HQL parser will be used.
2025-01-25 15:04:25,716 WARN [main] org.springframework.boot.autoconfigure.orm.jpa.JpaBaseConfiguration$JpaWebConfiguration [231] spring.jpa.open-in-view is enabled by default. Therefore, database queries may be performed during view rendering. Explicitly configure spring.jpa.open-in-view to disable this warning
2025-01-25 15:04:26,007 INFO [main] org.apache.juli.logging.DirectJDKLog [173] Starting ProtocolHandler ["http-nio-4143"]
2025-01-25 15:04:26,026 INFO [main] org.springframework.boot.web.embedded.tomcat.TomcatWebServer [220] Tomcat started on port(s): 4143 (http) with context path ''
2025-01-25 15:04:26,033 INFO [main] org.springframework.boot.StartupInfoLogger [57] Started AppanMasterServiceApplication in 8.17 seconds (process running for 8.614)
2025-01-25 15:04:28,088 INFO [http-nio-4143-exec-3] org.apache.juli.logging.DirectJDKLog [173] Initializing Spring DispatcherServlet 'dispatcherServlet'
2025-01-25 15:04:28,088 INFO [http-nio-4143-exec-3] org.springframework.web.servlet.FrameworkServlet [532] Initializing Servlet 'dispatcherServlet'
2025-01-25 15:04:28,090 INFO [http-nio-4143-exec-3] org.springframework.web.servlet.FrameworkServlet [554] Completed initialization in 1 ms
2025-01-25 15:04:28,356 INFO [http-nio-4143-exec-3] com.appan.LoggingFilter [65] Request URI: /master/UserManagement/kycSummary
2025-01-25 15:04:28,356 INFO [http-nio-4143-exec-3] com.appan.LoggingFilter [66] Request Method: POST
2025-01-25 15:04:28,356 INFO [http-nio-4143-exec-3] com.appan.LoggingFilter [67] Request Headers: content-type: application/json, user-agent: PostmanRuntime/7.43.0, accept: */*, postman-token: 4bee1531-3d75-42db-98cc-5c1a01b0bdb5, host: localhost:4143, accept-encoding: gzip, deflate, br, connection: keep-alive, content-length: 90, 
2025-01-25 15:04:28,356 INFO [http-nio-4143-exec-3] com.appan.LoggingFilter [68] Request Parameters: 
2025-01-25 15:04:28,365 INFO [http-nio-4143-exec-3] com.appan.LoggingFilter [69] Request Body: {"username":"system","fromDate":"11-01-2025","toDate":"16-01-2025"}
2025-01-25 15:04:28,365 INFO [http-nio-4143-exec-3] com.appan.LoggingFilter [72] Response Status: 200
2025-01-25 15:04:28,366 INFO [http-nio-4143-exec-3] com.appan.LoggingFilter [73] Response Headers: Vary: Origin, Vary: Origin, Vary: Origin, 
2025-01-25 15:04:28,366 INFO [http-nio-4143-exec-3] com.appan.LoggingFilter [74] Response Body: {"status":true,"message":"Record found successfully","respCode":"00","data":[{"kycStatus":"Accepted","totalCount":0.0},{"kycStatus":"Approved","totalCount":0.0},{"kycStatus":"Registered","totalCount":0.0},{"kycStatus":"Rejected","totalCount":0.0},{"kycStatus":"Submitted","totalCount":0.0}],"totalCount":0.0}
2025-01-25 15:16:45,492 INFO [background-preinit] org.hibernate.validator.internal.util.Version [21] HV000001: Hibernate Validator 8.0.1.Final
2025-01-25 15:16:45,527 INFO [main] org.springframework.boot.StartupInfoLogger [51] Starting AppanMasterServiceApplication using Java 23.0.1 with PID 5288 (D:\ZIP_File\AppanMasterService\AppanMasterService\target\classes started by gadeg in D:\ZIP_File\AppanMasterService\AppanMasterService)
2025-01-25 15:16:45,528 INFO [main] org.springframework.boot.SpringApplication [638] No active profile set, falling back to 1 default profile: "default"
2025-01-25 15:16:46,317 INFO [main] org.springframework.data.repository.config.RepositoryConfigurationDelegate [138] Bootstrapping Spring Data JPA repositories in DEFAULT mode.
2025-01-25 15:16:46,499 INFO [main] org.springframework.data.repository.config.RepositoryConfigurationDelegate [207] Finished Spring Data repository scanning in 176 ms. Found 74 JPA repository interfaces.
2025-01-25 15:16:47,680 INFO [main] org.springframework.boot.web.embedded.tomcat.TomcatWebServer [108] Tomcat initialized with port(s): 4143 (http)
2025-01-25 15:16:47,689 INFO [main] org.apache.juli.logging.DirectJDKLog [173] Initializing ProtocolHandler ["http-nio-4143"]
2025-01-25 15:16:47,692 INFO [main] org.apache.juli.logging.DirectJDKLog [173] Starting service [Tomcat]
2025-01-25 15:16:47,692 INFO [main] org.apache.juli.logging.DirectJDKLog [173] Starting Servlet engine: [Apache Tomcat/10.1.19]
2025-01-25 15:16:47,805 INFO [main] org.apache.juli.logging.DirectJDKLog [173] Initializing Spring embedded WebApplicationContext
2025-01-25 15:16:47,806 INFO [main] org.springframework.boot.web.servlet.context.ServletWebServerApplicationContext [291] Root WebApplicationContext: initialization completed in 2226 ms
2025-01-25 15:16:48,005 INFO [main] com.zaxxer.hikari.HikariDataSource [110] HikariPool - Starting...
2025-01-25 15:16:48,976 INFO [main] com.zaxxer.hikari.pool.HikariPool [565] HikariPool - Added connection org.postgresql.jdbc.PgConnection@44dd0d38
2025-01-25 15:16:48,978 INFO [main] com.zaxxer.hikari.HikariDataSource [123] HikariPool - Start completed.
2025-01-25 15:16:49,010 INFO [main] org.hibernate.jpa.internal.util.LogHelper [31] HHH000204: Processing PersistenceUnitInfo [name: default]
2025-01-25 15:16:49,041 INFO [main] org.hibernate.Version [44] HHH000412: Hibernate ORM core version 6.2.22.Final
2025-01-25 15:16:49,042 INFO [main] org.hibernate.cfg.Environment [191] HHH000406: Using bytecode reflection optimizer
2025-01-25 15:16:49,221 INFO [main] org.springframework.orm.jpa.persistenceunit.SpringPersistenceUnitInfo [87] No LoadTimeWeaver setup: ignoring JPA class transformer
2025-01-25 15:16:49,256 WARN [main] org.hibernate.engine.jdbc.dialect.internal.DialectFactoryImpl [152] HHH90000025: PostgreSQLDialect does not need to be specified explicitly using 'hibernate.dialect' (remove the property setting and it will be selected by default)
2025-01-25 15:16:49,754 WARN [main] org.hibernate.mapping.RootClass [356] HHH000038: Composite-id class does not override equals(): com.appan.entity.PasswordHistoryId
2025-01-25 15:16:49,755 WARN [main] org.hibernate.mapping.RootClass [359] HHH000039: Composite-id class does not override hashCode(): com.appan.entity.PasswordHistoryId
2025-01-25 15:16:50,761 INFO [main] org.hibernate.engine.transaction.jta.platform.internal.JtaPlatformInitiator [55] HHH000489: No JTA platform available (set 'hibernate.transaction.jta.platform' to enable JTA platform integration)
2025-01-25 15:16:50,764 INFO [main] org.springframework.orm.jpa.AbstractEntityManagerFactoryBean [437] Initialized JPA EntityManagerFactory for persistence unit 'default'
2025-01-25 15:16:51,001 INFO [main] org.springframework.data.jpa.repository.query.QueryEnhancerFactory [48] Hibernate is in classpath; If applicable, HQL parser will be used.
2025-01-25 15:16:53,612 WARN [main] org.springframework.boot.autoconfigure.orm.jpa.JpaBaseConfiguration$JpaWebConfiguration [231] spring.jpa.open-in-view is enabled by default. Therefore, database queries may be performed during view rendering. Explicitly configure spring.jpa.open-in-view to disable this warning
2025-01-25 15:16:53,947 INFO [main] org.apache.juli.logging.DirectJDKLog [173] Starting ProtocolHandler ["http-nio-4143"]
2025-01-25 15:16:53,968 INFO [main] org.springframework.boot.web.embedded.tomcat.TomcatWebServer [220] Tomcat started on port(s): 4143 (http) with context path ''
2025-01-25 15:16:53,976 INFO [main] org.springframework.boot.StartupInfoLogger [57] Started AppanMasterServiceApplication in 8.687 seconds (process running for 9.071)
2025-01-25 15:19:55,404 INFO [http-nio-4143-exec-3] org.apache.juli.logging.DirectJDKLog [173] Initializing Spring DispatcherServlet 'dispatcherServlet'
2025-01-25 15:19:55,405 INFO [http-nio-4143-exec-3] org.springframework.web.servlet.FrameworkServlet [532] Initializing Servlet 'dispatcherServlet'
2025-01-25 15:19:55,407 INFO [http-nio-4143-exec-3] org.springframework.web.servlet.FrameworkServlet [554] Completed initialization in 2 ms
2025-01-25 15:19:55,481 WARN [http-nio-4143-exec-3] org.springframework.web.servlet.handler.AbstractHandlerExceptionResolver [207] Resolved [org.springframework.http.converter.HttpMessageNotReadableException: JSON parse error: Cannot deserialize value of type `java.lang.Integer` from String "yes": not a valid `java.lang.Integer` value]
2025-01-25 15:19:55,483 INFO [http-nio-4143-exec-3] com.appan.LoggingFilter [65] Request URI: /master/documentattribute/create
2025-01-25 15:19:55,483 INFO [http-nio-4143-exec-3] com.appan.LoggingFilter [66] Request Method: POST
2025-01-25 15:19:55,484 INFO [http-nio-4143-exec-3] com.appan.LoggingFilter [67] Request Headers: content-type: application/json, user-agent: PostmanRuntime/7.43.0, accept: */*, postman-token: dbe962f9-4714-4150-ac5e-8d0273ee9180, host: localhost:4143, accept-encoding: gzip, deflate, br, connection: keep-alive, content-length: 483, 
2025-01-25 15:19:55,484 INFO [http-nio-4143-exec-3] com.appan.LoggingFilter [68] Request Parameters: 
2025-01-25 15:19:55,490 INFO [http-nio-4143-exec-3] com.appan.LoggingFilter [69] Request Body: {"username":"SHUBHAM","attributeName":"shubham","documentName":"Passporttest","fieldType":"CheckBox","isEkyc":false,"label":"aadhar","maxSize":"30","maxWidth":"66","priority":"yes","minWidth":"3","webRegex":"yterd","mobileRegex":"kdhdo","isCameraAllowed":true,"isUploadAllowed":true,"supportedFileType":"Drop Down","validationMessage":"no","status":"Deactive"}
2025-01-25 15:19:55,490 INFO [http-nio-4143-exec-3] com.appan.LoggingFilter [72] Response Status: 400
2025-01-25 15:19:55,491 INFO [http-nio-4143-exec-3] com.appan.LoggingFilter [73] Response Headers: Vary: Origin, Vary: Origin, Vary: Origin, 
2025-01-25 15:19:55,491 INFO [http-nio-4143-exec-3] com.appan.LoggingFilter [74] Response Body: null
2025-01-25 15:24:21,163 INFO [http-nio-4143-exec-1] com.appan.kycmaster.services.DocumentAttributeService [32] Starting creation of Document Attribute
2025-01-25 15:24:21,263 INFO [http-nio-4143-exec-1] com.appan.LoggingFilter [65] Request URI: /master/documentattribute/create
2025-01-25 15:24:21,263 INFO [http-nio-4143-exec-1] com.appan.LoggingFilter [66] Request Method: POST
2025-01-25 15:24:21,263 INFO [http-nio-4143-exec-1] com.appan.LoggingFilter [67] Request Headers: content-type: application/json, user-agent: PostmanRuntime/7.43.0, accept: */*, postman-token: 4761ecee-a95d-4b87-a9d4-f8b0efefe0d8, host: localhost:4143, accept-encoding: gzip, deflate, br, connection: keep-alive, content-length: 523, 
2025-01-25 15:24:21,263 INFO [http-nio-4143-exec-1] com.appan.LoggingFilter [68] Request Parameters: 
2025-01-25 15:24:21,264 INFO [http-nio-4143-exec-1] com.appan.LoggingFilter [69] Request Body: {"username":"Geeta02","attributeName":"Document ID","documentName":"Passport","fieldType":"Text","isEkyc":true,"ekycCode":"EKYC123","label":"Enter Document ID","maxSize":255.0,"maxWidth":500.0,"priority":1.0,"minWidth":200.0,"webRegex":"^[A-Z0-9]+$","mobileRegex":"^[A-Z0-9]+$","isCameraAllowed":true,"isUploadAllowed":true,"status":"Active","supportedFileType":"jpg,png,pdf","validationMessage":"no"}
2025-01-25 15:24:21,264 INFO [http-nio-4143-exec-1] com.appan.LoggingFilter [72] Response Status: 200
2025-01-25 15:24:21,264 INFO [http-nio-4143-exec-1] com.appan.LoggingFilter [73] Response Headers: Vary: Origin, Vary: Origin, Vary: Origin, 
2025-01-25 15:24:21,264 INFO [http-nio-4143-exec-1] com.appan.LoggingFilter [74] Response Body: {"status":false,"message":"Invalid username.","respCode":"01","data":{}}
2025-01-25 16:05:02,608 INFO [background-preinit] org.hibernate.validator.internal.util.Version [21] HV000001: Hibernate Validator 8.0.1.Final
2025-01-25 16:05:02,639 INFO [main] org.springframework.boot.StartupInfoLogger [51] Starting AppanMasterServiceApplication using Java 23.0.1 with PID 3996 (D:\ZIP_File\AppanMasterService\AppanMasterService\target\classes started by gadeg in D:\ZIP_File\AppanMasterService\AppanMasterService)
2025-01-25 16:05:02,640 INFO [main] org.springframework.boot.SpringApplication [638] No active profile set, falling back to 1 default profile: "default"
2025-01-25 16:05:03,495 INFO [main] org.springframework.data.repository.config.RepositoryConfigurationDelegate [138] Bootstrapping Spring Data JPA repositories in DEFAULT mode.
2025-01-25 16:05:03,659 INFO [main] org.springframework.data.repository.config.RepositoryConfigurationDelegate [207] Finished Spring Data repository scanning in 159 ms. Found 74 JPA repository interfaces.
2025-01-25 16:05:04,797 INFO [main] org.springframework.boot.web.embedded.tomcat.TomcatWebServer [108] Tomcat initialized with port(s): 4143 (http)
2025-01-25 16:05:04,805 INFO [main] org.apache.juli.logging.DirectJDKLog [173] Initializing ProtocolHandler ["http-nio-4143"]
2025-01-25 16:05:04,807 INFO [main] org.apache.juli.logging.DirectJDKLog [173] Starting service [Tomcat]
2025-01-25 16:05:04,808 INFO [main] org.apache.juli.logging.DirectJDKLog [173] Starting Servlet engine: [Apache Tomcat/10.1.19]
2025-01-25 16:05:04,931 INFO [main] org.apache.juli.logging.DirectJDKLog [173] Initializing Spring embedded WebApplicationContext
2025-01-25 16:05:04,931 INFO [main] org.springframework.boot.web.servlet.context.ServletWebServerApplicationContext [291] Root WebApplicationContext: initialization completed in 2243 ms
2025-01-25 16:05:05,101 INFO [main] com.zaxxer.hikari.HikariDataSource [110] HikariPool - Starting...
2025-01-25 16:05:05,560 INFO [main] com.zaxxer.hikari.pool.HikariPool [565] HikariPool - Added connection org.postgresql.jdbc.PgConnection@550c973e
2025-01-25 16:05:05,561 INFO [main] com.zaxxer.hikari.HikariDataSource [123] HikariPool - Start completed.
2025-01-25 16:05:05,595 INFO [main] org.hibernate.jpa.internal.util.LogHelper [31] HHH000204: Processing PersistenceUnitInfo [name: default]
2025-01-25 16:05:05,624 INFO [main] org.hibernate.Version [44] HHH000412: Hibernate ORM core version 6.2.22.Final
2025-01-25 16:05:05,626 INFO [main] org.hibernate.cfg.Environment [191] HHH000406: Using bytecode reflection optimizer
2025-01-25 16:05:05,821 INFO [main] org.springframework.orm.jpa.persistenceunit.SpringPersistenceUnitInfo [87] No LoadTimeWeaver setup: ignoring JPA class transformer
2025-01-25 16:05:05,857 WARN [main] org.hibernate.engine.jdbc.dialect.internal.DialectFactoryImpl [152] HHH90000025: PostgreSQLDialect does not need to be specified explicitly using 'hibernate.dialect' (remove the property setting and it will be selected by default)
2025-01-25 16:05:06,373 WARN [main] org.hibernate.mapping.RootClass [356] HHH000038: Composite-id class does not override equals(): com.appan.entity.PasswordHistoryId
2025-01-25 16:05:06,374 WARN [main] org.hibernate.mapping.RootClass [359] HHH000039: Composite-id class does not override hashCode(): com.appan.entity.PasswordHistoryId
2025-01-25 16:05:07,349 INFO [main] org.hibernate.engine.transaction.jta.platform.internal.JtaPlatformInitiator [55] HHH000489: No JTA platform available (set 'hibernate.transaction.jta.platform' to enable JTA platform integration)
2025-01-25 16:05:07,351 INFO [main] org.springframework.orm.jpa.AbstractEntityManagerFactoryBean [437] Initialized JPA EntityManagerFactory for persistence unit 'default'
2025-01-25 16:05:07,590 INFO [main] org.springframework.data.jpa.repository.query.QueryEnhancerFactory [48] Hibernate is in classpath; If applicable, HQL parser will be used.
2025-01-25 16:05:10,261 WARN [main] org.springframework.boot.autoconfigure.orm.jpa.JpaBaseConfiguration$JpaWebConfiguration [231] spring.jpa.open-in-view is enabled by default. Therefore, database queries may be performed during view rendering. Explicitly configure spring.jpa.open-in-view to disable this warning
2025-01-25 16:05:10,509 INFO [main] org.apache.juli.logging.DirectJDKLog [173] Starting ProtocolHandler ["http-nio-4143"]
2025-01-25 16:05:10,533 INFO [main] org.springframework.boot.web.embedded.tomcat.TomcatWebServer [220] Tomcat started on port(s): 4143 (http) with context path ''
2025-01-25 16:05:10,544 INFO [main] org.springframework.boot.StartupInfoLogger [57] Started AppanMasterServiceApplication in 8.134 seconds (process running for 8.513)
2025-01-25 16:05:16,507 INFO [http-nio-4143-exec-1] org.apache.juli.logging.DirectJDKLog [173] Initializing Spring DispatcherServlet 'dispatcherServlet'
2025-01-25 16:05:16,507 INFO [http-nio-4143-exec-1] org.springframework.web.servlet.FrameworkServlet [532] Initializing Servlet 'dispatcherServlet'
2025-01-25 16:05:16,509 INFO [http-nio-4143-exec-1] org.springframework.web.servlet.FrameworkServlet [554] Completed initialization in 2 ms
2025-01-25 16:05:17,064 INFO [http-nio-4143-exec-1] com.appan.LoggingFilter [65] Request URI: /master/registration/fields/create
2025-01-25 16:05:17,064 INFO [http-nio-4143-exec-1] com.appan.LoggingFilter [66] Request Method: POST
2025-01-25 16:05:17,064 INFO [http-nio-4143-exec-1] com.appan.LoggingFilter [67] Request Headers: content-type: application/json, user-agent: PostmanRuntime/7.43.0, accept: */*, postman-token: 4ea909af-3714-4ed5-925b-bc39ff871af7, host: localhost:4143, accept-encoding: gzip, deflate, br, connection: keep-alive, content-length: 606, 
2025-01-25 16:05:17,065 INFO [http-nio-4143-exec-1] com.appan.LoggingFilter [68] Request Parameters: 
2025-01-25 16:05:17,069 INFO [http-nio-4143-exec-1] com.appan.LoggingFilter [69] Request Body: {"username":"system","fieldsName":"Sample Field","fieldsType":"Sample Type","stepsName":"Step 1","label":"Field Label","userType":"USER","entityType":"ENTITY","rank":1.0,"webRegex":"[A-Za-z]+","mobileRegex":"\\d{10}","isMandatory":true,"isSignup":false,"isGroup":false,"hasCaps":false,"isVerified":true,"isDocumentGroup":false,"validationMessage":"Invalid input","groupType":"GROUP","documentGroup":"DOC","minLength":3.0,"maxLength":50.0,"status":"ACTIVE"}
2025-01-25 16:05:17,069 INFO [http-nio-4143-exec-1] com.appan.LoggingFilter [72] Response Status: 200
2025-01-25 16:05:17,069 INFO [http-nio-4143-exec-1] com.appan.LoggingFilter [73] Response Headers: Vary: Origin, Vary: Origin, Vary: Origin, 
2025-01-25 16:05:17,069 INFO [http-nio-4143-exec-1] com.appan.LoggingFilter [74] Response Body: {"status":true,"message":"Registation Fields created successfully.","respCode":"00","data":{}}
2025-01-25 17:28:48,272 INFO [background-preinit] org.hibernate.validator.internal.util.Version [21] HV000001: Hibernate Validator 8.0.1.Final
2025-01-25 17:28:48,305 INFO [main] org.springframework.boot.StartupInfoLogger [51] Starting AppanMasterServiceApplication using Java 23.0.1 with PID 23700 (D:\ZIP_File\AppanMasterService\AppanMasterService\target\classes started by gadeg in D:\ZIP_File\AppanMasterService\AppanMasterService)
2025-01-25 17:28:48,305 INFO [main] org.springframework.boot.SpringApplication [638] No active profile set, falling back to 1 default profile: "default"
2025-01-25 17:28:49,086 INFO [main] org.springframework.data.repository.config.RepositoryConfigurationDelegate [138] Bootstrapping Spring Data JPA repositories in DEFAULT mode.
2025-01-25 17:28:49,269 INFO [main] org.springframework.data.repository.config.RepositoryConfigurationDelegate [207] Finished Spring Data repository scanning in 177 ms. Found 74 JPA repository interfaces.
2025-01-25 17:28:50,339 INFO [main] org.springframework.boot.web.embedded.tomcat.TomcatWebServer [108] Tomcat initialized with port(s): 4143 (http)
2025-01-25 17:28:50,346 INFO [main] org.apache.juli.logging.DirectJDKLog [173] Initializing ProtocolHandler ["http-nio-4143"]
2025-01-25 17:28:50,348 INFO [main] org.apache.juli.logging.DirectJDKLog [173] Starting service [Tomcat]
2025-01-25 17:28:50,350 INFO [main] org.apache.juli.logging.DirectJDKLog [173] Starting Servlet engine: [Apache Tomcat/10.1.19]
2025-01-25 17:28:50,466 INFO [main] org.apache.juli.logging.DirectJDKLog [173] Initializing Spring embedded WebApplicationContext
2025-01-25 17:28:50,467 INFO [main] org.springframework.boot.web.servlet.context.ServletWebServerApplicationContext [291] Root WebApplicationContext: initialization completed in 2113 ms
2025-01-25 17:28:50,630 INFO [main] com.zaxxer.hikari.HikariDataSource [110] HikariPool - Starting...
2025-01-25 17:28:51,043 INFO [main] com.zaxxer.hikari.pool.HikariPool [565] HikariPool - Added connection org.postgresql.jdbc.PgConnection@44641d6c
2025-01-25 17:28:51,045 INFO [main] com.zaxxer.hikari.HikariDataSource [123] HikariPool - Start completed.
2025-01-25 17:28:51,073 INFO [main] org.hibernate.jpa.internal.util.LogHelper [31] HHH000204: Processing PersistenceUnitInfo [name: default]
2025-01-25 17:28:51,105 INFO [main] org.hibernate.Version [44] HHH000412: Hibernate ORM core version 6.2.22.Final
2025-01-25 17:28:51,107 INFO [main] org.hibernate.cfg.Environment [191] HHH000406: Using bytecode reflection optimizer
2025-01-25 17:28:51,312 INFO [main] org.springframework.orm.jpa.persistenceunit.SpringPersistenceUnitInfo [87] No LoadTimeWeaver setup: ignoring JPA class transformer
2025-01-25 17:28:51,360 WARN [main] org.hibernate.engine.jdbc.dialect.internal.DialectFactoryImpl [152] HHH90000025: PostgreSQLDialect does not need to be specified explicitly using 'hibernate.dialect' (remove the property setting and it will be selected by default)
2025-01-25 17:28:51,908 WARN [main] org.hibernate.mapping.RootClass [356] HHH000038: Composite-id class does not override equals(): com.appan.entity.PasswordHistoryId
2025-01-25 17:28:51,910 WARN [main] org.hibernate.mapping.RootClass [359] HHH000039: Composite-id class does not override hashCode(): com.appan.entity.PasswordHistoryId
2025-01-25 17:28:52,933 INFO [main] org.hibernate.engine.transaction.jta.platform.internal.JtaPlatformInitiator [55] HHH000489: No JTA platform available (set 'hibernate.transaction.jta.platform' to enable JTA platform integration)
2025-01-25 17:28:52,936 INFO [main] org.springframework.orm.jpa.AbstractEntityManagerFactoryBean [437] Initialized JPA EntityManagerFactory for persistence unit 'default'
2025-01-25 17:28:53,209 INFO [main] org.springframework.data.jpa.repository.query.QueryEnhancerFactory [48] Hibernate is in classpath; If applicable, HQL parser will be used.
2025-01-25 17:28:55,869 WARN [main] org.springframework.boot.autoconfigure.orm.jpa.JpaBaseConfiguration$JpaWebConfiguration [231] spring.jpa.open-in-view is enabled by default. Therefore, database queries may be performed during view rendering. Explicitly configure spring.jpa.open-in-view to disable this warning
2025-01-25 17:28:56,162 INFO [main] org.apache.juli.logging.DirectJDKLog [173] Starting ProtocolHandler ["http-nio-4143"]
2025-01-25 17:28:56,180 INFO [main] org.springframework.boot.web.embedded.tomcat.TomcatWebServer [220] Tomcat started on port(s): 4143 (http) with context path ''
2025-01-25 17:28:56,186 INFO [main] org.springframework.boot.StartupInfoLogger [57] Started AppanMasterServiceApplication in 8.123 seconds (process running for 8.504)
